2 generated the key b'S7gVpNWlOJodGWR0AuOuih2a9FcMoNK3Gy0Umcu_mkE='
Sleeping for 1.0s
INFO: The task execution pool is empty!
INFO: Created the Task Execution Pool Poller thread!
Task received at worker: [{"worker_id": 2, "job_id": "0", "task family": "map", "task": {"task_id": "0_M0", "duration": 4}}]
{'worker_id': 2, 'job_id': '0', 'task family': 'map', 'task': {'task_id': '0_M0', 'duration': 4, 'start_time': 1607006034.835921, 'end_time': 0}}
{'0': {'0_M0': {'worker_id': 2, 'job_id': '0', 'task family': 'map', 'task': {'task_id': '0_M0', 'duration': 4, 'start_time': 1607006034.835921, 'end_time': 0}}}}
<class 'int'>
4
Task received at worker: [{"worker_id": 2, "job_id": "0", "task family": "map", "task": {"task_id": "0_M1", "duration": 4}}]
{'worker_id': 2, 'job_id': '0', 'task family': 'map', 'task': {'task_id': '0_M1', 'duration': 4, 'start_time': 1607006035.074285, 'end_time': 0}}
{'0': {'0_M0': {'worker_id': 2, 'job_id': '0', 'task family': 'map', 'task': {'task_id': '0_M0', 'duration': 3, 'start_time': 1607006034.835921, 'end_time': 0}}, '0_M1': {'worker_id': 2, 'job_id': '0', 'task family': 'map', 'task': {'task_id': '0_M1', 'duration': 4, 'start_time': 1607006035.074285, 'end_time': 0}}}}
<class 'int'>
3
<class 'int'>
4
<class 'int'>
2
<class 'int'>
3
<class 'int'>
1
<class 'int'>
2
Task sent: {"worker_id": 2, "job_id": "0", "task family": "map", "task": {"task_id": "0_M0", "start_time": 1607006034.835921, "end_time": 1607006038.3269083}}!
<class 'int'>
1
INFO: The task execution pool is empty!
Task sent: {"worker_id": 2, "job_id": "0", "task family": "map", "task": {"task_id": "0_M1", "start_time": 1607006035.074285, "end_time": 1607006039.4700053}}!
Task received at worker: [{"worker_id": 2, "job_id": "0", "task family": "reduce", "task": {"task_id": "0_R0", "duration": 1}}]
{'worker_id': 2, 'job_id': '0', 'task family': 'reduce', 'task': {'task_id': '0_R0', 'duration': 1, 'start_time': 1607006039.7552366, 'end_time': 0}}
{'0': {'0_R0': {'worker_id': 2, 'job_id': '0', 'task family': 'reduce', 'task': {'task_id': '0_R0', 'duration': 1, 'start_time': 1607006039.7552366, 'end_time': 0}}}}
<class 'int'>
1
INFO: The task execution pool is empty!
Task sent: {"worker_id": 2, "job_id": "0", "task family": "reduce", "task": {"task_id": "0_R0", "start_time": 1607006039.7552366, "end_time": 1607006040.5043547}}!
Task received at worker: [{"worker_id": 2, "job_id": "1", "task family": "map", "task": {"task_id": "1_M0", "duration": 1}}]
{'worker_id': 2, 'job_id': '1', 'task family': 'map', 'task': {'task_id': '1_M0', 'duration': 1, 'start_time': 1607006040.8075461, 'end_time': 0}}
{'1': {'1_M0': {'worker_id': 2, 'job_id': '1', 'task family': 'map', 'task': {'task_id': '1_M0', 'duration': 1, 'start_time': 1607006040.8075461, 'end_time': 0}}}}
<class 'int'>
1
INFO: The task execution pool is empty!
Task sent: {"worker_id": 2, "job_id": "1", "task family": "map", "task": {"task_id": "1_M0", "start_time": 1607006040.8075461, "end_time": 1607006041.537594}}!
Task received at worker: [{"worker_id": 2, "job_id": "1", "task family": "reduce", "task": {"task_id": "1_R0", "duration": 2}}]
{'worker_id': 2, 'job_id': '1', 'task family': 'reduce', 'task': {'task_id': '1_R0', 'duration': 2, 'start_time': 1607006041.855742, 'end_time': 0}}
{'1': {'1_R0': {'worker_id': 2, 'job_id': '1', 'task family': 'reduce', 'task': {'task_id': '1_R0', 'duration': 2, 'start_time': 1607006041.855742, 'end_time': 0}}}}
Task received at worker: [{"worker_id": 2, "job_id": "1", "task family": "reduce", "task": {"task_id": "1_R1", "duration": 4}}]
{'worker_id': 2, 'job_id': '1', 'task family': 'reduce', 'task': {'task_id': '1_R1', 'duration': 4, 'start_time': 1607006042.2367215, 'end_time': 0}}
{'1': {'1_R0': {'worker_id': 2, 'job_id': '1', 'task family': 'reduce', 'task': {'task_id': '1_R0', 'duration': 2, 'start_time': 1607006041.855742, 'end_time': 0}}, '1_R1': {'worker_id': 2, 'job_id': '1', 'task family': 'reduce', 'task': {'task_id': '1_R1', 'duration': 4, 'start_time': 1607006042.2367215, 'end_time': 0}}}}
<class 'int'>
2
<class 'int'>
4
<class 'int'>
1
<class 'int'>
3
Task sent: {"worker_id": 2, "job_id": "1", "task family": "reduce", "task": {"task_id": "1_R0", "start_time": 1607006041.855742, "end_time": 1607006043.7318835}}!
<class 'int'>
2
<class 'int'>
1
INFO: The task execution pool is empty!
Task sent: {"worker_id": 2, "job_id": "1", "task family": "reduce", "task": {"task_id": "1_R1", "start_time": 1607006042.2367215, "end_time": 1607006045.9303155}}!
Task received at worker: [{"worker_id": 2, "job_id": "2", "task family": "map", "task": {"task_id": "2_M0", "duration": 2}}]
{'worker_id': 2, 'job_id': '2', 'task family': 'map', 'task': {'task_id': '2_M0', 'duration': 2, 'start_time': 1607006046.3432472, 'end_time': 0}}
{'2': {'2_M0': {'worker_id': 2, 'job_id': '2', 'task family': 'map', 'task': {'task_id': '2_M0', 'duration': 2, 'start_time': 1607006046.3432472, 'end_time': 0}}}}
Task received at worker: [{"worker_id": 2, "job_id": "2", "task family": "map", "task": {"task_id": "2_M1", "duration": 3}}]
{'worker_id': 2, 'job_id': '2', 'task family': 'map', 'task': {'task_id': '2_M1', 'duration': 3, 'start_time': 1607006046.5027845, 'end_time': 0}}
{'2': {'2_M0': {'worker_id': 2, 'job_id': '2', 'task family': 'map', 'task': {'task_id': '2_M0', 'duration': 2, 'start_time': 1607006046.3432472, 'end_time': 0}}, '2_M1': {'worker_id': 2, 'job_id': '2', 'task family': 'map', 'task': {'task_id': '2_M1', 'duration': 3, 'start_time': 1607006046.5027845, 'end_time': 0}}}}
<class 'int'>
2
<class 'int'>
3
<class 'int'>
1
<class 'int'>
2
Task sent: {"worker_id": 2, "job_id": "2", "task family": "map", "task": {"task_id": "2_M0", "start_time": 1607006046.3432472, "end_time": 1607006048.0776973}}!
<class 'int'>
1
INFO: The task execution pool is empty!
Task sent: {"worker_id": 2, "job_id": "2", "task family": "map", "task": {"task_id": "2_M1", "start_time": 1607006046.5027845, "end_time": 1607006049.1719246}}!
Task received at worker: [{"worker_id": 2, "job_id": "2", "task family": "reduce", "task": {"task_id": "2_R0", "duration": 1}}]
{'worker_id': 2, 'job_id': '2', 'task family': 'reduce', 'task': {'task_id': '2_R0', 'duration': 1, 'start_time': 1607006049.5708556, 'end_time': 0}}
{'2': {'2_R0': {'worker_id': 2, 'job_id': '2', 'task family': 'reduce', 'task': {'task_id': '2_R0', 'duration': 1, 'start_time': 1607006049.5708556, 'end_time': 0}}}}
Task received at worker: [{"worker_id": 2, "job_id": "2", "task family": "reduce", "task": {"task_id": "2_R1", "duration": 2}}]
{'worker_id': 2, 'job_id': '2', 'task family': 'reduce', 'task': {'task_id': '2_R1', 'duration': 2, 'start_time': 1607006049.759352, 'end_time': 0}}
{'2': {'2_R0': {'worker_id': 2, 'job_id': '2', 'task family': 'reduce', 'task': {'task_id': '2_R0', 'duration': 1, 'start_time': 1607006049.5708556, 'end_time': 0}}, '2_R1': {'worker_id': 2, 'job_id': '2', 'task family': 'reduce', 'task': {'task_id': '2_R1', 'duration': 2, 'start_time': 1607006049.759352, 'end_time': 0}}}}
<class 'int'>
1
<class 'int'>
2
Task sent: {"worker_id": 2, "job_id": "2", "task family": "reduce", "task": {"task_id": "2_R0", "start_time": 1607006049.5708556, "end_time": 1607006050.3148658}}!
<class 'int'>
1
INFO: The task execution pool is empty!
Task sent: {"worker_id": 2, "job_id": "2", "task family": "reduce", "task": {"task_id": "2_R1", "start_time": 1607006049.759352, "end_time": 1607006051.3831446}}!
Task received at worker: [{"worker_id": 2, "job_id": "3", "task family": "map", "task": {"task_id": "3_M0", "duration": 2}}]
{'worker_id': 2, 'job_id': '3', 'task family': 'map', 'task': {'task_id': '3_M0', 'duration': 2, 'start_time': 1607006051.7174292, 'end_time': 0}}
{'3': {'3_M0': {'worker_id': 2, 'job_id': '3', 'task family': 'map', 'task': {'task_id': '3_M0', 'duration': 2, 'start_time': 1607006051.7174292, 'end_time': 0}}}}
Task received at worker: [{"worker_id": 2, "job_id": "3", "task family": "map", "task": {"task_id": "3_M1", "duration": 2}}]
{'worker_id': 2, 'job_id': '3', 'task family': 'map', 'task': {'task_id': '3_M1', 'duration': 2, 'start_time': 1607006051.9557915, 'end_time': 0}}
{'3': {'3_M0': {'worker_id': 2, 'job_id': '3', 'task family': 'map', 'task': {'task_id': '3_M0', 'duration': 2, 'start_time': 1607006051.7174292, 'end_time': 0}}, '3_M1': {'worker_id': 2, 'job_id': '3', 'task family': 'map', 'task': {'task_id': '3_M1', 'duration': 2, 'start_time': 1607006051.9557915, 'end_time': 0}}}}
<class 'int'>
2
<class 'int'>
2
<class 'int'>
1
<class 'int'>
1
Task sent: {"worker_id": 2, "job_id": "3", "task family": "map", "task": {"task_id": "3_M0", "start_time": 1607006051.7174292, "end_time": 1607006053.533893}}!
INFO: The task execution pool is empty!
Task sent: {"worker_id": 2, "job_id": "3", "task family": "map", "task": {"task_id": "3_M1", "start_time": 1607006051.9557915, "end_time": 1607006053.5358887}}!
Task received at worker: [{"worker_id": 2, "job_id": "3", "task family": "reduce", "task": {"task_id": "3_R0", "duration": 1}}]
{'worker_id': 2, 'job_id': '3', 'task family': 'reduce', 'task': {'task_id': '3_R0', 'duration': 1, 'start_time': 1607006053.6455946, 'end_time': 0}}
{'3': {'3_R0': {'worker_id': 2, 'job_id': '3', 'task family': 'reduce', 'task': {'task_id': '3_R0', 'duration': 1, 'start_time': 1607006053.6455946, 'end_time': 0}}}}
<class 'int'>
1
INFO: The task execution pool is empty!
Task sent: {"worker_id": 2, "job_id": "3", "task family": "reduce", "task": {"task_id": "3_R0", "start_time": 1607006053.6455946, "end_time": 1607006054.5980482}}!
Task received at worker: [{"worker_id": 2, "job_id": "4", "task family": "map", "task": {"task_id": "4_M0", "duration": 2}}]
{'worker_id': 2, 'job_id': '4', 'task family': 'map', 'task': {'task_id': '4_M0', 'duration': 2, 'start_time': 1607006055.0239098, 'end_time': 0}}
{'4': {'4_M0': {'worker_id': 2, 'job_id': '4', 'task family': 'map', 'task': {'task_id': '4_M0', 'duration': 2, 'start_time': 1607006055.0239098, 'end_time': 0}}}}
Task received at worker: [{"worker_id": 2, "job_id": "4", "task family": "map", "task": {"task_id": "4_M1", "duration": 3}}]
{'worker_id': 2, 'job_id': '4', 'task family': 'map', 'task': {'task_id': '4_M1', 'duration': 3, 'start_time': 1607006055.2463138, 'end_time': 0}}
{'4': {'4_M0': {'worker_id': 2, 'job_id': '4', 'task family': 'map', 'task': {'task_id': '4_M0', 'duration': 2, 'start_time': 1607006055.0239098, 'end_time': 0}}, '4_M1': {'worker_id': 2, 'job_id': '4', 'task family': 'map', 'task': {'task_id': '4_M1', 'duration': 3, 'start_time': 1607006055.2463138, 'end_time': 0}}}}
<class 'int'>
2
<class 'int'>
3
<class 'int'>
1
<class 'int'>
2
Task sent: {"worker_id": 2, "job_id": "4", "task family": "map", "task": {"task_id": "4_M0", "start_time": 1607006055.0239098, "end_time": 1607006056.8490322}}!
<class 'int'>
1
INFO: The task execution pool is empty!
Task sent: {"worker_id": 2, "job_id": "4", "task family": "map", "task": {"task_id": "4_M1", "start_time": 1607006055.2463138, "end_time": 1607006057.9241521}}!
Task received at worker: [{"worker_id": 2, "job_id": "4", "task family": "reduce", "task": {"task_id": "4_R0", "duration": 1}}]
{'worker_id': 2, 'job_id': '4', 'task family': 'reduce', 'task': {'task_id': '4_R0', 'duration': 1, 'start_time': 1607006058.1625152, 'end_time': 0}}
{'4': {'4_R0': {'worker_id': 2, 'job_id': '4', 'task family': 'reduce', 'task': {'task_id': '4_R0', 'duration': 1, 'start_time': 1607006058.1625152, 'end_time': 0}}}}
<class 'int'>
1
INFO: The task execution pool is empty!
Task sent: {"worker_id": 2, "job_id": "4", "task family": "reduce", "task": {"task_id": "4_R0", "start_time": 1607006058.1625152, "end_time": 1607006059.035324}}!
Task received at worker: [{"worker_id": 2, "job_id": "5", "task family": "map", "task": {"task_id": "5_M0", "duration": 3}}]
{'worker_id': 2, 'job_id': '5', 'task family': 'map', 'task': {'task_id': '5_M0', 'duration': 3, 'start_time': 1607006059.3375146, 'end_time': 0}}
{'5': {'5_M0': {'worker_id': 2, 'job_id': '5', 'task family': 'map', 'task': {'task_id': '5_M0', 'duration': 3, 'start_time': 1607006059.3375146, 'end_time': 0}}}}
Task received at worker: [{"worker_id": 2, "job_id": "5", "task family": "map", "task": {"task_id": "5_M1", "duration": 2}}]
{'worker_id': 2, 'job_id': '5', 'task family': 'map', 'task': {'task_id': '5_M1', 'duration': 2, 'start_time': 1607006059.6866214, 'end_time': 0}}
{'5': {'5_M0': {'worker_id': 2, 'job_id': '5', 'task family': 'map', 'task': {'task_id': '5_M0', 'duration': 3, 'start_time': 1607006059.3375146, 'end_time': 0}}, '5_M1': {'worker_id': 2, 'job_id': '5', 'task family': 'map', 'task': {'task_id': '5_M1', 'duration': 2, 'start_time': 1607006059.6866214, 'end_time': 0}}}}
<class 'int'>
3
<class 'int'>
2
<class 'int'>
2
<class 'int'>
1
Task sent: {"worker_id": 2, "job_id": "5", "task family": "map", "task": {"task_id": "5_M1", "start_time": 1607006059.6866214, "end_time": 1607006061.3532507}}!
<class 'int'>
1
INFO: The task execution pool is empty!
Task sent: {"worker_id": 2, "job_id": "5", "task family": "map", "task": {"task_id": "5_M0", "start_time": 1607006059.3375146, "end_time": 1607006062.3946025}}!
Task received at worker: [{"worker_id": 2, "job_id": "5", "task family": "reduce", "task": {"task_id": "5_R0", "duration": 4}}]
{'worker_id': 2, 'job_id': '5', 'task family': 'reduce', 'task': {'task_id': '5_R0', 'duration': 4, 'start_time': 1607006062.8055046, 'end_time': 0}}
{'5': {'5_R0': {'worker_id': 2, 'job_id': '5', 'task family': 'reduce', 'task': {'task_id': '5_R0', 'duration': 4, 'start_time': 1607006062.8055046, 'end_time': 0}}}}
Task received at worker: [{"worker_id": 2, "job_id": "5", "task family": "reduce", "task": {"task_id": "5_R1", "duration": 4}}]
{'worker_id': 2, 'job_id': '5', 'task family': 'reduce', 'task': {'task_id': '5_R1', 'duration': 4, 'start_time': 1607006062.9959958, 'end_time': 0}}
{'5': {'5_R0': {'worker_id': 2, 'job_id': '5', 'task family': 'reduce', 'task': {'task_id': '5_R0', 'duration': 4, 'start_time': 1607006062.8055046, 'end_time': 0}}, '5_R1': {'worker_id': 2, 'job_id': '5', 'task family': 'reduce', 'task': {'task_id': '5_R1', 'duration': 4, 'start_time': 1607006062.9959958, 'end_time': 0}}}}
<class 'int'>
4
<class 'int'>
4
<class 'int'>
3
<class 'int'>
3
<class 'int'>
2
<class 'int'>
2
<class 'int'>
1
<class 'int'>
1
Task sent: {"worker_id": 2, "job_id": "5", "task family": "reduce", "task": {"task_id": "5_R0", "start_time": 1607006062.8055046, "end_time": 1607006067.0384688}}!
INFO: The task execution pool is empty!
Task sent: {"worker_id": 2, "job_id": "5", "task family": "reduce", "task": {"task_id": "5_R1", "start_time": 1607006062.9959958, "end_time": 1607006067.0404632}}!
Task received at worker: [{"worker_id": 2, "job_id": "6", "task family": "map", "task": {"task_id": "6_M0", "duration": 2}}]
{'worker_id': 2, 'job_id': '6', 'task family': 'map', 'task': {'task_id': '6_M0', 'duration': 2, 'start_time': 1607006067.4184523, 'end_time': 0}}
{'6': {'6_M0': {'worker_id': 2, 'job_id': '6', 'task family': 'map', 'task': {'task_id': '6_M0', 'duration': 2, 'start_time': 1607006067.4184523, 'end_time': 0}}}}
Task received at worker: [{"worker_id": 2, "job_id": "6", "task family": "map", "task": {"task_id": "6_M1", "duration": 4}}]
{'worker_id': 2, 'job_id': '6', 'task family': 'map', 'task': {'task_id': '6_M1', 'duration': 4, 'start_time': 1607006067.6089435, 'end_time': 0}}
{'6': {'6_M0': {'worker_id': 2, 'job_id': '6', 'task family': 'map', 'task': {'task_id': '6_M0', 'duration': 2, 'start_time': 1607006067.4184523, 'end_time': 0}}, '6_M1': {'worker_id': 2, 'job_id': '6', 'task family': 'map', 'task': {'task_id': '6_M1', 'duration': 4, 'start_time': 1607006067.6089435, 'end_time': 0}}}}
Task received at worker: [{"worker_id": 2, "job_id": "6", "task family": "map", "task": {"task_id": "6_M3", "duration": 1}}]
{'worker_id': 2, 'job_id': '6', 'task family': 'map', 'task': {'task_id': '6_M3', 'duration': 1, 'start_time': 1607006067.8313477, 'end_time': 0}}
{'6': {'6_M0': {'worker_id': 2, 'job_id': '6', 'task family': 'map', 'task': {'task_id': '6_M0', 'duration': 2, 'start_time': 1607006067.4184523, 'end_time': 0}}, '6_M1': {'worker_id': 2, 'job_id': '6', 'task family': 'map', 'task': {'task_id': '6_M1', 'duration': 4, 'start_time': 1607006067.6089435, 'end_time': 0}}, '6_M3': {'worker_id': 2, 'job_id': '6', 'task family': 'map', 'task': {'task_id': '6_M3', 'duration': 1, 'start_time': 1607006067.8313477, 'end_time': 0}}}}
<class 'int'>
2
<class 'int'>
4
<class 'int'>
1
Task sent: {"worker_id": 2, "job_id": "6", "task family": "map", "task": {"task_id": "6_M3", "start_time": 1607006067.8313477, "end_time": 1607006068.1923819}}!
<class 'int'>
1
<class 'int'>
3
Task sent: {"worker_id": 2, "job_id": "6", "task family": "map", "task": {"task_id": "6_M0", "start_time": 1607006067.4184523, "end_time": 1607006069.2257488}}!
<class 'int'>
2
<class 'int'>
1
INFO: The task execution pool is empty!
Task sent: {"worker_id": 2, "job_id": "6", "task family": "map", "task": {"task_id": "6_M1", "start_time": 1607006067.6089435, "end_time": 1607006071.3661773}}!
Task received at worker: [{"worker_id": 2, "job_id": "6", "task family": "reduce", "task": {"task_id": "6_R0", "duration": 4}}]
{'worker_id': 2, 'job_id': '6', 'task family': 'reduce', 'task': {'task_id': '6_R0', 'duration': 4, 'start_time': 1607006071.6994185, 'end_time': 0}}
{'6': {'6_R0': {'worker_id': 2, 'job_id': '6', 'task family': 'reduce', 'task': {'task_id': '6_R0', 'duration': 4, 'start_time': 1607006071.6994185, 'end_time': 0}}}}
Task received at worker: [{"worker_id": 2, "job_id": "6", "task family": "reduce", "task": {"task_id": "6_R1", "duration": 1}}]
{'worker_id': 2, 'job_id': '6', 'task family': 'reduce', 'task': {'task_id': '6_R1', 'duration': 1, 'start_time': 1607006072.139242, 'end_time': 0}}
{'6': {'6_R0': {'worker_id': 2, 'job_id': '6', 'task family': 'reduce', 'task': {'task_id': '6_R0', 'duration': 4, 'start_time': 1607006071.6994185, 'end_time': 0}}, '6_R1': {'worker_id': 2, 'job_id': '6', 'task family': 'reduce', 'task': {'task_id': '6_R1', 'duration': 1, 'start_time': 1607006072.139242, 'end_time': 0}}}}
<class 'int'>
4
<class 'int'>
1
Task sent: {"worker_id": 2, "job_id": "6", "task family": "reduce", "task": {"task_id": "6_R1", "start_time": 1607006072.139242, "end_time": 1607006072.5164387}}!
<class 'int'>
3
<class 'int'>
2
<class 'int'>
1
INFO: The task execution pool is empty!
Task sent: {"worker_id": 2, "job_id": "6", "task family": "reduce", "task": {"task_id": "6_R0", "start_time": 1607006071.6994185, "end_time": 1607006075.9046743}}!
Task received at worker: [{"worker_id": 2, "job_id": "7", "task family": "map", "task": {"task_id": "7_M0", "duration": 1}}]
{'worker_id': 2, 'job_id': '7', 'task family': 'map', 'task': {'task_id': '7_M0', 'duration': 1, 'start_time': 1607006076.4133143, 'end_time': 0}}
{'7': {'7_M0': {'worker_id': 2, 'job_id': '7', 'task family': 'map', 'task': {'task_id': '7_M0', 'duration': 1, 'start_time': 1607006076.4133143, 'end_time': 0}}}}
Task received at worker: [{"worker_id": 2, "job_id": "7", "task family": "map", "task": {"task_id": "7_M1", "duration": 1}}]
{'worker_id': 2, 'job_id': '7', 'task family': 'map', 'task': {'task_id': '7_M1', 'duration': 1, 'start_time': 1607006076.6493204, 'end_time': 0}}
{'7': {'7_M0': {'worker_id': 2, 'job_id': '7', 'task family': 'map', 'task': {'task_id': '7_M0', 'duration': 1, 'start_time': 1607006076.4133143, 'end_time': 0}}, '7_M1': {'worker_id': 2, 'job_id': '7', 'task family': 'map', 'task': {'task_id': '7_M1', 'duration': 1, 'start_time': 1607006076.6493204, 'end_time': 0}}}}
<class 'int'>
1
<class 'int'>
1
Task sent: {"worker_id": 2, "job_id": "7", "task family": "map", "task": {"task_id": "7_M0", "start_time": 1607006076.4133143, "end_time": 1607006077.0143435}}!
INFO: The task execution pool is empty!
Task sent: {"worker_id": 2, "job_id": "7", "task family": "map", "task": {"task_id": "7_M1", "start_time": 1607006076.6493204, "end_time": 1607006077.0163386}}!
Task received at worker: [{"worker_id": 2, "job_id": "7", "task family": "reduce", "task": {"task_id": "7_R0", "duration": 2}}]
{'worker_id': 2, 'job_id': '7', 'task family': 'reduce', 'task': {'task_id': '7_R0', 'duration': 2, 'start_time': 1607006077.4252462, 'end_time': 0}}
{'7': {'7_R0': {'worker_id': 2, 'job_id': '7', 'task family': 'reduce', 'task': {'task_id': '7_R0', 'duration': 2, 'start_time': 1607006077.4252462, 'end_time': 0}}}}
<class 'int'>
2
<class 'int'>
1
INFO: The task execution pool is empty!
Task sent: {"worker_id": 2, "job_id": "7", "task family": "reduce", "task": {"task_id": "7_R0", "start_time": 1607006077.4252462, "end_time": 1607006079.2235622}}!
Task received at worker: [{"worker_id": 2, "job_id": "8", "task family": "map", "task": {"task_id": "8_M0", "duration": 1}}]
{'worker_id': 2, 'job_id': '8', 'task family': 'map', 'task': {'task_id': '8_M0', 'duration': 1, 'start_time': 1607006079.620831, 'end_time': 0}}
{'8': {'8_M0': {'worker_id': 2, 'job_id': '8', 'task family': 'map', 'task': {'task_id': '8_M0', 'duration': 1, 'start_time': 1607006079.620831, 'end_time': 0}}}}
Task received at worker: [{"worker_id": 2, "job_id": "8", "task family": "map", "task": {"task_id": "8_M1", "duration": 4}}]
{'worker_id': 2, 'job_id': '8', 'task family': 'map', 'task': {'task_id': '8_M1', 'duration': 4, 'start_time': 1607006079.8262491, 'end_time': 0}}
{'8': {'8_M0': {'worker_id': 2, 'job_id': '8', 'task family': 'map', 'task': {'task_id': '8_M0', 'duration': 1, 'start_time': 1607006079.620831, 'end_time': 0}}, '8_M1': {'worker_id': 2, 'job_id': '8', 'task family': 'map', 'task': {'task_id': '8_M1', 'duration': 4, 'start_time': 1607006079.8262491, 'end_time': 0}}}}
<class 'int'>
1
<class 'int'>
4
Task sent: {"worker_id": 2, "job_id": "8", "task family": "map", "task": {"task_id": "8_M0", "start_time": 1607006079.620831, "end_time": 1607006080.333892}}!
<class 'int'>
3
<class 'int'>
2
<class 'int'>
1
INFO: The task execution pool is empty!
Task sent: {"worker_id": 2, "job_id": "8", "task family": "map", "task": {"task_id": "8_M1", "start_time": 1607006079.8262491, "end_time": 1607006083.533819}}!
Task received at worker: [{"worker_id": 2, "job_id": "8", "task family": "reduce", "task": {"task_id": "8_R0", "duration": 2}}]
{'worker_id': 2, 'job_id': '8', 'task family': 'reduce', 'task': {'task_id': '8_R0', 'duration': 2, 'start_time': 1607006083.8350182, 'end_time': 0}}
{'8': {'8_R0': {'worker_id': 2, 'job_id': '8', 'task family': 'reduce', 'task': {'task_id': '8_R0', 'duration': 2, 'start_time': 1607006083.8350182, 'end_time': 0}}}}
<class 'int'>
2
<class 'int'>
1
INFO: The task execution pool is empty!
Task sent: {"worker_id": 2, "job_id": "8", "task family": "reduce", "task": {"task_id": "8_R0", "start_time": 1607006083.8350182, "end_time": 1607006085.889818}}!
Task received at worker: [{"worker_id": 2, "job_id": "9", "task family": "map", "task": {"task_id": "9_M0", "duration": 2}}]
{'worker_id': 2, 'job_id': '9', 'task family': 'map', 'task': {'task_id': '9_M0', 'duration': 2, 'start_time': 1607006086.2398813, 'end_time': 0}}
{'9': {'9_M0': {'worker_id': 2, 'job_id': '9', 'task family': 'map', 'task': {'task_id': '9_M0', 'duration': 2, 'start_time': 1607006086.2398813, 'end_time': 0}}}}
Task received at worker: [{"worker_id": 2, "job_id": "9", "task family": "map", "task": {"task_id": "9_M1", "duration": 3}}]
{'worker_id': 2, 'job_id': '9', 'task family': 'map', 'task': {'task_id': '9_M1', 'duration': 3, 'start_time': 1607006086.525326, 'end_time': 0}}
{'9': {'9_M0': {'worker_id': 2, 'job_id': '9', 'task family': 'map', 'task': {'task_id': '9_M0', 'duration': 2, 'start_time': 1607006086.2398813, 'end_time': 0}}, '9_M1': {'worker_id': 2, 'job_id': '9', 'task family': 'map', 'task': {'task_id': '9_M1', 'duration': 3, 'start_time': 1607006086.525326, 'end_time': 0}}}}
<class 'int'>
2
<class 'int'>
3
<class 'int'>
1
<class 'int'>
2
Task sent: {"worker_id": 2, "job_id": "9", "task family": "map", "task": {"task_id": "9_M0", "start_time": 1607006086.2398813, "end_time": 1607006088.1417077}}!
<class 'int'>
1
INFO: The task execution pool is empty!
Task sent: {"worker_id": 2, "job_id": "9", "task family": "map", "task": {"task_id": "9_M1", "start_time": 1607006086.525326, "end_time": 1607006089.304744}}!
Task received at worker: [{"worker_id": 2, "job_id": "9", "task family": "reduce", "task": {"task_id": "9_R0", "duration": 4}}]
{'worker_id': 2, 'job_id': '9', 'task family': 'reduce', 'task': {'task_id': '9_R0', 'duration': 4, 'start_time': 1607006089.4784453, 'end_time': 0}}
{'9': {'9_R0': {'worker_id': 2, 'job_id': '9', 'task family': 'reduce', 'task': {'task_id': '9_R0', 'duration': 4, 'start_time': 1607006089.4784453, 'end_time': 0}}}}
Task received at worker: [{"worker_id": 2, "job_id": "9", "task family": "reduce", "task": {"task_id": "9_R1", "duration": 2}}]
{'worker_id': 2, 'job_id': '9', 'task family': 'reduce', 'task': {'task_id': '9_R1', 'duration': 2, 'start_time': 1607006089.9382143, 'end_time': 0}}
{'9': {'9_R0': {'worker_id': 2, 'job_id': '9', 'task family': 'reduce', 'task': {'task_id': '9_R0', 'duration': 4, 'start_time': 1607006089.4784453, 'end_time': 0}}, '9_R1': {'worker_id': 2, 'job_id': '9', 'task family': 'reduce', 'task': {'task_id': '9_R1', 'duration': 2, 'start_time': 1607006089.9382143, 'end_time': 0}}}}
<class 'int'>
4
<class 'int'>
2
<class 'int'>
3
<class 'int'>
1
Task sent: {"worker_id": 2, "job_id": "9", "task family": "reduce", "task": {"task_id": "9_R1", "start_time": 1607006089.9382143, "end_time": 1607006091.497327}}!
<class 'int'>
2
<class 'int'>
1
INFO: The task execution pool is empty!
Task sent: {"worker_id": 2, "job_id": "9", "task family": "reduce", "task": {"task_id": "9_R0", "start_time": 1607006089.4784453, "end_time": 1607006093.6467257}}!
Task received at worker: [{"worker_id": 2, "job_id": "10", "task family": "map", "task": {"task_id": "10_M0", "duration": 3}}]
{'worker_id': 2, 'job_id': '10', 'task family': 'map', 'task': {'task_id': '10_M0', 'duration': 3, 'start_time': 1607006093.933957, 'end_time': 0}}
{'10': {'10_M0': {'worker_id': 2, 'job_id': '10', 'task family': 'map', 'task': {'task_id': '10_M0', 'duration': 3, 'start_time': 1607006093.933957, 'end_time': 0}}}}
Task received at worker: [{"worker_id": 2, "job_id": "10", "task family": "map", "task": {"task_id": "10_M1", "duration": 2}}]
{'worker_id': 2, 'job_id': '10', 'task family': 'map', 'task': {'task_id': '10_M1', 'duration': 2, 'start_time': 1607006094.3947608, 'end_time': 0}}
{'10': {'10_M0': {'worker_id': 2, 'job_id': '10', 'task family': 'map', 'task': {'task_id': '10_M0', 'duration': 3, 'start_time': 1607006093.933957, 'end_time': 0}}, '10_M1': {'worker_id': 2, 'job_id': '10', 'task family': 'map', 'task': {'task_id': '10_M1', 'duration': 2, 'start_time': 1607006094.3947608, 'end_time': 0}}}}
<class 'int'>
3
<class 'int'>
2
<class 'int'>
2
<class 'int'>
1
Task sent: {"worker_id": 2, "job_id": "10", "task family": "map", "task": {"task_id": "10_M1", "start_time": 1607006094.3947608, "end_time": 1607006095.894861}}!
<class 'int'>
1
INFO: The task execution pool is empty!
Task sent: {"worker_id": 2, "job_id": "10", "task family": "map", "task": {"task_id": "10_M0", "start_time": 1607006093.933957, "end_time": 1607006097.057874}}!
Task received at worker: [{"worker_id": 2, "job_id": "10", "task family": "reduce", "task": {"task_id": "10_R0", "duration": 1}}]
{'worker_id': 2, 'job_id': '10', 'task family': 'reduce', 'task': {'task_id': '10_R0', 'duration': 1, 'start_time': 1607006097.4868624, 'end_time': 0}}
{'10': {'10_R0': {'worker_id': 2, 'job_id': '10', 'task family': 'reduce', 'task': {'task_id': '10_R0', 'duration': 1, 'start_time': 1607006097.4868624, 'end_time': 0}}}}
Task received at worker: [{"worker_id": 2, "job_id": "10", "task family": "reduce", "task": {"task_id": "10_R1", "duration": 4}}]
{'worker_id': 2, 'job_id': '10', 'task family': 'reduce', 'task': {'task_id': '10_R1', 'duration': 4, 'start_time': 1607006097.725225, 'end_time': 0}}
{'10': {'10_R0': {'worker_id': 2, 'job_id': '10', 'task family': 'reduce', 'task': {'task_id': '10_R0', 'duration': 1, 'start_time': 1607006097.4868624, 'end_time': 0}}, '10_R1': {'worker_id': 2, 'job_id': '10', 'task family': 'reduce', 'task': {'task_id': '10_R1', 'duration': 4, 'start_time': 1607006097.725225, 'end_time': 0}}}}
<class 'int'>
1
<class 'int'>
4
Task sent: {"worker_id": 2, "job_id": "10", "task family": "reduce", "task": {"task_id": "10_R0", "start_time": 1607006097.4868624, "end_time": 1607006098.090248}}!
<class 'int'>
3
<class 'int'>
2
<class 'int'>
1
INFO: The task execution pool is empty!
Task sent: {"worker_id": 2, "job_id": "10", "task family": "reduce", "task": {"task_id": "10_R1", "start_time": 1607006097.725225, "end_time": 1607006101.3679738}}!
Task received at worker: [{"worker_id": 2, "job_id": "11", "task family": "map", "task": {"task_id": "11_M0", "duration": 2}}]
{'worker_id': 2, 'job_id': '11', 'task family': 'map', 'task': {'task_id': '11_M0', 'duration': 2, 'start_time': 1607006101.876613, 'end_time': 0}}
{'11': {'11_M0': {'worker_id': 2, 'job_id': '11', 'task family': 'map', 'task': {'task_id': '11_M0', 'duration': 2, 'start_time': 1607006101.876613, 'end_time': 0}}}}
Task received at worker: [{"worker_id": 2, "job_id": "11", "task family": "map", "task": {"task_id": "11_M1", "duration": 4}}]
{'worker_id': 2, 'job_id': '11', 'task family': 'map', 'task': {'task_id': '11_M1', 'duration': 4, 'start_time': 1607006102.1149771, 'end_time': 0}}
{'11': {'11_M0': {'worker_id': 2, 'job_id': '11', 'task family': 'map', 'task': {'task_id': '11_M0', 'duration': 2, 'start_time': 1607006101.876613, 'end_time': 0}}, '11_M1': {'worker_id': 2, 'job_id': '11', 'task family': 'map', 'task': {'task_id': '11_M1', 'duration': 4, 'start_time': 1607006102.1149771, 'end_time': 0}}}}
<class 'int'>
2
<class 'int'>
4
<class 'int'>
1
<class 'int'>
3
Task sent: {"worker_id": 2, "job_id": "11", "task family": "map", "task": {"task_id": "11_M0", "start_time": 1607006101.876613, "end_time": 1607006103.5783215}}!
<class 'int'>
2
<class 'int'>
1
INFO: The task execution pool is empty!
Task sent: {"worker_id": 2, "job_id": "11", "task family": "map", "task": {"task_id": "11_M1", "start_time": 1607006102.1149771, "end_time": 1607006105.7616868}}!
Task received at worker: [{"worker_id": 2, "job_id": "11", "task family": "reduce", "task": {"task_id": "11_R0", "duration": 4}}]
{'worker_id': 2, 'job_id': '11', 'task family': 'reduce', 'task': {'task_id': '11_R0', 'duration': 4, 'start_time': 1607006105.9053025, 'end_time': 0}}
{'11': {'11_R0': {'worker_id': 2, 'job_id': '11', 'task family': 'reduce', 'task': {'task_id': '11_R0', 'duration': 4, 'start_time': 1607006105.9053025, 'end_time': 0}}}}
<class 'int'>
4
<class 'int'>
3
<class 'int'>
2
<class 'int'>
1
INFO: The task execution pool is empty!
Task sent: {"worker_id": 2, "job_id": "11", "task family": "reduce", "task": {"task_id": "11_R0", "start_time": 1607006105.9053025, "end_time": 1607006110.0027554}}!
Task received at worker: [{"worker_id": 2, "job_id": "12", "task family": "map", "task": {"task_id": "12_M0", "duration": 2}}]
{'worker_id': 2, 'job_id': '12', 'task family': 'map', 'task': {'task_id': '12_M0', 'duration': 2, 'start_time': 1607006110.3209043, 'end_time': 0}}
{'12': {'12_M0': {'worker_id': 2, 'job_id': '12', 'task family': 'map', 'task': {'task_id': '12_M0', 'duration': 2, 'start_time': 1607006110.3209043, 'end_time': 0}}}}
Task received at worker: [{"worker_id": 2, "job_id": "12", "task family": "map", "task": {"task_id": "12_M1", "duration": 2}}]
{'worker_id': 2, 'job_id': '12', 'task family': 'map', 'task': {'task_id': '12_M1', 'duration': 2, 'start_time': 1607006110.5095716, 'end_time': 0}}
{'12': {'12_M0': {'worker_id': 2, 'job_id': '12', 'task family': 'map', 'task': {'task_id': '12_M0', 'duration': 2, 'start_time': 1607006110.3209043, 'end_time': 0}}, '12_M1': {'worker_id': 2, 'job_id': '12', 'task family': 'map', 'task': {'task_id': '12_M1', 'duration': 2, 'start_time': 1607006110.5095716, 'end_time': 0}}}}
Task received at worker: [{"worker_id": 2, "job_id": "12", "task family": "map", "task": {"task_id": "12_M3", "duration": 2}}]
<class 'int'>
2
<class 'int'>
2
{'worker_id': 2, 'job_id': '12', 'task family': 'map', 'task': {'task_id': '12_M3', 'duration': 2, 'start_time': 1607006111.1129577, 'end_time': 0}}
{'12': {'12_M0': {'worker_id': 2, 'job_id': '12', 'task family': 'map', 'task': {'task_id': '12_M0', 'duration': 1, 'start_time': 1607006110.3209043, 'end_time': 0}}, '12_M1': {'worker_id': 2, 'job_id': '12', 'task family': 'map', 'task': {'task_id': '12_M1', 'duration': 1, 'start_time': 1607006110.5095716, 'end_time': 0}}, '12_M3': {'worker_id': 2, 'job_id': '12', 'task family': 'map', 'task': {'task_id': '12_M3', 'duration': 2, 'start_time': 1607006111.1129577, 'end_time': 0}}}}
<class 'int'>
1
<class 'int'>
1
Task sent: {"worker_id": 2, "job_id": "12", "task family": "map", "task": {"task_id": "12_M0", "start_time": 1607006110.3209043, "end_time": 1607006112.1922424}}!
<class 'int'>
2
Task sent: {"worker_id": 2, "job_id": "12", "task family": "map", "task": {"task_id": "12_M1", "start_time": 1607006110.5095716, "end_time": 1607006112.1942377}}!
<class 'int'>
1
INFO: The task execution pool is empty!
Task sent: {"worker_id": 2, "job_id": "12", "task family": "map", "task": {"task_id": "12_M3", "start_time": 1607006111.1129577, "end_time": 1607006113.2914321}}!
Task received at worker: [{"worker_id": 2, "job_id": "12", "task family": "reduce", "task": {"task_id": "12_R0", "duration": 4}}]
{'worker_id': 2, 'job_id': '12', 'task family': 'reduce', 'task': {'task_id': '12_R0', 'duration': 4, 'start_time': 1607006113.466123, 'end_time': 0}}
{'12': {'12_R0': {'worker_id': 2, 'job_id': '12', 'task family': 'reduce', 'task': {'task_id': '12_R0', 'duration': 4, 'start_time': 1607006113.466123, 'end_time': 0}}}}
<class 'int'>
4
<class 'int'>
3
<class 'int'>
2
<class 'int'>
1
INFO: The task execution pool is empty!
Task sent: {"worker_id": 2, "job_id": "12", "task family": "reduce", "task": {"task_id": "12_R0", "start_time": 1607006113.466123, "end_time": 1607006117.5915408}}!
Task received at worker: [{"worker_id": 2, "job_id": "13", "task family": "map", "task": {"task_id": "13_M0", "duration": 1}}]
{'worker_id': 2, 'job_id': '13', 'task family': 'map', 'task': {'task_id': '13_M0', 'duration': 1, 'start_time': 1607006117.9236522, 'end_time': 0}}
{'13': {'13_M0': {'worker_id': 2, 'job_id': '13', 'task family': 'map', 'task': {'task_id': '13_M0', 'duration': 1, 'start_time': 1607006117.9236522, 'end_time': 0}}}}
<class 'int'>
1
INFO: The task execution pool is empty!
Task sent: {"worker_id": 2, "job_id": "13", "task family": "map", "task": {"task_id": "13_M0", "start_time": 1607006117.9236522, "end_time": 1607006118.6418636}}!
Task received at worker: [{"worker_id": 2, "job_id": "13", "task family": "reduce", "task": {"task_id": "13_R0", "duration": 4}}]
{'worker_id': 2, 'job_id': '13', 'task family': 'reduce', 'task': {'task_id': '13_R0', 'duration': 4, 'start_time': 1607006118.8642685, 'end_time': 0}}
{'13': {'13_R0': {'worker_id': 2, 'job_id': '13', 'task family': 'reduce', 'task': {'task_id': '13_R0', 'duration': 4, 'start_time': 1607006118.8642685, 'end_time': 0}}}}
Task received at worker: [{"worker_id": 2, "job_id": "13", "task family": "reduce", "task": {"task_id": "13_R1", "duration": 4}}]
{'worker_id': 2, 'job_id': '13', 'task family': 'reduce', 'task': {'task_id': '13_R1', 'duration': 4, 'start_time': 1607006119.0388007, 'end_time': 0}}
{'13': {'13_R0': {'worker_id': 2, 'job_id': '13', 'task family': 'reduce', 'task': {'task_id': '13_R0', 'duration': 4, 'start_time': 1607006118.8642685, 'end_time': 0}}, '13_R1': {'worker_id': 2, 'job_id': '13', 'task family': 'reduce', 'task': {'task_id': '13_R1', 'duration': 4, 'start_time': 1607006119.0388007, 'end_time': 0}}}}
<class 'int'>
4
<class 'int'>
4
<class 'int'>
3
<class 'int'>
3
<class 'int'>
2
<class 'int'>
2
<class 'int'>
1
<class 'int'>
1
Task sent: {"worker_id": 2, "job_id": "13", "task family": "reduce", "task": {"task_id": "13_R0", "start_time": 1607006118.8642685, "end_time": 1607006123.178287}}!
INFO: The task execution pool is empty!
Task sent: {"worker_id": 2, "job_id": "13", "task family": "reduce", "task": {"task_id": "13_R1", "start_time": 1607006119.0388007, "end_time": 1607006123.1792831}}!
Task received at worker: [{"worker_id": 2, "job_id": "14", "task family": "map", "task": {"task_id": "14_M0", "duration": 2}}]
{'worker_id': 2, 'job_id': '14', 'task family': 'map', 'task': {'task_id': '14_M0', 'duration': 2, 'start_time': 1607006123.671122, 'end_time': 0}}
{'14': {'14_M0': {'worker_id': 2, 'job_id': '14', 'task family': 'map', 'task': {'task_id': '14_M0', 'duration': 2, 'start_time': 1607006123.671122, 'end_time': 0}}}}
Task received at worker: [{"worker_id": 2, "job_id": "14", "task family": "map", "task": {"task_id": "14_M1", "duration": 2}}]
{'worker_id': 2, 'job_id': '14', 'task family': 'map', 'task': {'task_id': '14_M1', 'duration': 2, 'start_time': 1607006124.053099, 'end_time': 0}}
{'14': {'14_M0': {'worker_id': 2, 'job_id': '14', 'task family': 'map', 'task': {'task_id': '14_M0', 'duration': 2, 'start_time': 1607006123.671122, 'end_time': 0}}, '14_M1': {'worker_id': 2, 'job_id': '14', 'task family': 'map', 'task': {'task_id': '14_M1', 'duration': 2, 'start_time': 1607006124.053099, 'end_time': 0}}}}
<class 'int'>
2
<class 'int'>
2
<class 'int'>
1
<class 'int'>
1
Task sent: {"worker_id": 2, "job_id": "14", "task family": "map", "task": {"task_id": "14_M0", "start_time": 1607006123.671122, "end_time": 1607006125.3527582}}!
INFO: The task execution pool is empty!
Task sent: {"worker_id": 2, "job_id": "14", "task family": "map", "task": {"task_id": "14_M1", "start_time": 1607006124.053099, "end_time": 1607006125.353758}}!
Task received at worker: [{"worker_id": 2, "job_id": "14", "task family": "reduce", "task": {"task_id": "14_R0", "duration": 3}}]
{'worker_id': 2, 'job_id': '14', 'task family': 'reduce', 'task': {'task_id': '14_R0', 'duration': 3, 'start_time': 1607006125.5573394, 'end_time': 0}}
{'14': {'14_R0': {'worker_id': 2, 'job_id': '14', 'task family': 'reduce', 'task': {'task_id': '14_R0', 'duration': 3, 'start_time': 1607006125.5573394, 'end_time': 0}}}}
Task received at worker: [{"worker_id": 2, "job_id": "14", "task family": "reduce", "task": {"task_id": "14_R1", "duration": 1}}]
{'worker_id': 2, 'job_id': '14', 'task family': 'reduce', 'task': {'task_id': '14_R1', 'duration': 1, 'start_time': 1607006125.8744903, 'end_time': 0}}
{'14': {'14_R0': {'worker_id': 2, 'job_id': '14', 'task family': 'reduce', 'task': {'task_id': '14_R0', 'duration': 3, 'start_time': 1607006125.5573394, 'end_time': 0}}, '14_R1': {'worker_id': 2, 'job_id': '14', 'task family': 'reduce', 'task': {'task_id': '14_R1', 'duration': 1, 'start_time': 1607006125.8744903, 'end_time': 0}}}}
<class 'int'>
3
<class 'int'>
1
Task sent: {"worker_id": 2, "job_id": "14", "task family": "reduce", "task": {"task_id": "14_R1", "start_time": 1607006125.8744903, "end_time": 1607006126.4630497}}!
<class 'int'>
2
<class 'int'>
1
INFO: The task execution pool is empty!
Task sent: {"worker_id": 2, "job_id": "14", "task family": "reduce", "task": {"task_id": "14_R0", "start_time": 1607006125.5573394, "end_time": 1607006128.690229}}!
Task received at worker: [{"worker_id": 2, "job_id": "15", "task family": "map", "task": {"task_id": "15_M0", "duration": 2}}]
{'worker_id': 2, 'job_id': '15', 'task family': 'map', 'task': {'task_id': '15_M0', 'duration': 2, 'start_time': 1607006129.025333, 'end_time': 0}}
{'15': {'15_M0': {'worker_id': 2, 'job_id': '15', 'task family': 'map', 'task': {'task_id': '15_M0', 'duration': 2, 'start_time': 1607006129.025333, 'end_time': 0}}}}
Task received at worker: [{"worker_id": 2, "job_id": "15", "task family": "map", "task": {"task_id": "15_M1", "duration": 3}}]
{'worker_id': 2, 'job_id': '15', 'task family': 'map', 'task': {'task_id': '15_M1', 'duration': 3, 'start_time': 1607006129.3743997, 'end_time': 0}}
{'15': {'15_M0': {'worker_id': 2, 'job_id': '15', 'task family': 'map', 'task': {'task_id': '15_M0', 'duration': 2, 'start_time': 1607006129.025333, 'end_time': 0}}, '15_M1': {'worker_id': 2, 'job_id': '15', 'task family': 'map', 'task': {'task_id': '15_M1', 'duration': 3, 'start_time': 1607006129.3743997, 'end_time': 0}}}}
<class 'int'>
2
<class 'int'>
3
<class 'int'>
1
<class 'int'>
2
Task sent: {"worker_id": 2, "job_id": "15", "task family": "map", "task": {"task_id": "15_M0", "start_time": 1607006129.025333, "end_time": 1607006130.9046175}}!
<class 'int'>
1
INFO: The task execution pool is empty!
Task sent: {"worker_id": 2, "job_id": "15", "task family": "map", "task": {"task_id": "15_M1", "start_time": 1607006129.3743997, "end_time": 1607006131.9699204}}!
Task received at worker: [{"worker_id": 2, "job_id": "15", "task family": "reduce", "task": {"task_id": "15_R0", "duration": 3}}]
{'worker_id': 2, 'job_id': '15', 'task family': 'reduce', 'task': {'task_id': '15_R0', 'duration': 3, 'start_time': 1607006132.241195, 'end_time': 0}}
{'15': {'15_R0': {'worker_id': 2, 'job_id': '15', 'task family': 'reduce', 'task': {'task_id': '15_R0', 'duration': 3, 'start_time': 1607006132.241195, 'end_time': 0}}}}
Task received at worker: [{"worker_id": 2, "job_id": "15", "task family": "reduce", "task": {"task_id": "15_R1", "duration": 1}}]
{'worker_id': 2, 'job_id': '15', 'task family': 'reduce', 'task': {'task_id': '15_R1', 'duration': 1, 'start_time': 1607006132.6382928, 'end_time': 0}}
{'15': {'15_R0': {'worker_id': 2, 'job_id': '15', 'task family': 'reduce', 'task': {'task_id': '15_R0', 'duration': 3, 'start_time': 1607006132.241195, 'end_time': 0}}, '15_R1': {'worker_id': 2, 'job_id': '15', 'task family': 'reduce', 'task': {'task_id': '15_R1', 'duration': 1, 'start_time': 1607006132.6382928, 'end_time': 0}}}}
<class 'int'>
3
<class 'int'>
1
Task sent: {"worker_id": 2, "job_id": "15", "task family": "reduce", "task": {"task_id": "15_R1", "start_time": 1607006132.6382928, "end_time": 1607006133.0342338}}!
<class 'int'>
2
<class 'int'>
1
INFO: The task execution pool is empty!
Task sent: {"worker_id": 2, "job_id": "15", "task family": "reduce", "task": {"task_id": "15_R0", "start_time": 1607006132.241195, "end_time": 1607006135.2236307}}!
Task received at worker: [{"worker_id": 2, "job_id": "16", "task family": "map", "task": {"task_id": "16_M0", "duration": 1}}]
{'worker_id': 2, 'job_id': '16', 'task family': 'map', 'task': {'task_id': '16_M0', 'duration': 1, 'start_time': 1607006135.7134414, 'end_time': 0}}
{'16': {'16_M0': {'worker_id': 2, 'job_id': '16', 'task family': 'map', 'task': {'task_id': '16_M0', 'duration': 1, 'start_time': 1607006135.7134414, 'end_time': 0}}}}
Task received at worker: [{"worker_id": 2, "job_id": "16", "task family": "map", "task": {"task_id": "16_M1", "duration": 2}}]
{'worker_id': 2, 'job_id': '16', 'task family': 'map', 'task': {'task_id': '16_M1', 'duration': 2, 'start_time': 1607006135.9039319, 'end_time': 0}}
{'16': {'16_M0': {'worker_id': 2, 'job_id': '16', 'task family': 'map', 'task': {'task_id': '16_M0', 'duration': 1, 'start_time': 1607006135.7134414, 'end_time': 0}}, '16_M1': {'worker_id': 2, 'job_id': '16', 'task family': 'map', 'task': {'task_id': '16_M1', 'duration': 2, 'start_time': 1607006135.9039319, 'end_time': 0}}}}
<class 'int'>
1
<class 'int'>
2
Task sent: {"worker_id": 2, "job_id": "16", "task family": "map", "task": {"task_id": "16_M0", "start_time": 1607006135.7134414, "end_time": 1607006136.2679598}}!
<class 'int'>
1
INFO: The task execution pool is empty!
Task sent: {"worker_id": 2, "job_id": "16", "task family": "map", "task": {"task_id": "16_M1", "start_time": 1607006135.9039319, "end_time": 1607006137.3761446}}!
Task received at worker: [{"worker_id": 2, "job_id": "16", "task family": "reduce", "task": {"task_id": "16_R0", "duration": 2}}]
{'worker_id': 2, 'job_id': '16', 'task family': 'reduce', 'task': {'task_id': '16_R0', 'duration': 2, 'start_time': 1607006137.8518708, 'end_time': 0}}
{'16': {'16_R0': {'worker_id': 2, 'job_id': '16', 'task family': 'reduce', 'task': {'task_id': '16_R0', 'duration': 2, 'start_time': 1607006137.8518708, 'end_time': 0}}}}
Task received at worker: [{"worker_id": 2, "job_id": "16", "task family": "reduce", "task": {"task_id": "16_R1", "duration": 3}}]
{'worker_id': 2, 'job_id': '16', 'task family': 'reduce', 'task': {'task_id': '16_R1', 'duration': 3, 'start_time': 1607006138.1391027, 'end_time': 0}}
{'16': {'16_R0': {'worker_id': 2, 'job_id': '16', 'task family': 'reduce', 'task': {'task_id': '16_R0', 'duration': 2, 'start_time': 1607006137.8518708, 'end_time': 0}}, '16_R1': {'worker_id': 2, 'job_id': '16', 'task family': 'reduce', 'task': {'task_id': '16_R1', 'duration': 3, 'start_time': 1607006138.1391027, 'end_time': 0}}}}
<class 'int'>
2
<class 'int'>
3
<class 'int'>
1
<class 'int'>
2
Task sent: {"worker_id": 2, "job_id": "16", "task family": "reduce", "task": {"task_id": "16_R0", "start_time": 1607006137.8518708, "end_time": 1607006139.5047557}}!
<class 'int'>
1
INFO: The task execution pool is empty!
Task sent: {"worker_id": 2, "job_id": "16", "task family": "reduce", "task": {"task_id": "16_R1", "start_time": 1607006138.1391027, "end_time": 1607006140.5391786}}!
Task received at worker: [{"worker_id": 2, "job_id": "17", "task family": "map", "task": {"task_id": "17_M0", "duration": 1}}]
{'worker_id': 2, 'job_id': '17', 'task family': 'map', 'task': {'task_id': '17_M0', 'duration': 1, 'start_time': 1607006141.108653, 'end_time': 0}}
{'17': {'17_M0': {'worker_id': 2, 'job_id': '17', 'task family': 'map', 'task': {'task_id': '17_M0', 'duration': 1, 'start_time': 1607006141.108653, 'end_time': 0}}}}
Task received at worker: [{"worker_id": 2, "job_id": "17", "task family": "map", "task": {"task_id": "17_M1", "duration": 1}}]
{'worker_id': 2, 'job_id': '17', 'task family': 'map', 'task': {'task_id': '17_M1', 'duration': 1, 'start_time': 1607006141.3300657, 'end_time': 0}}
{'17': {'17_M0': {'worker_id': 2, 'job_id': '17', 'task family': 'map', 'task': {'task_id': '17_M0', 'duration': 1, 'start_time': 1607006141.108653, 'end_time': 0}}, '17_M1': {'worker_id': 2, 'job_id': '17', 'task family': 'map', 'task': {'task_id': '17_M1', 'duration': 1, 'start_time': 1607006141.3300657, 'end_time': 0}}}}
<class 'int'>
1
<class 'int'>
1
Task sent: {"worker_id": 2, "job_id": "17", "task family": "map", "task": {"task_id": "17_M0", "start_time": 1607006141.108653, "end_time": 1607006141.6302578}}!
INFO: The task execution pool is empty!
Task sent: {"worker_id": 2, "job_id": "17", "task family": "map", "task": {"task_id": "17_M1", "start_time": 1607006141.3300657, "end_time": 1607006141.6312573}}!
Task received at worker: [{"worker_id": 2, "job_id": "17", "task family": "reduce", "task": {"task_id": "17_R0", "duration": 4}}]
{'worker_id': 2, 'job_id': '17', 'task family': 'reduce', 'task': {'task_id': '17_R0', 'duration': 4, 'start_time': 1607006141.9334493, 'end_time': 0}}
{'17': {'17_R0': {'worker_id': 2, 'job_id': '17', 'task family': 'reduce', 'task': {'task_id': '17_R0', 'duration': 4, 'start_time': 1607006141.9334493, 'end_time': 0}}}}
Task received at worker: [{"worker_id": 2, "job_id": "17", "task family": "reduce", "task": {"task_id": "17_R1", "duration": 1}}]
{'worker_id': 2, 'job_id': '17', 'task family': 'reduce', 'task': {'task_id': '17_R1', 'duration': 1, 'start_time': 1607006142.203725, 'end_time': 0}}
{'17': {'17_R0': {'worker_id': 2, 'job_id': '17', 'task family': 'reduce', 'task': {'task_id': '17_R0', 'duration': 4, 'start_time': 1607006141.9334493, 'end_time': 0}}, '17_R1': {'worker_id': 2, 'job_id': '17', 'task family': 'reduce', 'task': {'task_id': '17_R1', 'duration': 1, 'start_time': 1607006142.203725, 'end_time': 0}}}}
<class 'int'>
4
<class 'int'>
1
Task sent: {"worker_id": 2, "job_id": "17", "task family": "reduce", "task": {"task_id": "17_R1", "start_time": 1607006142.203725, "end_time": 1607006142.7573845}}!
<class 'int'>
3
<class 'int'>
2
<class 'int'>
1
INFO: The task execution pool is empty!
Task sent: {"worker_id": 2, "job_id": "17", "task family": "reduce", "task": {"task_id": "17_R0", "start_time": 1607006141.9334493, "end_time": 1607006146.3540728}}!
Task received at worker: [{"worker_id": 2, "job_id": "18", "task family": "map", "task": {"task_id": "18_M0", "duration": 1}}]
{'worker_id': 2, 'job_id': '18', 'task family': 'map', 'task': {'task_id': '18_M0', 'duration': 1, 'start_time': 1607006146.7980213, 'end_time': 0}}
{'18': {'18_M0': {'worker_id': 2, 'job_id': '18', 'task family': 'map', 'task': {'task_id': '18_M0', 'duration': 1, 'start_time': 1607006146.7980213, 'end_time': 0}}}}
<class 'int'>
1
INFO: The task execution pool is empty!
Task sent: {"worker_id": 2, "job_id": "18", "task family": "map", "task": {"task_id": "18_M0", "start_time": 1607006146.7980213, "end_time": 1607006147.4333224}}!
Task received at worker: [{"worker_id": 2, "job_id": "18", "task family": "reduce", "task": {"task_id": "18_R0", "duration": 2}}]
{'worker_id': 2, 'job_id': '18', 'task family': 'reduce', 'task': {'task_id': '18_R0', 'duration': 2, 'start_time': 1607006147.5445082, 'end_time': 0}}
{'18': {'18_R0': {'worker_id': 2, 'job_id': '18', 'task family': 'reduce', 'task': {'task_id': '18_R0', 'duration': 2, 'start_time': 1607006147.5445082, 'end_time': 0}}}}
<class 'int'>
2
<class 'int'>
1
INFO: The task execution pool is empty!
Task sent: {"worker_id": 2, "job_id": "18", "task family": "reduce", "task": {"task_id": "18_R0", "start_time": 1607006147.5445082, "end_time": 1607006149.5783281}}!
Task received at worker: [{"worker_id": 2, "job_id": "19", "task family": "map", "task": {"task_id": "19_M0", "duration": 2}}]
{'worker_id': 2, 'job_id': '19', 'task family': 'map', 'task': {'task_id': '19_M0', 'duration': 2, 'start_time': 1607006150.039096, 'end_time': 0}}
{'19': {'19_M0': {'worker_id': 2, 'job_id': '19', 'task family': 'map', 'task': {'task_id': '19_M0', 'duration': 2, 'start_time': 1607006150.039096, 'end_time': 0}}}}
<class 'int'>
2
<class 'int'>
1
INFO: The task execution pool is empty!
Task sent: {"worker_id": 2, "job_id": "19", "task family": "map", "task": {"task_id": "19_M0", "start_time": 1607006150.039096, "end_time": 1607006151.6769912}}!
Task received at worker: [{"worker_id": 2, "job_id": "19", "task family": "reduce", "task": {"task_id": "19_R0", "duration": 4}}]
{'worker_id': 2, 'job_id': '19', 'task family': 'reduce', 'task': {'task_id': '19_R0', 'duration': 4, 'start_time': 1607006152.0430124, 'end_time': 0}}
{'19': {'19_R0': {'worker_id': 2, 'job_id': '19', 'task family': 'reduce', 'task': {'task_id': '19_R0', 'duration': 4, 'start_time': 1607006152.0430124, 'end_time': 0}}}}
<class 'int'>
4
<class 'int'>
3
<class 'int'>
2
<class 'int'>
1
INFO: The task execution pool is empty!
Task sent: {"worker_id": 2, "job_id": "19", "task family": "reduce", "task": {"task_id": "19_R0", "start_time": 1607006152.0430124, "end_time": 1607006156.206401}}!