2 generated the key b'FpAsJBINiJvYTVa_t4wWVdA2Hp9t3qKxWwBDFRQhjD4='
Sleeping for 1.0s
INFO: The task execution pool is empty!
INFO: Created the Task Execution Pool Poller thread!
Task received at worker: [{"worker_id": 2, "job_id": "0", "task_family": "map", "task": {"task_id": "0_M1", "duration": 3}}]
{'worker_id': 2, 'job_id': '0', 'task_family': 'map', 'task': {'task_id': '0_M1', 'duration': 3, 'start_time': 1607177080.7140677, 'end_time': 0}}
{'0': {'0_M1': {'worker_id': 2, 'job_id': '0', 'task_family': 'map', 'task': {'task_id': '0_M1', 'duration': 3, 'start_time': 1607177080.7140677, 'end_time': 0}}}}
Task received at worker: [{"worker_id": 2, "job_id": "2", "task_family": "map", "task": {"task_id": "2_M0", "duration": 4}}]
{'worker_id': 2, 'job_id': '2', 'task_family': 'map', 'task': {'task_id': '2_M0', 'duration': 4, 'start_time': 1607177083.701034, 'end_time': 0}}
{'0': {'0_M1': {'worker_id': 2, 'job_id': '0', 'task_family': 'map', 'task': {'task_id': '0_M1', 'duration': 3, 'start_time': 1607177080.7140677, 'end_time': 0}}}, '2': {'2_M0': {'worker_id': 2, 'job_id': '2', 'task_family': 'map', 'task': {'task_id': '2_M0', 'duration': 4, 'start_time': 1607177083.701034, 'end_time': 0}}}}
Task sent: {"worker_id": 2, "job_id": "0", "task_family": "map", "task": {"task_id": "0_M1", "start_time": 1607177080.7140677, "end_time": 1607177083.717013}}!
Task received at worker: [{"worker_id": 2, "job_id": "1", "task_family": "reduce", "task": {"task_id": "1_R0", "duration": 3}}]
{'worker_id': 2, 'job_id': '1', 'task_family': 'reduce', 'task': {'task_id': '1_R0', 'duration': 3, 'start_time': 1607177085.5348992, 'end_time': 0}}
{'2': {'2_M0': {'worker_id': 2, 'job_id': '2', 'task_family': 'map', 'task': {'task_id': '2_M0', 'duration': 4, 'start_time': 1607177083.701034, 'end_time': 0}}}, '1': {'1_R0': {'worker_id': 2, 'job_id': '1', 'task_family': 'reduce', 'task': {'task_id': '1_R0', 'duration': 3, 'start_time': 1607177085.5348992, 'end_time': 0}}}}
Task received at worker: [{"worker_id": 2, "job_id": "3", "task_family": "map", "task": {"task_id": "3_M2", "duration": 3}}]
{'worker_id': 2, 'job_id': '3', 'task_family': 'map', 'task': {'task_id': '3_M2', 'duration': 3, 'start_time': 1607177086.6561134, 'end_time': 0}}
{'2': {'2_M0': {'worker_id': 2, 'job_id': '2', 'task_family': 'map', 'task': {'task_id': '2_M0', 'duration': 4, 'start_time': 1607177083.701034, 'end_time': 0}}}, '1': {'1_R0': {'worker_id': 2, 'job_id': '1', 'task_family': 'reduce', 'task': {'task_id': '1_R0', 'duration': 3, 'start_time': 1607177085.5348992, 'end_time': 0}}}, '3': {'3_M2': {'worker_id': 2, 'job_id': '3', 'task_family': 'map', 'task': {'task_id': '3_M2', 'duration': 3, 'start_time': 1607177086.6561134, 'end_time': 0}}}}
Task sent: {"worker_id": 2, "job_id": "2", "task_family": "map", "task": {"task_id": "2_M0", "start_time": 1607177083.701034, "end_time": 1607177087.7133534}}!
Task received at worker: [{"worker_id": 2, "job_id": "2", "task_family": "reduce", "task": {"task_id": "2_R0", "duration": 2}}]
{'worker_id': 2, 'job_id': '2', 'task_family': 'reduce', 'task': {'task_id': '2_R0', 'duration': 2, 'start_time': 1607177087.933814, 'end_time': 0}}
{'1': {'1_R0': {'worker_id': 2, 'job_id': '1', 'task_family': 'reduce', 'task': {'task_id': '1_R0', 'duration': 3, 'start_time': 1607177085.5348992, 'end_time': 0}}}, '3': {'3_M2': {'worker_id': 2, 'job_id': '3', 'task_family': 'map', 'task': {'task_id': '3_M2', 'duration': 3, 'start_time': 1607177086.6561134, 'end_time': 0}}}, '2': {'2_R0': {'worker_id': 2, 'job_id': '2', 'task_family': 'reduce', 'task': {'task_id': '2_R0', 'duration': 2, 'start_time': 1607177087.933814, 'end_time': 0}}}}
Task received at worker: [{"worker_id": 2, "job_id": "5", "task_family": "map", "task": {"task_id": "5_M1", "duration": 1}}]
{'worker_id': 2, 'job_id': '5', 'task_family': 'map', 'task': {'task_id': '5_M1', 'duration': 1, 'start_time': 1607177088.1415632, 'end_time': 0}}
{'1': {'1_R0': {'worker_id': 2, 'job_id': '1', 'task_family': 'reduce', 'task': {'task_id': '1_R0', 'duration': 3, 'start_time': 1607177085.5348992, 'end_time': 0}}}, '3': {'3_M2': {'worker_id': 2, 'job_id': '3', 'task_family': 'map', 'task': {'task_id': '3_M2', 'duration': 3, 'start_time': 1607177086.6561134, 'end_time': 0}}}, '2': {'2_R0': {'worker_id': 2, 'job_id': '2', 'task_family': 'reduce', 'task': {'task_id': '2_R0', 'duration': 2, 'start_time': 1607177087.933814, 'end_time': 0}}}, '5': {'5_M1': {'worker_id': 2, 'job_id': '5', 'task_family': 'map', 'task': {'task_id': '5_M1', 'duration': 1, 'start_time': 1607177088.1415632, 'end_time': 0}}}}
Task received at worker: [{"worker_id": 2, "job_id": "6", "task_family": "map", "task": {"task_id": "6_M0", "duration": 3}}]
{'worker_id': 2, 'job_id': '6', 'task_family': 'map', 'task': {'task_id': '6_M0', 'duration': 3, 'start_time': 1607177088.5239658, 'end_time': 0}}
{'1': {'1_R0': {'worker_id': 2, 'job_id': '1', 'task_family': 'reduce', 'task': {'task_id': '1_R0', 'duration': 3, 'start_time': 1607177085.5348992, 'end_time': 0}}}, '3': {'3_M2': {'worker_id': 2, 'job_id': '3', 'task_family': 'map', 'task': {'task_id': '3_M2', 'duration': 3, 'start_time': 1607177086.6561134, 'end_time': 0}}}, '2': {'2_R0': {'worker_id': 2, 'job_id': '2', 'task_family': 'reduce', 'task': {'task_id': '2_R0', 'duration': 2, 'start_time': 1607177087.933814, 'end_time': 0}}}, '5': {'5_M1': {'worker_id': 2, 'job_id': '5', 'task_family': 'map', 'task': {'task_id': '5_M1', 'duration': 1, 'start_time': 1607177088.1415632, 'end_time': 0}}}, '6': {'6_M0': {'worker_id': 2, 'job_id': '6', 'task_family': 'map', 'task': {'task_id': '6_M0', 'duration': 3, 'start_time': 1607177088.5239658, 'end_time': 0}}}}
Task sent: {"worker_id": 2, "job_id": "1", "task_family": "reduce", "task": {"task_id": "1_R0", "start_time": 1607177085.5348992, "end_time": 1607177088.5510411}}!
Task received at worker: [{"worker_id": 2, "job_id": "7", "task_family": "map", "task": {"task_id": "7_M0", "duration": 4}}]
{'worker_id': 2, 'job_id': '7', 'task_family': 'map', 'task': {'task_id': '7_M0', 'duration': 4, 'start_time': 1607177088.8534636, 'end_time': 0}}
{'3': {'3_M2': {'worker_id': 2, 'job_id': '3', 'task_family': 'map', 'task': {'task_id': '3_M2', 'duration': 3, 'start_time': 1607177086.6561134, 'end_time': 0}}}, '2': {'2_R0': {'worker_id': 2, 'job_id': '2', 'task_family': 'reduce', 'task': {'task_id': '2_R0', 'duration': 2, 'start_time': 1607177087.933814, 'end_time': 0}}}, '5': {'5_M1': {'worker_id': 2, 'job_id': '5', 'task_family': 'map', 'task': {'task_id': '5_M1', 'duration': 1, 'start_time': 1607177088.1415632, 'end_time': 0}}}, '6': {'6_M0': {'worker_id': 2, 'job_id': '6', 'task_family': 'map', 'task': {'task_id': '6_M0', 'duration': 3, 'start_time': 1607177088.5239658, 'end_time': 0}}}, '7': {'7_M0': {'worker_id': 2, 'job_id': '7', 'task_family': 'map', 'task': {'task_id': '7_M0', 'duration': 4, 'start_time': 1607177088.8534636, 'end_time': 0}}}}
Task received at worker: [{"worker_id": 2, "job_id": "7", "task_family": "map", "task": {"task_id": "7_M2", "duration": 2}}]
{'worker_id': 2, 'job_id': '7', 'task_family': 'map', 'task': {'task_id': '7_M2', 'duration': 2, 'start_time': 1607177089.010082, 'end_time': 0}}
{'3': {'3_M2': {'worker_id': 2, 'job_id': '3', 'task_family': 'map', 'task': {'task_id': '3_M2', 'duration': 3, 'start_time': 1607177086.6561134, 'end_time': 0}}}, '2': {'2_R0': {'worker_id': 2, 'job_id': '2', 'task_family': 'reduce', 'task': {'task_id': '2_R0', 'duration': 2, 'start_time': 1607177087.933814, 'end_time': 0}}}, '5': {'5_M1': {'worker_id': 2, 'job_id': '5', 'task_family': 'map', 'task': {'task_id': '5_M1', 'duration': 1, 'start_time': 1607177088.1415632, 'end_time': 0}}}, '6': {'6_M0': {'worker_id': 2, 'job_id': '6', 'task_family': 'map', 'task': {'task_id': '6_M0', 'duration': 3, 'start_time': 1607177088.5239658, 'end_time': 0}}}, '7': {'7_M0': {'worker_id': 2, 'job_id': '7', 'task_family': 'map', 'task': {'task_id': '7_M0', 'duration': 4, 'start_time': 1607177088.8534636, 'end_time': 0}}, '7_M2': {'worker_id': 2, 'job_id': '7', 'task_family': 'map', 'task': {'task_id': '7_M2', 'duration': 2, 'start_time': 1607177089.010082, 'end_time': 0}}}}
Task sent: {"worker_id": 2, "job_id": "5", "task_family": "map", "task": {"task_id": "5_M1", "start_time": 1607177088.1415632, "end_time": 1607177089.1688821}}!
Task sent: {"worker_id": 2, "job_id": "3", "task_family": "map", "task": {"task_id": "3_M2", "start_time": 1607177086.6561134, "end_time": 1607177089.6601303}}!
Task sent: {"worker_id": 2, "job_id": "2", "task_family": "reduce", "task": {"task_id": "2_R0", "start_time": 1607177087.933814, "end_time": 1607177089.943889}}!
Task received at worker: [{"worker_id": 2, "job_id": "3", "task_family": "reduce", "task": {"task_id": "3_R0", "duration": 1}}]
{'worker_id': 2, 'job_id': '3', 'task_family': 'reduce', 'task': {'task_id': '3_R0', 'duration': 1, 'start_time': 1607177090.954025, 'end_time': 0}}
{'6': {'6_M0': {'worker_id': 2, 'job_id': '6', 'task_family': 'map', 'task': {'task_id': '6_M0', 'duration': 3, 'start_time': 1607177088.5239658, 'end_time': 0}}}, '7': {'7_M0': {'worker_id': 2, 'job_id': '7', 'task_family': 'map', 'task': {'task_id': '7_M0', 'duration': 4, 'start_time': 1607177088.8534636, 'end_time': 0}}, '7_M2': {'worker_id': 2, 'job_id': '7', 'task_family': 'map', 'task': {'task_id': '7_M2', 'duration': 2, 'start_time': 1607177089.010082, 'end_time': 0}}}, '3': {'3_R0': {'worker_id': 2, 'job_id': '3', 'task_family': 'reduce', 'task': {'task_id': '3_R0', 'duration': 1, 'start_time': 1607177090.954025, 'end_time': 0}}}}
Task sent: {"worker_id": 2, "job_id": "7", "task_family": "map", "task": {"task_id": "7_M2", "start_time": 1607177089.010082, "end_time": 1607177091.010564}}!
Task sent: {"worker_id": 2, "job_id": "6", "task_family": "map", "task": {"task_id": "6_M0", "start_time": 1607177088.5239658, "end_time": 1607177091.5313272}}!
Task sent: {"worker_id": 2, "job_id": "3", "task_family": "reduce", "task": {"task_id": "3_R0", "start_time": 1607177090.954025, "end_time": 1607177091.9727466}}!
Task received at worker: [{"worker_id": 2, "job_id": "5", "task_family": "reduce", "task": {"task_id": "5_R0", "duration": 4}}]
{'worker_id': 2, 'job_id': '5', 'task_family': 'reduce', 'task': {'task_id': '5_R0', 'duration': 4, 'start_time': 1607177092.3038716, 'end_time': 0}}
{'7': {'7_M0': {'worker_id': 2, 'job_id': '7', 'task_family': 'map', 'task': {'task_id': '7_M0', 'duration': 4, 'start_time': 1607177088.8534636, 'end_time': 0}}}, '5': {'5_R0': {'worker_id': 2, 'job_id': '5', 'task_family': 'reduce', 'task': {'task_id': '5_R0', 'duration': 4, 'start_time': 1607177092.3038716, 'end_time': 0}}}}
Task sent: {"worker_id": 2, "job_id": "7", "task_family": "map", "task": {"task_id": "7_M0", "start_time": 1607177088.8534636, "end_time": 1607177092.8593855}}!
Task received at worker: [{"worker_id": 2, "job_id": "8", "task_family": "reduce", "task": {"task_id": "8_R1", "duration": 2}}]
{'worker_id': 2, 'job_id': '8', 'task_family': 'reduce', 'task': {'task_id': '8_R1', 'duration': 2, 'start_time': 1607177093.868334, 'end_time': 0}}
{'5': {'5_R0': {'worker_id': 2, 'job_id': '5', 'task_family': 'reduce', 'task': {'task_id': '5_R0', 'duration': 4, 'start_time': 1607177092.3038716, 'end_time': 0}}}, '8': {'8_R1': {'worker_id': 2, 'job_id': '8', 'task_family': 'reduce', 'task': {'task_id': '8_R1', 'duration': 2, 'start_time': 1607177093.868334, 'end_time': 0}}}}
Task sent: {"worker_id": 2, "job_id": "8", "task_family": "reduce", "task": {"task_id": "8_R1", "start_time": 1607177093.868334, "end_time": 1607177095.877526}}!
INFO: The task execution pool is empty!
Task sent: {"worker_id": 2, "job_id": "5", "task_family": "reduce", "task": {"task_id": "5_R0", "start_time": 1607177092.3038716, "end_time": 1607177096.319903}}!