1 generated the key b'lpBGGM_PaY65hbCU5s8XQWfWNjaqVGHpua9zwunoals='
Sleeping for 0.5s
Task received at worker: [{"worker_id": 1, "job_id": "0", "task family": "map", "task": {"task_id": "0_M0", "duration": 3}}]
{'worker_id': 1, 'job_id': '0', 'task family': 'map', 'task': {'task_id': '0_M0', 'duration': 3, 'start_time': 1606951210.0244994, 'end_time': 0}}
{'0': {'0_M0': {'worker_id': 1, 'job_id': '0', 'task family': 'map', 'task': {'task_id': '0_M0', 'duration': 3, 'start_time': 1606951210.0244994, 'end_time': 0}}}}
<class 'int'>
3
<class 'int'>
2
Task received at worker: [{"worker_id": 1, "job_id": "1", "task family": "map", "task": {"task_id": "1_M1", "duration": 4}}]
{'worker_id': 1, 'job_id': '1', 'task family': 'map', 'task': {'task_id': '1_M1', 'duration': 4, 'start_time': 1606951211.3268528, 'end_time': 0}}
{'0': {'0_M0': {'worker_id': 1, 'job_id': '0', 'task family': 'map', 'task': {'task_id': '0_M0', 'duration': 1, 'start_time': 1606951210.0244994, 'end_time': 0}}}, '1': {'1_M1': {'worker_id': 1, 'job_id': '1', 'task family': 'map', 'task': {'task_id': '1_M1', 'duration': 4, 'start_time': 1606951211.3268528, 'end_time': 0}}}}
<class 'int'>
1
<class 'int'>
4
Task sent: {"worker_id": 1, "job_id": "0", "task family": "map", "task": {"task_id": "0_M0", "start_time": 1606951210.0244994, "end_time": 1606951212.0777662}}!
Task received at worker: [{"worker_id": 1, "job_id": "2", "task family": "map", "task": {"task_id": "2_M1", "duration": 1}}]
{'worker_id': 1, 'job_id': '2', 'task family': 'map', 'task': {'task_id': '2_M1', 'duration': 1, 'start_time': 1606951212.4389465, 'end_time': 0}}
{'1': {'1_M1': {'worker_id': 1, 'job_id': '1', 'task family': 'map', 'task': {'task_id': '1_M1', 'duration': 3, 'start_time': 1606951211.3268528, 'end_time': 0}}}, '2': {'2_M1': {'worker_id': 1, 'job_id': '2', 'task family': 'map', 'task': {'task_id': '2_M1', 'duration': 1, 'start_time': 1606951212.4389465, 'end_time': 0}}}}
<class 'int'>
3
<class 'int'>
1
Task received at worker: [{"worker_id": 1, "job_id": "4", "task family": "map", "task": {"task_id": "4_M0", "duration": 4}}]
{'worker_id': 1, 'job_id': '4', 'task family': 'map', 'task': {'task_id': '4_M0', 'duration': 4, 'start_time': 1606951213.1382802, 'end_time': 0}}
{'1': {'1_M1': {'worker_id': 1, 'job_id': '1', 'task family': 'map', 'task': {'task_id': '1_M1', 'duration': 2, 'start_time': 1606951211.3268528, 'end_time': 0}}}, '4': {'4_M0': {'worker_id': 1, 'job_id': '4', 'task family': 'map', 'task': {'task_id': '4_M0', 'duration': 4, 'start_time': 1606951213.1382802, 'end_time': 0}}}}
Task received at worker: [{"worker_id": 1, "job_id": "4", "task family": "map", "task": {"task_id": "4_M3", "duration": 3}}]
{'worker_id': 1, 'job_id': '4', 'task family': 'map', 'task': {'task_id': '4_M3', 'duration': 3, 'start_time': 1606951213.138877, 'end_time': 0}}
{'1': {'1_M1': {'worker_id': 1, 'job_id': '1', 'task family': 'map', 'task': {'task_id': '1_M1', 'duration': 2, 'start_time': 1606951211.3268528, 'end_time': 0}}}, '4': {'4_M0': {'worker_id': 1, 'job_id': '4', 'task family': 'map', 'task': {'task_id': '4_M0', 'duration': 4, 'start_time': 1606951213.1382802, 'end_time': 0}}, '4_M3': {'worker_id': 1, 'job_id': '4', 'task family': 'map', 'task': {'task_id': '4_M3', 'duration': 3, 'start_time': 1606951213.138877, 'end_time': 0}}}}
Task sent: {"worker_id": 1, "job_id": "2", "task family": "map", "task": {"task_id": "2_M1", "start_time": 1606951212.4389465, "end_time": 1606951213.1379733}}!
<class 'int'>
2
<class 'int'>
4
<class 'int'>
3
Task received at worker: [{"worker_id": 1, "job_id": "2", "task family": "reduce", "task": {"task_id": "2_R1", "duration": 1}}]
{'worker_id': 1, 'job_id': '2', 'task family': 'reduce', 'task': {'task_id': '2_R1', 'duration': 1, 'start_time': 1606951214.6711187, 'end_time': 0}}
{'1': {'1_M1': {'worker_id': 1, 'job_id': '1', 'task family': 'map', 'task': {'task_id': '1_M1', 'duration': 1, 'start_time': 1606951211.3268528, 'end_time': 0}}}, '4': {'4_M0': {'worker_id': 1, 'job_id': '4', 'task family': 'map', 'task': {'task_id': '4_M0', 'duration': 3, 'start_time': 1606951213.1382802, 'end_time': 0}}, '4_M3': {'worker_id': 1, 'job_id': '4', 'task family': 'map', 'task': {'task_id': '4_M3', 'duration': 2, 'start_time': 1606951213.138877, 'end_time': 0}}}, '2': {'2_R1': {'worker_id': 1, 'job_id': '2', 'task family': 'reduce', 'task': {'task_id': '2_R1', 'duration': 1, 'start_time': 1606951214.6711187, 'end_time': 0}}}}
<class 'int'>
1
<class 'int'>
3
<class 'int'>
2
<class 'int'>
1
Task sent: {"worker_id": 1, "job_id": "1", "task family": "map", "task": {"task_id": "1_M1", "start_time": 1606951211.3268528, "end_time": 1606951215.165589}}!
Task sent: {"worker_id": 1, "job_id": "2", "task family": "reduce", "task": {"task_id": "2_R1", "start_time": 1606951214.6711187, "end_time": 1606951215.1661446}}!
Task received at worker: [{"worker_id": 1, "job_id": "1", "task family": "reduce", "task": {"task_id": "1_R0", "duration": 4}}]
{'worker_id': 1, 'job_id': '1', 'task family': 'reduce', 'task': {'task_id': '1_R0', 'duration': 4, 'start_time': 1606951215.285927, 'end_time': 0}}
{'4': {'4_M0': {'worker_id': 1, 'job_id': '4', 'task family': 'map', 'task': {'task_id': '4_M0', 'duration': 2, 'start_time': 1606951213.1382802, 'end_time': 0}}, '4_M3': {'worker_id': 1, 'job_id': '4', 'task family': 'map', 'task': {'task_id': '4_M3', 'duration': 1, 'start_time': 1606951213.138877, 'end_time': 0}}}, '1': {'1_R0': {'worker_id': 1, 'job_id': '1', 'task family': 'reduce', 'task': {'task_id': '1_R0', 'duration': 4, 'start_time': 1606951215.285927, 'end_time': 0}}}}
<class 'int'>
2
<class 'int'>
1
<class 'int'>
4
Task sent: {"worker_id": 1, "job_id": "4", "task family": "map", "task": {"task_id": "4_M3", "start_time": 1606951213.138877, "end_time": 1606951216.1925888}}!
Task received at worker: [{"worker_id": 1, "job_id": "3", "task family": "reduce", "task": {"task_id": "3_R1", "duration": 3}}]
{'worker_id': 1, 'job_id': '3', 'task family': 'reduce', 'task': {'task_id': '3_R1', 'duration': 3, 'start_time': 1606951216.4153292, 'end_time': 0}}
{'4': {'4_M0': {'worker_id': 1, 'job_id': '4', 'task family': 'map', 'task': {'task_id': '4_M0', 'duration': 1, 'start_time': 1606951213.1382802, 'end_time': 0}}}, '1': {'1_R0': {'worker_id': 1, 'job_id': '1', 'task family': 'reduce', 'task': {'task_id': '1_R0', 'duration': 3, 'start_time': 1606951215.285927, 'end_time': 0}}}, '3': {'3_R1': {'worker_id': 1, 'job_id': '3', 'task family': 'reduce', 'task': {'task_id': '3_R1', 'duration': 3, 'start_time': 1606951216.4153292, 'end_time': 0}}}}
<class 'int'>
1
<class 'int'>
3
<class 'int'>
3
Task sent: {"worker_id": 1, "job_id": "4", "task family": "map", "task": {"task_id": "4_M0", "start_time": 1606951213.1382802, "end_time": 1606951217.2092457}}!
Task received at worker: [{"worker_id": 1, "job_id": "4", "task family": "reduce", "task": {"task_id": "4_R1", "duration": 2}}]
{'worker_id': 1, 'job_id': '4', 'task family': 'reduce', 'task': {'task_id': '4_R1', 'duration': 2, 'start_time': 1606951217.3049889, 'end_time': 0}}
{'1': {'1_R0': {'worker_id': 1, 'job_id': '1', 'task family': 'reduce', 'task': {'task_id': '1_R0', 'duration': 2, 'start_time': 1606951215.285927, 'end_time': 0}}}, '3': {'3_R1': {'worker_id': 1, 'job_id': '3', 'task family': 'reduce', 'task': {'task_id': '3_R1', 'duration': 2, 'start_time': 1606951216.4153292, 'end_time': 0}}}, '4': {'4_R1': {'worker_id': 1, 'job_id': '4', 'task family': 'reduce', 'task': {'task_id': '4_R1', 'duration': 2, 'start_time': 1606951217.3049889, 'end_time': 0}}}}
Task received at worker: [{"worker_id": 1, "job_id": "6", "task family": "map", "task": {"task_id": "6_M2", "duration": 2}}]
{'worker_id': 1, 'job_id': '6', 'task family': 'map', 'task': {'task_id': '6_M2', 'duration': 2, 'start_time': 1606951217.4823892, 'end_time': 0}}
{'1': {'1_R0': {'worker_id': 1, 'job_id': '1', 'task family': 'reduce', 'task': {'task_id': '1_R0', 'duration': 2, 'start_time': 1606951215.285927, 'end_time': 0}}}, '3': {'3_R1': {'worker_id': 1, 'job_id': '3', 'task family': 'reduce', 'task': {'task_id': '3_R1', 'duration': 2, 'start_time': 1606951216.4153292, 'end_time': 0}}}, '4': {'4_R1': {'worker_id': 1, 'job_id': '4', 'task family': 'reduce', 'task': {'task_id': '4_R1', 'duration': 2, 'start_time': 1606951217.3049889, 'end_time': 0}}}, '6': {'6_M2': {'worker_id': 1, 'job_id': '6', 'task family': 'map', 'task': {'task_id': '6_M2', 'duration': 2, 'start_time': 1606951217.4823892, 'end_time': 0}}}}
<class 'int'>
2
<class 'int'>
2
<class 'int'>
2
<class 'int'>
2
<class 'int'>
1
<class 'int'>
1
<class 'int'>
1
<class 'int'>
1
Task sent: {"worker_id": 1, "job_id": "1", "task family": "reduce", "task": {"task_id": "1_R0", "start_time": 1606951215.285927, "end_time": 1606951219.23733}}!
Task sent: {"worker_id": 1, "job_id": "3", "task family": "reduce", "task": {"task_id": "3_R1", "start_time": 1606951216.4153292, "end_time": 1606951219.2376356}}!
Task sent: {"worker_id": 1, "job_id": "4", "task family": "reduce", "task": {"task_id": "4_R1", "start_time": 1606951217.3049889, "end_time": 1606951219.2379074}}!
Task sent: {"worker_id": 1, "job_id": "6", "task family": "map", "task": {"task_id": "6_M2", "start_time": 1606951217.4823892, "end_time": 1606951219.2380207}}!
Task received at worker: [{"worker_id": 1, "job_id": "7", "task family": "map", "task": {"task_id": "7_M0", "duration": 2}}]
{'worker_id': 1, 'job_id': '7', 'task family': 'map', 'task': {'task_id': '7_M0', 'duration': 2, 'start_time': 1606951221.3308642, 'end_time': 0}}
{'7': {'7_M0': {'worker_id': 1, 'job_id': '7', 'task family': 'map', 'task': {'task_id': '7_M0', 'duration': 2, 'start_time': 1606951221.3308642, 'end_time': 0}}}}
<class 'int'>
2
Task received at worker: [{"worker_id": 1, "job_id": "7", "task family": "map", "task": {"task_id": "7_M3", "duration": 1}}]
{'worker_id': 1, 'job_id': '7', 'task family': 'map', 'task': {'task_id': '7_M3', 'duration': 1, 'start_time': 1606951221.3980618, 'end_time': 0}}
{'7': {'7_M0': {'worker_id': 1, 'job_id': '7', 'task family': 'map', 'task': {'task_id': '7_M0', 'duration': 1, 'start_time': 1606951221.3308642, 'end_time': 0}}, '7_M3': {'worker_id': 1, 'job_id': '7', 'task family': 'map', 'task': {'task_id': '7_M3', 'duration': 1, 'start_time': 1606951221.3980618, 'end_time': 0}}}}
<class 'int'>
1
<class 'int'>
1
Task sent: {"worker_id": 1, "job_id": "7", "task family": "map", "task": {"task_id": "7_M0", "start_time": 1606951221.3308642, "end_time": 1606951222.368185}}!
Task sent: {"worker_id": 1, "job_id": "7", "task family": "map", "task": {"task_id": "7_M3", "start_time": 1606951221.3980618, "end_time": 1606951222.3684447}}!
Task received at worker: [{"worker_id": 1, "job_id": "9", "task family": "map", "task": {"task_id": "9_M1", "duration": 1}}]
{'worker_id': 1, 'job_id': '9', 'task family': 'map', 'task': {'task_id': '9_M1', 'duration': 1, 'start_time': 1606951222.6618855, 'end_time': 0}}
{'9': {'9_M1': {'worker_id': 1, 'job_id': '9', 'task family': 'map', 'task': {'task_id': '9_M1', 'duration': 1, 'start_time': 1606951222.6618855, 'end_time': 0}}}}
<class 'int'>
1
Task sent: {"worker_id": 1, "job_id": "9", "task family": "map", "task": {"task_id": "9_M1", "start_time": 1606951222.6618855, "end_time": 1606951223.3848076}}!
Task received at worker: [{"worker_id": 1, "job_id": "9", "task family": "reduce", "task": {"task_id": "9_R0", "duration": 2}}]
{'worker_id': 1, 'job_id': '9', 'task family': 'reduce', 'task': {'task_id': '9_R0', 'duration': 2, 'start_time': 1606951225.068308, 'end_time': 0}}
{'9': {'9_R0': {'worker_id': 1, 'job_id': '9', 'task family': 'reduce', 'task': {'task_id': '9_R0', 'duration': 2, 'start_time': 1606951225.068308, 'end_time': 0}}}}
<class 'int'>
2
Task received at worker: [{"worker_id": 1, "job_id": "8", "task family": "reduce", "task": {"task_id": "8_R1", "duration": 3}}]
{'worker_id': 1, 'job_id': '8', 'task family': 'reduce', 'task': {'task_id': '8_R1', 'duration': 3, 'start_time': 1606951225.57728, 'end_time': 0}}
{'9': {'9_R0': {'worker_id': 1, 'job_id': '9', 'task family': 'reduce', 'task': {'task_id': '9_R0', 'duration': 1, 'start_time': 1606951225.068308, 'end_time': 0}}}, '8': {'8_R1': {'worker_id': 1, 'job_id': '8', 'task family': 'reduce', 'task': {'task_id': '8_R1', 'duration': 3, 'start_time': 1606951225.57728, 'end_time': 0}}}}
<class 'int'>
1
<class 'int'>
3
Task sent: {"worker_id": 1, "job_id": "9", "task family": "reduce", "task": {"task_id": "9_R0", "start_time": 1606951225.068308, "end_time": 1606951226.1051831}}!
<class 'int'>
2
<class 'int'>
1
Task sent: {"worker_id": 1, "job_id": "8", "task family": "reduce", "task": {"task_id": "8_R1", "start_time": 1606951225.57728, "end_time": 1606951228.138276}}!


