2 generated the key b'tFGif7ZmWdkS28GnpP4M47cAMvA524oq-imBWhwfOmw='
Sleeping for 1.0s
INFO: The task execution pool is empty!
INFO: Created the Task Execution Pool Poller thread!
Task received at worker: [{"worker_id": 2, "job_id": "0", "task_family": "map", "task": {"task_id": "0_M1", "duration": 1}}]
{'worker_id': 2, 'job_id': '0', 'task_family': 'map', 'task': {'task_id': '0_M1', 'duration': 1, 'start_time': 1607207274.3412066, 'end_time': 0}}
{'0': {'0_M1': {'worker_id': 2, 'job_id': '0', 'task_family': 'map', 'task': {'task_id': '0_M1', 'duration': 1, 'start_time': 1607207274.3412066, 'end_time': 0}}}}
Task received at worker: [{"worker_id": 2, "job_id": "1", "task_family": "map", "task": {"task_id": "1_M2", "duration": 1}}]
{'worker_id': 2, 'job_id': '1', 'task_family': 'map', 'task': {'task_id': '1_M2', 'duration': 1, 'start_time': 1607207274.899234, 'end_time': 0}}
{'0': {'0_M1': {'worker_id': 2, 'job_id': '0', 'task_family': 'map', 'task': {'task_id': '0_M1', 'duration': 1, 'start_time': 1607207274.3412066, 'end_time': 0}}}, '1': {'1_M2': {'worker_id': 2, 'job_id': '1', 'task_family': 'map', 'task': {'task_id': '1_M2', 'duration': 1, 'start_time': 1607207274.899234, 'end_time': 0}}}}
Task sent: {"worker_id": 2, "job_id": "0", "task_family": "map", "task": {"task_id": "0_M1", "start_time": 1607207274.3412066, "end_time": 1607207275.3412077}}!
INFO: The task execution pool is empty!
Task sent: {"worker_id": 2, "job_id": "1", "task_family": "map", "task": {"task_id": "1_M2", "start_time": 1607207274.899234, "end_time": 1607207275.902713}}!
Task received at worker: [{"worker_id": 2, "job_id": "2", "task_family": "map", "task": {"task_id": "2_M0", "duration": 3}}]
{'worker_id': 2, 'job_id': '2', 'task_family': 'map', 'task': {'task_id': '2_M0', 'duration': 3, 'start_time': 1607207276.6202972, 'end_time': 0}}
{'2': {'2_M0': {'worker_id': 2, 'job_id': '2', 'task_family': 'map', 'task': {'task_id': '2_M0', 'duration': 3, 'start_time': 1607207276.6202972, 'end_time': 0}}}}
Task received at worker: [{"worker_id": 2, "job_id": "2", "task_family": "map", "task": {"task_id": "2_M3", "duration": 3}}]
{'worker_id': 2, 'job_id': '2', 'task_family': 'map', 'task': {'task_id': '2_M3', 'duration': 3, 'start_time': 1607207276.6669548, 'end_time': 0}}
{'2': {'2_M0': {'worker_id': 2, 'job_id': '2', 'task_family': 'map', 'task': {'task_id': '2_M0', 'duration': 3, 'start_time': 1607207276.6202972, 'end_time': 0}}, '2_M3': {'worker_id': 2, 'job_id': '2', 'task_family': 'map', 'task': {'task_id': '2_M3', 'duration': 3, 'start_time': 1607207276.6669548, 'end_time': 0}}}}
Task received at worker: [{"worker_id": 2, "job_id": "3", "task_family": "map", "task": {"task_id": "3_M0", "duration": 2}}]
{'worker_id': 2, 'job_id': '3', 'task_family': 'map', 'task': {'task_id': '3_M0', 'duration': 2, 'start_time': 1607207278.9732265, 'end_time': 0}}
{'2': {'2_M0': {'worker_id': 2, 'job_id': '2', 'task_family': 'map', 'task': {'task_id': '2_M0', 'duration': 3, 'start_time': 1607207276.6202972, 'end_time': 0}}, '2_M3': {'worker_id': 2, 'job_id': '2', 'task_family': 'map', 'task': {'task_id': '2_M3', 'duration': 3, 'start_time': 1607207276.6669548, 'end_time': 0}}}, '3': {'3_M0': {'worker_id': 2, 'job_id': '3', 'task_family': 'map', 'task': {'task_id': '3_M0', 'duration': 2, 'start_time': 1607207278.9732265, 'end_time': 0}}}}
Task received at worker: [{"worker_id": 2, "job_id": "4", "task_family": "map", "task": {"task_id": "4_M1", "duration": 2}}]
{'worker_id': 2, 'job_id': '4', 'task_family': 'map', 'task': {'task_id': '4_M1', 'duration': 2, 'start_time': 1607207279.423128, 'end_time': 0}}
{'2': {'2_M0': {'worker_id': 2, 'job_id': '2', 'task_family': 'map', 'task': {'task_id': '2_M0', 'duration': 3, 'start_time': 1607207276.6202972, 'end_time': 0}}, '2_M3': {'worker_id': 2, 'job_id': '2', 'task_family': 'map', 'task': {'task_id': '2_M3', 'duration': 3, 'start_time': 1607207276.6669548, 'end_time': 0}}}, '3': {'3_M0': {'worker_id': 2, 'job_id': '3', 'task_family': 'map', 'task': {'task_id': '3_M0', 'duration': 2, 'start_time': 1607207278.9732265, 'end_time': 0}}}, '4': {'4_M1': {'worker_id': 2, 'job_id': '4', 'task_family': 'map', 'task': {'task_id': '4_M1', 'duration': 2, 'start_time': 1607207279.423128, 'end_time': 0}}}}
Task sent: {"worker_id": 2, "job_id": "2", "task_family": "map", "task": {"task_id": "2_M0", "start_time": 1607207276.6202972, "end_time": 1607207279.6203072}}!
Task sent: {"worker_id": 2, "job_id": "2", "task_family": "map", "task": {"task_id": "2_M3", "start_time": 1607207276.6669548, "end_time": 1607207279.6845155}}!
Task received at worker: [{"worker_id": 2, "job_id": "5", "task_family": "map", "task": {"task_id": "5_M0", "duration": 1}}]
{'worker_id': 2, 'job_id': '5', 'task_family': 'map', 'task': {'task_id': '5_M0', 'duration': 1, 'start_time': 1607207280.0027966, 'end_time': 0}}
{'3': {'3_M0': {'worker_id': 2, 'job_id': '3', 'task_family': 'map', 'task': {'task_id': '3_M0', 'duration': 2, 'start_time': 1607207278.9732265, 'end_time': 0}}}, '4': {'4_M1': {'worker_id': 2, 'job_id': '4', 'task_family': 'map', 'task': {'task_id': '4_M1', 'duration': 2, 'start_time': 1607207279.423128, 'end_time': 0}}}, '5': {'5_M0': {'worker_id': 2, 'job_id': '5', 'task_family': 'map', 'task': {'task_id': '5_M0', 'duration': 1, 'start_time': 1607207280.0027966, 'end_time': 0}}}}
Task received at worker: [{"worker_id": 2, "job_id": "5", "task_family": "map", "task": {"task_id": "5_M3", "duration": 3}}]
{'worker_id': 2, 'job_id': '5', 'task_family': 'map', 'task': {'task_id': '5_M3', 'duration': 3, 'start_time': 1607207280.066273, 'end_time': 0}}
{'3': {'3_M0': {'worker_id': 2, 'job_id': '3', 'task_family': 'map', 'task': {'task_id': '3_M0', 'duration': 2, 'start_time': 1607207278.9732265, 'end_time': 0}}}, '4': {'4_M1': {'worker_id': 2, 'job_id': '4', 'task_family': 'map', 'task': {'task_id': '4_M1', 'duration': 2, 'start_time': 1607207279.423128, 'end_time': 0}}}, '5': {'5_M0': {'worker_id': 2, 'job_id': '5', 'task_family': 'map', 'task': {'task_id': '5_M0', 'duration': 1, 'start_time': 1607207280.0027966, 'end_time': 0}}, '5_M3': {'worker_id': 2, 'job_id': '5', 'task_family': 'map', 'task': {'task_id': '5_M3', 'duration': 3, 'start_time': 1607207280.066273, 'end_time': 0}}}}
Task received at worker: [{"worker_id": 2, "job_id": "6", "task_family": "map", "task": {"task_id": "6_M1", "duration": 4}}]
{'worker_id': 2, 'job_id': '6', 'task_family': 'map', 'task': {'task_id': '6_M1', 'duration': 4, 'start_time': 1607207280.229337, 'end_time': 0}}
{'3': {'3_M0': {'worker_id': 2, 'job_id': '3', 'task_family': 'map', 'task': {'task_id': '3_M0', 'duration': 2, 'start_time': 1607207278.9732265, 'end_time': 0}}}, '4': {'4_M1': {'worker_id': 2, 'job_id': '4', 'task_family': 'map', 'task': {'task_id': '4_M1', 'duration': 2, 'start_time': 1607207279.423128, 'end_time': 0}}}, '5': {'5_M0': {'worker_id': 2, 'job_id': '5', 'task_family': 'map', 'task': {'task_id': '5_M0', 'duration': 1, 'start_time': 1607207280.0027966, 'end_time': 0}}, '5_M3': {'worker_id': 2, 'job_id': '5', 'task_family': 'map', 'task': {'task_id': '5_M3', 'duration': 3, 'start_time': 1607207280.066273, 'end_time': 0}}}, '6': {'6_M1': {'worker_id': 2, 'job_id': '6', 'task_family': 'map', 'task': {'task_id': '6_M1', 'duration': 4, 'start_time': 1607207280.229337, 'end_time': 0}}}}
Task received at worker: [{"worker_id": 2, "job_id": "6", "task_family": "map", "task": {"task_id": "6_M2", "duration": 3}}]
{'worker_id': 2, 'job_id': '6', 'task_family': 'map', 'task': {'task_id': '6_M2', 'duration': 3, 'start_time': 1607207280.277939, 'end_time': 0}}
{'3': {'3_M0': {'worker_id': 2, 'job_id': '3', 'task_family': 'map', 'task': {'task_id': '3_M0', 'duration': 2, 'start_time': 1607207278.9732265, 'end_time': 0}}}, '4': {'4_M1': {'worker_id': 2, 'job_id': '4', 'task_family': 'map', 'task': {'task_id': '4_M1', 'duration': 2, 'start_time': 1607207279.423128, 'end_time': 0}}}, '5': {'5_M0': {'worker_id': 2, 'job_id': '5', 'task_family': 'map', 'task': {'task_id': '5_M0', 'duration': 1, 'start_time': 1607207280.0027966, 'end_time': 0}}, '5_M3': {'worker_id': 2, 'job_id': '5', 'task_family': 'map', 'task': {'task_id': '5_M3', 'duration': 3, 'start_time': 1607207280.066273, 'end_time': 0}}}, '6': {'6_M1': {'worker_id': 2, 'job_id': '6', 'task_family': 'map', 'task': {'task_id': '6_M1', 'duration': 4, 'start_time': 1607207280.229337, 'end_time': 0}}, '6_M2': {'worker_id': 2, 'job_id': '6', 'task_family': 'map', 'task': {'task_id': '6_M2', 'duration': 3, 'start_time': 1607207280.277939, 'end_time': 0}}}}
Task sent: {"worker_id": 2, "job_id": "3", "task_family": "map", "task": {"task_id": "3_M0", "start_time": 1607207278.9732265, "end_time": 1607207280.984415}}!
Task sent: {"worker_id": 2, "job_id": "5", "task_family": "map", "task": {"task_id": "5_M0", "start_time": 1607207280.0027966, "end_time": 1607207281.0063295}}!
Task received at worker: [{"worker_id": 2, "job_id": "3", "task_family": "reduce", "task": {"task_id": "3_R1", "duration": 1}}]
{'worker_id': 2, 'job_id': '3', 'task_family': 'reduce', 'task': {'task_id': '3_R1', 'duration': 1, 'start_time': 1607207281.2227373, 'end_time': 0}}
{'4': {'4_M1': {'worker_id': 2, 'job_id': '4', 'task_family': 'map', 'task': {'task_id': '4_M1', 'duration': 2, 'start_time': 1607207279.423128, 'end_time': 0}}}, '5': {'5_M3': {'worker_id': 2, 'job_id': '5', 'task_family': 'map', 'task': {'task_id': '5_M3', 'duration': 3, 'start_time': 1607207280.066273, 'end_time': 0}}}, '6': {'6_M1': {'worker_id': 2, 'job_id': '6', 'task_family': 'map', 'task': {'task_id': '6_M1', 'duration': 4, 'start_time': 1607207280.229337, 'end_time': 0}}, '6_M2': {'worker_id': 2, 'job_id': '6', 'task_family': 'map', 'task': {'task_id': '6_M2', 'duration': 3, 'start_time': 1607207280.277939, 'end_time': 0}}}, '3': {'3_R1': {'worker_id': 2, 'job_id': '3', 'task_family': 'reduce', 'task': {'task_id': '3_R1', 'duration': 1, 'start_time': 1607207281.2227373, 'end_time': 0}}}}
Task received at worker: [{"worker_id": 2, "job_id": "7", "task_family": "map", "task": {"task_id": "7_M0", "duration": 3}}]
{'worker_id': 2, 'job_id': '7', 'task_family': 'map', 'task': {'task_id': '7_M0', 'duration': 3, 'start_time': 1607207281.286919, 'end_time': 0}}
{'4': {'4_M1': {'worker_id': 2, 'job_id': '4', 'task_family': 'map', 'task': {'task_id': '4_M1', 'duration': 2, 'start_time': 1607207279.423128, 'end_time': 0}}}, '5': {'5_M3': {'worker_id': 2, 'job_id': '5', 'task_family': 'map', 'task': {'task_id': '5_M3', 'duration': 3, 'start_time': 1607207280.066273, 'end_time': 0}}}, '6': {'6_M1': {'worker_id': 2, 'job_id': '6', 'task_family': 'map', 'task': {'task_id': '6_M1', 'duration': 4, 'start_time': 1607207280.229337, 'end_time': 0}}, '6_M2': {'worker_id': 2, 'job_id': '6', 'task_family': 'map', 'task': {'task_id': '6_M2', 'duration': 3, 'start_time': 1607207280.277939, 'end_time': 0}}}, '3': {'3_R1': {'worker_id': 2, 'job_id': '3', 'task_family': 'reduce', 'task': {'task_id': '3_R1', 'duration': 1, 'start_time': 1607207281.2227373, 'end_time': 0}}}, '7': {'7_M0': {'worker_id': 2, 'job_id': '7', 'task_family': 'map', 'task': {'task_id': '7_M0', 'duration': 3, 'start_time': 1607207281.286919, 'end_time': 0}}}}
Task sent: {"worker_id": 2, "job_id": "4", "task_family": "map", "task": {"task_id": "4_M1", "start_time": 1607207279.423128, "end_time": 1607207281.426802}}!
Task received at worker: [{"worker_id": 2, "job_id": "8", "task_family": "map", "task": {"task_id": "8_M0", "duration": 3}}]
{'worker_id': 2, 'job_id': '8', 'task_family': 'map', 'task': {'task_id': '8_M0', 'duration': 3, 'start_time': 1607207281.6500237, 'end_time': 0}}
{'5': {'5_M3': {'worker_id': 2, 'job_id': '5', 'task_family': 'map', 'task': {'task_id': '5_M3', 'duration': 3, 'start_time': 1607207280.066273, 'end_time': 0}}}, '6': {'6_M1': {'worker_id': 2, 'job_id': '6', 'task_family': 'map', 'task': {'task_id': '6_M1', 'duration': 4, 'start_time': 1607207280.229337, 'end_time': 0}}, '6_M2': {'worker_id': 2, 'job_id': '6', 'task_family': 'map', 'task': {'task_id': '6_M2', 'duration': 3, 'start_time': 1607207280.277939, 'end_time': 0}}}, '3': {'3_R1': {'worker_id': 2, 'job_id': '3', 'task_family': 'reduce', 'task': {'task_id': '3_R1', 'duration': 1, 'start_time': 1607207281.2227373, 'end_time': 0}}}, '7': {'7_M0': {'worker_id': 2, 'job_id': '7', 'task_family': 'map', 'task': {'task_id': '7_M0', 'duration': 3, 'start_time': 1607207281.286919, 'end_time': 0}}}, '8': {'8_M0': {'worker_id': 2, 'job_id': '8', 'task_family': 'map', 'task': {'task_id': '8_M0', 'duration': 3, 'start_time': 1607207281.6500237, 'end_time': 0}}}}
Task sent: {"worker_id": 2, "job_id": "3", "task_family": "reduce", "task": {"task_id": "3_R1", "start_time": 1607207281.2227373, "end_time": 1607207282.226229}}!
Task sent: {"worker_id": 2, "job_id": "5", "task_family": "map", "task": {"task_id": "5_M3", "start_time": 1607207280.066273, "end_time": 1607207283.0731008}}!
Task received at worker: [{"worker_id": 2, "job_id": "5", "task_family": "reduce", "task": {"task_id": "5_R0", "duration": 3}}]
{'worker_id': 2, 'job_id': '5', 'task_family': 'reduce', 'task': {'task_id': '5_R0', 'duration': 3, 'start_time': 1607207283.1282585, 'end_time': 0}}
{'6': {'6_M1': {'worker_id': 2, 'job_id': '6', 'task_family': 'map', 'task': {'task_id': '6_M1', 'duration': 4, 'start_time': 1607207280.229337, 'end_time': 0}}, '6_M2': {'worker_id': 2, 'job_id': '6', 'task_family': 'map', 'task': {'task_id': '6_M2', 'duration': 3, 'start_time': 1607207280.277939, 'end_time': 0}}}, '7': {'7_M0': {'worker_id': 2, 'job_id': '7', 'task_family': 'map', 'task': {'task_id': '7_M0', 'duration': 3, 'start_time': 1607207281.286919, 'end_time': 0}}}, '8': {'8_M0': {'worker_id': 2, 'job_id': '8', 'task_family': 'map', 'task': {'task_id': '8_M0', 'duration': 3, 'start_time': 1607207281.6500237, 'end_time': 0}}}, '5': {'5_R0': {'worker_id': 2, 'job_id': '5', 'task_family': 'reduce', 'task': {'task_id': '5_R0', 'duration': 3, 'start_time': 1607207283.1282585, 'end_time': 0}}}}
Task sent: {"worker_id": 2, "job_id": "6", "task_family": "map", "task": {"task_id": "6_M2", "start_time": 1607207280.277939, "end_time": 1607207283.2793465}}!
Task received at worker: [{"worker_id": 2, "job_id": "9", "task_family": "map", "task": {"task_id": "9_M2", "duration": 3}}]
{'worker_id': 2, 'job_id': '9', 'task_family': 'map', 'task': {'task_id': '9_M2', 'duration': 3, 'start_time': 1607207283.5599358, 'end_time': 0}}
{'6': {'6_M1': {'worker_id': 2, 'job_id': '6', 'task_family': 'map', 'task': {'task_id': '6_M1', 'duration': 4, 'start_time': 1607207280.229337, 'end_time': 0}}}, '7': {'7_M0': {'worker_id': 2, 'job_id': '7', 'task_family': 'map', 'task': {'task_id': '7_M0', 'duration': 3, 'start_time': 1607207281.286919, 'end_time': 0}}}, '8': {'8_M0': {'worker_id': 2, 'job_id': '8', 'task_family': 'map', 'task': {'task_id': '8_M0', 'duration': 3, 'start_time': 1607207281.6500237, 'end_time': 0}}}, '5': {'5_R0': {'worker_id': 2, 'job_id': '5', 'task_family': 'reduce', 'task': {'task_id': '5_R0', 'duration': 3, 'start_time': 1607207283.1282585, 'end_time': 0}}}, '9': {'9_M2': {'worker_id': 2, 'job_id': '9', 'task_family': 'map', 'task': {'task_id': '9_M2', 'duration': 3, 'start_time': 1607207283.5599358, 'end_time': 0}}}}
Task sent: {"worker_id": 2, "job_id": "6", "task_family": "map", "task": {"task_id": "6_M1", "start_time": 1607207280.229337, "end_time": 1607207284.2342544}}!
Task sent: {"worker_id": 2, "job_id": "7", "task_family": "map", "task": {"task_id": "7_M0", "start_time": 1607207281.286919, "end_time": 1607207284.3018408}}!
Task sent: {"worker_id": 2, "job_id": "8", "task_family": "map", "task": {"task_id": "8_M0", "start_time": 1607207281.6500237, "end_time": 1607207284.6604304}}!
Task received at worker: [{"worker_id": 2, "job_id": "6", "task_family": "reduce", "task": {"task_id": "6_R1", "duration": 2}}]
{'worker_id': 2, 'job_id': '6', 'task_family': 'reduce', 'task': {'task_id': '6_R1', 'duration': 2, 'start_time': 1607207285.3673985, 'end_time': 0}}
{'5': {'5_R0': {'worker_id': 2, 'job_id': '5', 'task_family': 'reduce', 'task': {'task_id': '5_R0', 'duration': 3, 'start_time': 1607207283.1282585, 'end_time': 0}}}, '9': {'9_M2': {'worker_id': 2, 'job_id': '9', 'task_family': 'map', 'task': {'task_id': '9_M2', 'duration': 3, 'start_time': 1607207283.5599358, 'end_time': 0}}}, '6': {'6_R1': {'worker_id': 2, 'job_id': '6', 'task_family': 'reduce', 'task': {'task_id': '6_R1', 'duration': 2, 'start_time': 1607207285.3673985, 'end_time': 0}}}}
Task sent: {"worker_id": 2, "job_id": "5", "task_family": "reduce", "task": {"task_id": "5_R0", "start_time": 1607207283.1282585, "end_time": 1607207286.131273}}!
Task sent: {"worker_id": 2, "job_id": "9", "task_family": "map", "task": {"task_id": "9_M2", "start_time": 1607207283.5599358, "end_time": 1607207286.5677378}}!
INFO: The task execution pool is empty!
Task sent: {"worker_id": 2, "job_id": "6", "task_family": "reduce", "task": {"task_id": "6_R1", "start_time": 1607207285.3673985, "end_time": 1607207287.3748462}}!
Task received at worker: [{"worker_id": 2, "job_id": "9", "task_family": "reduce", "task": {"task_id": "9_R1", "duration": 4}}]
{'worker_id': 2, 'job_id': '9', 'task_family': 'reduce', 'task': {'task_id': '9_R1', 'duration': 4, 'start_time': 1607207287.7015917, 'end_time': 0}}
{'9': {'9_R1': {'worker_id': 2, 'job_id': '9', 'task_family': 'reduce', 'task': {'task_id': '9_R1', 'duration': 4, 'start_time': 1607207287.7015917, 'end_time': 0}}}}
INFO: The task execution pool is empty!
Task sent: {"worker_id": 2, "job_id": "9", "task_family": "reduce", "task": {"task_id": "9_R1", "start_time": 1607207287.7015917, "end_time": 1607207291.7062087}}!


