1 generated the key b'MXzbAWOIKICkt79hrZtxIgxmXfCZXfydj3JPQ4ZxjGE='
Sleeping for 0.5s
INFO: The task execution pool is empty!
INFO: Created the Task Execution Pool Poller thread!
Task received at worker: [{"worker_id": 1, "job_id": "0", "task_family": "map", "task": {"task_id": "0_M0", "duration": 1}}]
{'worker_id': 1, 'job_id': '0', 'task_family': 'map', 'task': {'task_id': '0_M0', 'duration': 1, 'start_time': 1607207274.3032959, 'end_time': 0}}
{'0': {'0_M0': {'worker_id': 1, 'job_id': '0', 'task_family': 'map', 'task': {'task_id': '0_M0', 'duration': 1, 'start_time': 1607207274.3032959, 'end_time': 0}}}}
Task received at worker: [{"worker_id": 1, "job_id": "1", "task_family": "map", "task": {"task_id": "1_M1", "duration": 4}}]
{'worker_id': 1, 'job_id': '1', 'task_family': 'map', 'task': {'task_id': '1_M1', 'duration': 4, 'start_time': 1607207274.8482056, 'end_time': 0}}
{'0': {'0_M0': {'worker_id': 1, 'job_id': '0', 'task_family': 'map', 'task': {'task_id': '0_M0', 'duration': 1, 'start_time': 1607207274.3032959, 'end_time': 0}}}, '1': {'1_M1': {'worker_id': 1, 'job_id': '1', 'task_family': 'map', 'task': {'task_id': '1_M1', 'duration': 4, 'start_time': 1607207274.8482056, 'end_time': 0}}}}
Task sent: {"worker_id": 1, "job_id": "0", "task_family": "map", "task": {"task_id": "0_M0", "start_time": 1607207274.3032959, "end_time": 1607207275.3076923}}!
Task received at worker: [{"worker_id": 1, "job_id": "0", "task_family": "reduce", "task": {"task_id": "0_R1", "duration": 1}}]
{'worker_id': 1, 'job_id': '0', 'task_family': 'reduce', 'task': {'task_id': '0_R1', 'duration': 1, 'start_time': 1607207275.454176, 'end_time': 0}}
{'1': {'1_M1': {'worker_id': 1, 'job_id': '1', 'task_family': 'map', 'task': {'task_id': '1_M1', 'duration': 4, 'start_time': 1607207274.8482056, 'end_time': 0}}}, '0': {'0_R1': {'worker_id': 1, 'job_id': '0', 'task_family': 'reduce', 'task': {'task_id': '0_R1', 'duration': 1, 'start_time': 1607207275.454176, 'end_time': 0}}}}
Task sent: {"worker_id": 1, "job_id": "0", "task_family": "reduce", "task": {"task_id": "0_R1", "start_time": 1607207275.454176, "end_time": 1607207276.4544418}}!
Task received at worker: [{"worker_id": 1, "job_id": "2", "task_family": "map", "task": {"task_id": "2_M2", "duration": 4}}]
{'worker_id': 1, 'job_id': '2', 'task_family': 'map', 'task': {'task_id': '2_M2', 'duration': 4, 'start_time': 1607207276.6509469, 'end_time': 0}}
{'1': {'1_M1': {'worker_id': 1, 'job_id': '1', 'task_family': 'map', 'task': {'task_id': '1_M1', 'duration': 4, 'start_time': 1607207274.8482056, 'end_time': 0}}}, '2': {'2_M2': {'worker_id': 1, 'job_id': '2', 'task_family': 'map', 'task': {'task_id': '2_M2', 'duration': 4, 'start_time': 1607207276.6509469, 'end_time': 0}}}}
Task sent: {"worker_id": 1, "job_id": "1", "task_family": "map", "task": {"task_id": "1_M1", "start_time": 1607207274.8482056, "end_time": 1607207278.8554244}}!
Task received at worker: [{"worker_id": 1, "job_id": "1", "task_family": "reduce", "task": {"task_id": "1_R1", "duration": 2}}]
{'worker_id': 1, 'job_id': '1', 'task_family': 'reduce', 'task': {'task_id': '1_R1', 'duration': 2, 'start_time': 1607207278.928867, 'end_time': 0}}
{'2': {'2_M2': {'worker_id': 1, 'job_id': '2', 'task_family': 'map', 'task': {'task_id': '2_M2', 'duration': 4, 'start_time': 1607207276.6509469, 'end_time': 0}}}, '1': {'1_R1': {'worker_id': 1, 'job_id': '1', 'task_family': 'reduce', 'task': {'task_id': '1_R1', 'duration': 2, 'start_time': 1607207278.928867, 'end_time': 0}}}}
Task received at worker: [{"worker_id": 1, "job_id": "4", "task_family": "map", "task": {"task_id": "4_M0", "duration": 2}}]
{'worker_id': 1, 'job_id': '4', 'task_family': 'map', 'task': {'task_id': '4_M0', 'duration': 2, 'start_time': 1607207279.4361694, 'end_time': 0}}
{'2': {'2_M2': {'worker_id': 1, 'job_id': '2', 'task_family': 'map', 'task': {'task_id': '2_M2', 'duration': 4, 'start_time': 1607207276.6509469, 'end_time': 0}}}, '1': {'1_R1': {'worker_id': 1, 'job_id': '1', 'task_family': 'reduce', 'task': {'task_id': '1_R1', 'duration': 2, 'start_time': 1607207278.928867, 'end_time': 0}}}, '4': {'4_M0': {'worker_id': 1, 'job_id': '4', 'task_family': 'map', 'task': {'task_id': '4_M0', 'duration': 2, 'start_time': 1607207279.4361694, 'end_time': 0}}}}
Task received at worker: [{"worker_id": 1, "job_id": "4", "task_family": "map", "task": {"task_id": "4_M2", "duration": 2}}]
{'worker_id': 1, 'job_id': '4', 'task_family': 'map', 'task': {'task_id': '4_M2', 'duration': 2, 'start_time': 1607207279.4984403, 'end_time': 0}}
{'2': {'2_M2': {'worker_id': 1, 'job_id': '2', 'task_family': 'map', 'task': {'task_id': '2_M2', 'duration': 4, 'start_time': 1607207276.6509469, 'end_time': 0}}}, '1': {'1_R1': {'worker_id': 1, 'job_id': '1', 'task_family': 'reduce', 'task': {'task_id': '1_R1', 'duration': 2, 'start_time': 1607207278.928867, 'end_time': 0}}}, '4': {'4_M0': {'worker_id': 1, 'job_id': '4', 'task_family': 'map', 'task': {'task_id': '4_M0', 'duration': 2, 'start_time': 1607207279.4361694, 'end_time': 0}}, '4_M2': {'worker_id': 1, 'job_id': '4', 'task_family': 'map', 'task': {'task_id': '4_M2', 'duration': 2, 'start_time': 1607207279.4984403, 'end_time': 0}}}}
Task received at worker: [{"worker_id": 1, "job_id": "5", "task_family": "map", "task": {"task_id": "5_M2", "duration": 3}}]
{'worker_id': 1, 'job_id': '5', 'task_family': 'map', 'task': {'task_id': '5_M2', 'duration': 3, 'start_time': 1607207279.9697874, 'end_time': 0}}
{'2': {'2_M2': {'worker_id': 1, 'job_id': '2', 'task_family': 'map', 'task': {'task_id': '2_M2', 'duration': 4, 'start_time': 1607207276.6509469, 'end_time': 0}}}, '1': {'1_R1': {'worker_id': 1, 'job_id': '1', 'task_family': 'reduce', 'task': {'task_id': '1_R1', 'duration': 2, 'start_time': 1607207278.928867, 'end_time': 0}}}, '4': {'4_M0': {'worker_id': 1, 'job_id': '4', 'task_family': 'map', 'task': {'task_id': '4_M0', 'duration': 2, 'start_time': 1607207279.4361694, 'end_time': 0}}, '4_M2': {'worker_id': 1, 'job_id': '4', 'task_family': 'map', 'task': {'task_id': '4_M2', 'duration': 2, 'start_time': 1607207279.4984403, 'end_time': 0}}}, '5': {'5_M2': {'worker_id': 1, 'job_id': '5', 'task_family': 'map', 'task': {'task_id': '5_M2', 'duration': 3, 'start_time': 1607207279.9697874, 'end_time': 0}}}}
Task sent: {"worker_id": 1, "job_id": "2", "task_family": "map", "task": {"task_id": "2_M2", "start_time": 1607207276.6509469, "end_time": 1607207280.653523}}!
Task sent: {"worker_id": 1, "job_id": "1", "task_family": "reduce", "task": {"task_id": "1_R1", "start_time": 1607207278.928867, "end_time": 1607207280.9400883}}!
Task received at worker: [{"worker_id": 1, "job_id": "3", "task_family": "reduce", "task": {"task_id": "3_R0", "duration": 4}}]
{'worker_id': 1, 'job_id': '3', 'task_family': 'reduce', 'task': {'task_id': '3_R0', 'duration': 4, 'start_time': 1607207281.235219, 'end_time': 0}}
{'4': {'4_M0': {'worker_id': 1, 'job_id': '4', 'task_family': 'map', 'task': {'task_id': '4_M0', 'duration': 2, 'start_time': 1607207279.4361694, 'end_time': 0}}, '4_M2': {'worker_id': 1, 'job_id': '4', 'task_family': 'map', 'task': {'task_id': '4_M2', 'duration': 2, 'start_time': 1607207279.4984403, 'end_time': 0}}}, '5': {'5_M2': {'worker_id': 1, 'job_id': '5', 'task_family': 'map', 'task': {'task_id': '5_M2', 'duration': 3, 'start_time': 1607207279.9697874, 'end_time': 0}}}, '3': {'3_R0': {'worker_id': 1, 'job_id': '3', 'task_family': 'reduce', 'task': {'task_id': '3_R0', 'duration': 4, 'start_time': 1607207281.235219, 'end_time': 0}}}}
Task received at worker: [{"worker_id": 1, "job_id": "6", "task_family": "map", "task": {"task_id": "6_M3", "duration": 4}}]
{'worker_id': 1, 'job_id': '6', 'task_family': 'map', 'task': {'task_id': '6_M3', 'duration': 4, 'start_time': 1607207281.3123996, 'end_time': 0}}
{'4': {'4_M0': {'worker_id': 1, 'job_id': '4', 'task_family': 'map', 'task': {'task_id': '4_M0', 'duration': 2, 'start_time': 1607207279.4361694, 'end_time': 0}}, '4_M2': {'worker_id': 1, 'job_id': '4', 'task_family': 'map', 'task': {'task_id': '4_M2', 'duration': 2, 'start_time': 1607207279.4984403, 'end_time': 0}}}, '5': {'5_M2': {'worker_id': 1, 'job_id': '5', 'task_family': 'map', 'task': {'task_id': '5_M2', 'duration': 3, 'start_time': 1607207279.9697874, 'end_time': 0}}}, '3': {'3_R0': {'worker_id': 1, 'job_id': '3', 'task_family': 'reduce', 'task': {'task_id': '3_R0', 'duration': 4, 'start_time': 1607207281.235219, 'end_time': 0}}}, '6': {'6_M3': {'worker_id': 1, 'job_id': '6', 'task_family': 'map', 'task': {'task_id': '6_M3', 'duration': 4, 'start_time': 1607207281.3123996, 'end_time': 0}}}}
Task sent: {"worker_id": 1, "job_id": "4", "task_family": "map", "task": {"task_id": "4_M0", "start_time": 1607207279.4361694, "end_time": 1607207281.4449475}}!
Task sent: {"worker_id": 1, "job_id": "4", "task_family": "map", "task": {"task_id": "4_M2", "start_time": 1607207279.4984403, "end_time": 1607207281.5088522}}!
Task received at worker: [{"worker_id": 1, "job_id": "4", "task_family": "reduce", "task": {"task_id": "4_R1", "duration": 4}}]
{'worker_id': 1, 'job_id': '4', 'task_family': 'reduce', 'task': {'task_id': '4_R1', 'duration': 4, 'start_time': 1607207281.564166, 'end_time': 0}}
{'5': {'5_M2': {'worker_id': 1, 'job_id': '5', 'task_family': 'map', 'task': {'task_id': '5_M2', 'duration': 3, 'start_time': 1607207279.9697874, 'end_time': 0}}}, '3': {'3_R0': {'worker_id': 1, 'job_id': '3', 'task_family': 'reduce', 'task': {'task_id': '3_R0', 'duration': 4, 'start_time': 1607207281.235219, 'end_time': 0}}}, '6': {'6_M3': {'worker_id': 1, 'job_id': '6', 'task_family': 'map', 'task': {'task_id': '6_M3', 'duration': 4, 'start_time': 1607207281.3123996, 'end_time': 0}}}, '4': {'4_R1': {'worker_id': 1, 'job_id': '4', 'task_family': 'reduce', 'task': {'task_id': '4_R1', 'duration': 4, 'start_time': 1607207281.564166, 'end_time': 0}}}}
Task received at worker: [{"worker_id": 1, "job_id": "8", "task_family": "map", "task": {"task_id": "8_M1", "duration": 4}}]
{'worker_id': 1, 'job_id': '8', 'task_family': 'map', 'task': {'task_id': '8_M1', 'duration': 4, 'start_time': 1607207281.6197762, 'end_time': 0}}
{'5': {'5_M2': {'worker_id': 1, 'job_id': '5', 'task_family': 'map', 'task': {'task_id': '5_M2', 'duration': 3, 'start_time': 1607207279.9697874, 'end_time': 0}}}, '3': {'3_R0': {'worker_id': 1, 'job_id': '3', 'task_family': 'reduce', 'task': {'task_id': '3_R0', 'duration': 4, 'start_time': 1607207281.235219, 'end_time': 0}}}, '6': {'6_M3': {'worker_id': 1, 'job_id': '6', 'task_family': 'map', 'task': {'task_id': '6_M3', 'duration': 4, 'start_time': 1607207281.3123996, 'end_time': 0}}}, '4': {'4_R1': {'worker_id': 1, 'job_id': '4', 'task_family': 'reduce', 'task': {'task_id': '4_R1', 'duration': 4, 'start_time': 1607207281.564166, 'end_time': 0}}}, '8': {'8_M1': {'worker_id': 1, 'job_id': '8', 'task_family': 'map', 'task': {'task_id': '8_M1', 'duration': 4, 'start_time': 1607207281.6197762, 'end_time': 0}}}}
Task sent: {"worker_id": 1, "job_id": "5", "task_family": "map", "task": {"task_id": "5_M2", "start_time": 1607207279.9697874, "end_time": 1607207282.9782953}}!
Task received at worker: [{"worker_id": 1, "job_id": "9", "task_family": "map", "task": {"task_id": "9_M1", "duration": 4}}]
{'worker_id': 1, 'job_id': '9', 'task_family': 'map', 'task': {'task_id': '9_M1', 'duration': 4, 'start_time': 1607207283.5966165, 'end_time': 0}}
{'3': {'3_R0': {'worker_id': 1, 'job_id': '3', 'task_family': 'reduce', 'task': {'task_id': '3_R0', 'duration': 4, 'start_time': 1607207281.235219, 'end_time': 0}}}, '6': {'6_M3': {'worker_id': 1, 'job_id': '6', 'task_family': 'map', 'task': {'task_id': '6_M3', 'duration': 4, 'start_time': 1607207281.3123996, 'end_time': 0}}}, '4': {'4_R1': {'worker_id': 1, 'job_id': '4', 'task_family': 'reduce', 'task': {'task_id': '4_R1', 'duration': 4, 'start_time': 1607207281.564166, 'end_time': 0}}}, '8': {'8_M1': {'worker_id': 1, 'job_id': '8', 'task_family': 'map', 'task': {'task_id': '8_M1', 'duration': 4, 'start_time': 1607207281.6197762, 'end_time': 0}}}, '9': {'9_M1': {'worker_id': 1, 'job_id': '9', 'task_family': 'map', 'task': {'task_id': '9_M1', 'duration': 4, 'start_time': 1607207283.5966165, 'end_time': 0}}}}
Task sent: {"worker_id": 1, "job_id": "3", "task_family": "reduce", "task": {"task_id": "3_R0", "start_time": 1607207281.235219, "end_time": 1607207285.2440405}}!
Task sent: {"worker_id": 1, "job_id": "6", "task_family": "map", "task": {"task_id": "6_M3", "start_time": 1607207281.3123996, "end_time": 1607207285.3173578}}!
Task received at worker: [{"worker_id": 1, "job_id": "6", "task_family": "reduce", "task": {"task_id": "6_R0", "duration": 4}}]
{'worker_id': 1, 'job_id': '6', 'task_family': 'reduce', 'task': {'task_id': '6_R0', 'duration': 4, 'start_time': 1607207285.3979309, 'end_time': 0}}
{'4': {'4_R1': {'worker_id': 1, 'job_id': '4', 'task_family': 'reduce', 'task': {'task_id': '4_R1', 'duration': 4, 'start_time': 1607207281.564166, 'end_time': 0}}}, '8': {'8_M1': {'worker_id': 1, 'job_id': '8', 'task_family': 'map', 'task': {'task_id': '8_M1', 'duration': 4, 'start_time': 1607207281.6197762, 'end_time': 0}}}, '9': {'9_M1': {'worker_id': 1, 'job_id': '9', 'task_family': 'map', 'task': {'task_id': '9_M1', 'duration': 4, 'start_time': 1607207283.5966165, 'end_time': 0}}}, '6': {'6_R0': {'worker_id': 1, 'job_id': '6', 'task_family': 'reduce', 'task': {'task_id': '6_R0', 'duration': 4, 'start_time': 1607207285.3979309, 'end_time': 0}}}}
Task sent: {"worker_id": 1, "job_id": "4", "task_family": "reduce", "task": {"task_id": "4_R1", "start_time": 1607207281.564166, "end_time": 1607207285.5693774}}!
Task sent: {"worker_id": 1, "job_id": "8", "task_family": "map", "task": {"task_id": "8_M1", "start_time": 1607207281.6197762, "end_time": 1607207285.6327555}}!
Task sent: {"worker_id": 1, "job_id": "9", "task_family": "map", "task": {"task_id": "9_M1", "start_time": 1607207283.5966165, "end_time": 1607207287.6047184}}!
Task received at worker: [{"worker_id": 1, "job_id": "9", "task_family": "reduce", "task": {"task_id": "9_R0", "duration": 2}}]
{'worker_id': 1, 'job_id': '9', 'task_family': 'reduce', 'task': {'task_id': '9_R0', 'duration': 2, 'start_time': 1607207287.6658857, 'end_time': 0}}
{'6': {'6_R0': {'worker_id': 1, 'job_id': '6', 'task_family': 'reduce', 'task': {'task_id': '6_R0', 'duration': 4, 'start_time': 1607207285.3979309, 'end_time': 0}}}, '9': {'9_R0': {'worker_id': 1, 'job_id': '9', 'task_family': 'reduce', 'task': {'task_id': '9_R0', 'duration': 2, 'start_time': 1607207287.6658857, 'end_time': 0}}}}
Task sent: {"worker_id": 1, "job_id": "6", "task_family": "reduce", "task": {"task_id": "6_R0", "start_time": 1607207285.3979309, "end_time": 1607207289.4000273}}!
INFO: The task execution pool is empty!
Task sent: {"worker_id": 1, "job_id": "9", "task_family": "reduce", "task": {"task_id": "9_R0", "start_time": 1607207287.6658857, "end_time": 1607207289.6723816}}!


