3 generated the key b'bHyqkLulIo1idCbFjvkx9PMBKAuOr1Vb1pFqn0_Ifk4='
Sleeping for 1.5s
INFO: The task execution pool is empty!
INFO: Created the Task Execution Pool Poller thread!
Task received at worker: [{"worker_id": 3, "job_id": "1", "task_family": "map", "task": {"task_id": "1_M0", "duration": 200}}]
{'worker_id': 3, 'job_id': '1', 'task_family': 'map', 'task': {'task_id': '1_M0', 'duration': 200, 'start_time': 1607408913.4067233, 'end_time': 0}}
{'1': {'1_M0': {'worker_id': 3, 'job_id': '1', 'task_family': 'map', 'task': {'task_id': '1_M0', 'duration': 200, 'start_time': 1607408913.4067233, 'end_time': 0}}}}
Task received at worker: [{"worker_id": 3, "job_id": "2", "task_family": "map", "task": {"task_id": "2_M1", "duration": 200}}]
{'worker_id': 3, 'job_id': '2', 'task_family': 'map', 'task': {'task_id': '2_M1', 'duration': 200, 'start_time': 1607408918.4327624, 'end_time': 0}}
{'1': {'1_M0': {'worker_id': 3, 'job_id': '1', 'task_family': 'map', 'task': {'task_id': '1_M0', 'duration': 200, 'start_time': 1607408913.4067233, 'end_time': 0}}}, '2': {'2_M1': {'worker_id': 3, 'job_id': '2', 'task_family': 'map', 'task': {'task_id': '2_M1', 'duration': 200, 'start_time': 1607408918.4327624, 'end_time': 0}}}}
Task received at worker: [{"worker_id": 3, "job_id": "4", "task_family": "map", "task": {"task_id": "4_M0", "duration": 200}}]
{'worker_id': 3, 'job_id': '4', 'task_family': 'map', 'task': {'task_id': '4_M0', 'duration': 200, 'start_time': 1607408928.436874, 'end_time': 0}}
{'1': {'1_M0': {'worker_id': 3, 'job_id': '1', 'task_family': 'map', 'task': {'task_id': '1_M0', 'duration': 200, 'start_time': 1607408913.4067233, 'end_time': 0}}}, '2': {'2_M1': {'worker_id': 3, 'job_id': '2', 'task_family': 'map', 'task': {'task_id': '2_M1', 'duration': 200, 'start_time': 1607408918.4327624, 'end_time': 0}}}, '4': {'4_M0': {'worker_id': 3, 'job_id': '4', 'task_family': 'map', 'task': {'task_id': '4_M0', 'duration': 200, 'start_time': 1607408928.436874, 'end_time': 0}}}}
Task sent: {"worker_id": 3, "job_id": "1", "task_family": "map", "task": {"task_id": "1_M0", "start_time": 1607408913.4067233, "end_time": 1607409113.4102845}}!
Task received at worker: [{"worker_id": 3, "job_id": "0", "task_family": "reduce", "task": {"task_id": "0_R1", "duration": 200}}]
{'worker_id': 3, 'job_id': '0', 'task_family': 'reduce', 'task': {'task_id': '0_R1', 'duration': 200, 'start_time': 1607409113.589094, 'end_time': 0}}
{'2': {'2_M1': {'worker_id': 3, 'job_id': '2', 'task_family': 'map', 'task': {'task_id': '2_M1', 'duration': 200, 'start_time': 1607408918.4327624, 'end_time': 0}}}, '4': {'4_M0': {'worker_id': 3, 'job_id': '4', 'task_family': 'map', 'task': {'task_id': '4_M0', 'duration': 200, 'start_time': 1607408928.436874, 'end_time': 0}}}, '0': {'0_R1': {'worker_id': 3, 'job_id': '0', 'task_family': 'reduce', 'task': {'task_id': '0_R1', 'duration': 200, 'start_time': 1607409113.589094, 'end_time': 0}}}}
Task sent: {"worker_id": 3, "job_id": "2", "task_family": "map", "task": {"task_id": "2_M1", "start_time": 1607408918.4327624, "end_time": 1607409118.4374983}}!
Task received at worker: [{"worker_id": 3, "job_id": "1", "task_family": "reduce", "task": {"task_id": "1_R1", "duration": 200}}]
{'worker_id': 3, 'job_id': '1', 'task_family': 'reduce', 'task': {'task_id': '1_R1', 'duration': 200, 'start_time': 1607409118.6394088, 'end_time': 0}}
{'4': {'4_M0': {'worker_id': 3, 'job_id': '4', 'task_family': 'map', 'task': {'task_id': '4_M0', 'duration': 200, 'start_time': 1607408928.436874, 'end_time': 0}}}, '0': {'0_R1': {'worker_id': 3, 'job_id': '0', 'task_family': 'reduce', 'task': {'task_id': '0_R1', 'duration': 200, 'start_time': 1607409113.589094, 'end_time': 0}}}, '1': {'1_R1': {'worker_id': 3, 'job_id': '1', 'task_family': 'reduce', 'task': {'task_id': '1_R1', 'duration': 200, 'start_time': 1607409118.6394088, 'end_time': 0}}}}
Task sent: {"worker_id": 3, "job_id": "4", "task_family": "map", "task": {"task_id": "4_M0", "start_time": 1607408928.436874, "end_time": 1607409128.4394615}}!
Task received at worker: [{"worker_id": 3, "job_id": "2", "task_family": "reduce", "task": {"task_id": "2_R1", "duration": 200}}]
{'worker_id': 3, 'job_id': '2', 'task_family': 'reduce', 'task': {'task_id': '2_R1', 'duration': 200, 'start_time': 1607409128.6176789, 'end_time': 0}}
{'0': {'0_R1': {'worker_id': 3, 'job_id': '0', 'task_family': 'reduce', 'task': {'task_id': '0_R1', 'duration': 200, 'start_time': 1607409113.589094, 'end_time': 0}}}, '1': {'1_R1': {'worker_id': 3, 'job_id': '1', 'task_family': 'reduce', 'task': {'task_id': '1_R1', 'duration': 200, 'start_time': 1607409118.6394088, 'end_time': 0}}}, '2': {'2_R1': {'worker_id': 3, 'job_id': '2', 'task_family': 'reduce', 'task': {'task_id': '2_R1', 'duration': 200, 'start_time': 1607409128.6176789, 'end_time': 0}}}}
Task sent: {"worker_id": 3, "job_id": "0", "task_family": "reduce", "task": {"task_id": "0_R1", "start_time": 1607409113.589094, "end_time": 1607409313.593996}}!
Task received at worker: [{"worker_id": 3, "job_id": "5", "task_family": "reduce", "task": {"task_id": "5_R1", "duration": 200}}]
{'worker_id': 3, 'job_id': '5', 'task_family': 'reduce', 'task': {'task_id': '5_R1', 'duration': 200, 'start_time': 1607409313.7774806, 'end_time': 0}}
{'1': {'1_R1': {'worker_id': 3, 'job_id': '1', 'task_family': 'reduce', 'task': {'task_id': '1_R1', 'duration': 200, 'start_time': 1607409118.6394088, 'end_time': 0}}}, '2': {'2_R1': {'worker_id': 3, 'job_id': '2', 'task_family': 'reduce', 'task': {'task_id': '2_R1', 'duration': 200, 'start_time': 1607409128.6176789, 'end_time': 0}}}, '5': {'5_R1': {'worker_id': 3, 'job_id': '5', 'task_family': 'reduce', 'task': {'task_id': '5_R1', 'duration': 200, 'start_time': 1607409313.7774806, 'end_time': 0}}}}
Task sent: {"worker_id": 3, "job_id": "1", "task_family": "reduce", "task": {"task_id": "1_R1", "start_time": 1607409118.6394088, "end_time": 1607409318.6522074}}!
Task received at worker: [{"worker_id": 3, "job_id": "6", "task_family": "reduce", "task": {"task_id": "6_R1", "duration": 200}}]
{'worker_id': 3, 'job_id': '6', 'task_family': 'reduce', 'task': {'task_id': '6_R1', 'duration': 200, 'start_time': 1607409318.8051763, 'end_time': 0}}
{'2': {'2_R1': {'worker_id': 3, 'job_id': '2', 'task_family': 'reduce', 'task': {'task_id': '2_R1', 'duration': 200, 'start_time': 1607409128.6176789, 'end_time': 0}}}, '5': {'5_R1': {'worker_id': 3, 'job_id': '5', 'task_family': 'reduce', 'task': {'task_id': '5_R1', 'duration': 200, 'start_time': 1607409313.7774806, 'end_time': 0}}}, '6': {'6_R1': {'worker_id': 3, 'job_id': '6', 'task_family': 'reduce', 'task': {'task_id': '6_R1', 'duration': 200, 'start_time': 1607409318.8051763, 'end_time': 0}}}}
Task sent: {"worker_id": 3, "job_id": "2", "task_family": "reduce", "task": {"task_id": "2_R1", "start_time": 1607409128.6176789, "end_time": 1607409328.623245}}!
Task received at worker: [{"worker_id": 3, "job_id": "7", "task_family": "reduce", "task": {"task_id": "7_R1", "duration": 200}}]
{'worker_id': 3, 'job_id': '7', 'task_family': 'reduce', 'task': {'task_id': '7_R1', 'duration': 200, 'start_time': 1607409328.7955809, 'end_time': 0}}
{'5': {'5_R1': {'worker_id': 3, 'job_id': '5', 'task_family': 'reduce', 'task': {'task_id': '5_R1', 'duration': 200, 'start_time': 1607409313.7774806, 'end_time': 0}}}, '6': {'6_R1': {'worker_id': 3, 'job_id': '6', 'task_family': 'reduce', 'task': {'task_id': '6_R1', 'duration': 200, 'start_time': 1607409318.8051763, 'end_time': 0}}}, '7': {'7_R1': {'worker_id': 3, 'job_id': '7', 'task_family': 'reduce', 'task': {'task_id': '7_R1', 'duration': 200, 'start_time': 1607409328.7955809, 'end_time': 0}}}}
Task sent: {"worker_id": 3, "job_id": "5", "task_family": "reduce", "task": {"task_id": "5_R1", "start_time": 1607409313.7774806, "end_time": 1607409513.7917974}}!
Task sent: {"worker_id": 3, "job_id": "6", "task_family": "reduce", "task": {"task_id": "6_R1", "start_time": 1607409318.8051763, "end_time": 1607409518.8070579}}!
INFO: The task execution pool is empty!
Task sent: {"worker_id": 3, "job_id": "7", "task_family": "reduce", "task": {"task_id": "7_R1", "start_time": 1607409328.7955809, "end_time": 1607409528.8128707}}!
Task received at worker: [{"worker_id": 3, "job_id": "8", "task_family": "reduce", "task": {"task_id": "8_R0", "duration": 200}}]
{'worker_id': 3, 'job_id': '8', 'task_family': 'reduce', 'task': {'task_id': '8_R0', 'duration': 200, 'start_time': 1607409533.8543303, 'end_time': 0}}
{'8': {'8_R0': {'worker_id': 3, 'job_id': '8', 'task_family': 'reduce', 'task': {'task_id': '8_R0', 'duration': 200, 'start_time': 1607409533.8543303, 'end_time': 0}}}}
Task received at worker: [{"worker_id": 3, "job_id": "9", "task_family": "reduce", "task": {"task_id": "9_R0", "duration": 200}}]
{'worker_id': 3, 'job_id': '9', 'task_family': 'reduce', 'task': {'task_id': '9_R0', 'duration': 200, 'start_time': 1607409538.9378958, 'end_time': 0}}
{'8': {'8_R0': {'worker_id': 3, 'job_id': '8', 'task_family': 'reduce', 'task': {'task_id': '8_R0', 'duration': 200, 'start_time': 1607409533.8543303, 'end_time': 0}}}, '9': {'9_R0': {'worker_id': 3, 'job_id': '9', 'task_family': 'reduce', 'task': {'task_id': '9_R0', 'duration': 200, 'start_time': 1607409538.9378958, 'end_time': 0}}}}
Task sent: {"worker_id": 3, "job_id": "8", "task_family": "reduce", "task": {"task_id": "8_R0", "start_time": 1607409533.8543303, "end_time": 1607409733.8667536}}!
INFO: The task execution pool is empty!
Task sent: {"worker_id": 3, "job_id": "9", "task_family": "reduce", "task": {"task_id": "9_R0", "start_time": 1607409538.9378958, "end_time": 1607409738.942562}}!


