1 generated the key b'5WbwsYt7tk8mlFeE2MHVFv05mCyrd2UiQUqYVjmQhAk='
Sleeping for 0.5s
INFO: The task execution pool is empty!
INFO: Created the Task Execution Pool Poller thread!
Task received at worker: [{"worker_id": 1, "job_id": "0", "task_family": "map", "task": {"task_id": "0_M0", "duration": 200}}]
{'worker_id': 1, 'job_id': '0', 'task_family': 'map', 'task': {'task_id': '0_M0', 'duration': 200, 'start_time': 1607408908.401327, 'end_time': 0}}
{'0': {'0_M0': {'worker_id': 1, 'job_id': '0', 'task_family': 'map', 'task': {'task_id': '0_M0', 'duration': 200, 'start_time': 1607408908.401327, 'end_time': 0}}}}
Task received at worker: [{"worker_id": 1, "job_id": "1", "task_family": "map", "task": {"task_id": "1_M1", "duration": 200}}]
{'worker_id': 1, 'job_id': '1', 'task_family': 'map', 'task': {'task_id': '1_M1', 'duration': 200, 'start_time': 1607408913.4137495, 'end_time': 0}}
{'0': {'0_M0': {'worker_id': 1, 'job_id': '0', 'task_family': 'map', 'task': {'task_id': '0_M0', 'duration': 200, 'start_time': 1607408908.401327, 'end_time': 0}}}, '1': {'1_M1': {'worker_id': 1, 'job_id': '1', 'task_family': 'map', 'task': {'task_id': '1_M1', 'duration': 200, 'start_time': 1607408913.4137495, 'end_time': 0}}}}
Task received at worker: [{"worker_id": 1, "job_id": "3", "task_family": "map", "task": {"task_id": "3_M0", "duration": 200}}]
{'worker_id': 1, 'job_id': '3', 'task_family': 'map', 'task': {'task_id': '3_M0', 'duration': 200, 'start_time': 1607408923.385781, 'end_time': 0}}
{'0': {'0_M0': {'worker_id': 1, 'job_id': '0', 'task_family': 'map', 'task': {'task_id': '0_M0', 'duration': 200, 'start_time': 1607408908.401327, 'end_time': 0}}}, '1': {'1_M1': {'worker_id': 1, 'job_id': '1', 'task_family': 'map', 'task': {'task_id': '1_M1', 'duration': 200, 'start_time': 1607408913.4137495, 'end_time': 0}}}, '3': {'3_M0': {'worker_id': 1, 'job_id': '3', 'task_family': 'map', 'task': {'task_id': '3_M0', 'duration': 200, 'start_time': 1607408923.385781, 'end_time': 0}}}}
Task received at worker: [{"worker_id": 1, "job_id": "4", "task_family": "map", "task": {"task_id": "4_M1", "duration": 200}}]
{'worker_id': 1, 'job_id': '4', 'task_family': 'map', 'task': {'task_id': '4_M1', 'duration': 200, 'start_time': 1607408928.4542284, 'end_time': 0}}
{'0': {'0_M0': {'worker_id': 1, 'job_id': '0', 'task_family': 'map', 'task': {'task_id': '0_M0', 'duration': 200, 'start_time': 1607408908.401327, 'end_time': 0}}}, '1': {'1_M1': {'worker_id': 1, 'job_id': '1', 'task_family': 'map', 'task': {'task_id': '1_M1', 'duration': 200, 'start_time': 1607408913.4137495, 'end_time': 0}}}, '3': {'3_M0': {'worker_id': 1, 'job_id': '3', 'task_family': 'map', 'task': {'task_id': '3_M0', 'duration': 200, 'start_time': 1607408923.385781, 'end_time': 0}}}, '4': {'4_M1': {'worker_id': 1, 'job_id': '4', 'task_family': 'map', 'task': {'task_id': '4_M1', 'duration': 200, 'start_time': 1607408928.4542284, 'end_time': 0}}}}
Task received at worker: [{"worker_id": 1, "job_id": "5", "task_family": "map", "task": {"task_id": "5_M1", "duration": 200}}]
{'worker_id': 1, 'job_id': '5', 'task_family': 'map', 'task': {'task_id': '5_M1', 'duration': 200, 'start_time': 1607408933.4388816, 'end_time': 0}}
{'0': {'0_M0': {'worker_id': 1, 'job_id': '0', 'task_family': 'map', 'task': {'task_id': '0_M0', 'duration': 200, 'start_time': 1607408908.401327, 'end_time': 0}}}, '1': {'1_M1': {'worker_id': 1, 'job_id': '1', 'task_family': 'map', 'task': {'task_id': '1_M1', 'duration': 200, 'start_time': 1607408913.4137495, 'end_time': 0}}}, '3': {'3_M0': {'worker_id': 1, 'job_id': '3', 'task_family': 'map', 'task': {'task_id': '3_M0', 'duration': 200, 'start_time': 1607408923.385781, 'end_time': 0}}}, '4': {'4_M1': {'worker_id': 1, 'job_id': '4', 'task_family': 'map', 'task': {'task_id': '4_M1', 'duration': 200, 'start_time': 1607408928.4542284, 'end_time': 0}}}, '5': {'5_M1': {'worker_id': 1, 'job_id': '5', 'task_family': 'map', 'task': {'task_id': '5_M1', 'duration': 200, 'start_time': 1607408933.4388816, 'end_time': 0}}}}
Task sent: {"worker_id": 1, "job_id": "0", "task_family": "map", "task": {"task_id": "0_M0", "start_time": 1607408908.401327, "end_time": 1607409108.4039118}}!
Task received at worker: [{"worker_id": 1, "job_id": "7", "task_family": "map", "task": {"task_id": "7_M1", "duration": 200}}]
{'worker_id': 1, 'job_id': '7', 'task_family': 'map', 'task': {'task_id': '7_M1', 'duration': 200, 'start_time': 1607409108.5786986, 'end_time': 0}}
{'1': {'1_M1': {'worker_id': 1, 'job_id': '1', 'task_family': 'map', 'task': {'task_id': '1_M1', 'duration': 200, 'start_time': 1607408913.4137495, 'end_time': 0}}}, '3': {'3_M0': {'worker_id': 1, 'job_id': '3', 'task_family': 'map', 'task': {'task_id': '3_M0', 'duration': 200, 'start_time': 1607408923.385781, 'end_time': 0}}}, '4': {'4_M1': {'worker_id': 1, 'job_id': '4', 'task_family': 'map', 'task': {'task_id': '4_M1', 'duration': 200, 'start_time': 1607408928.4542284, 'end_time': 0}}}, '5': {'5_M1': {'worker_id': 1, 'job_id': '5', 'task_family': 'map', 'task': {'task_id': '5_M1', 'duration': 200, 'start_time': 1607408933.4388816, 'end_time': 0}}}, '7': {'7_M1': {'worker_id': 1, 'job_id': '7', 'task_family': 'map', 'task': {'task_id': '7_M1', 'duration': 200, 'start_time': 1607409108.5786986, 'end_time': 0}}}}
Task sent: {"worker_id": 1, "job_id": "1", "task_family": "map", "task": {"task_id": "1_M1", "start_time": 1607408913.4137495, "end_time": 1607409113.4231832}}!
Task received at worker: [{"worker_id": 1, "job_id": "0", "task_family": "reduce", "task": {"task_id": "0_R2", "duration": 200}}]
{'worker_id': 1, 'job_id': '0', 'task_family': 'reduce', 'task': {'task_id': '0_R2', 'duration': 200, 'start_time': 1607409113.5793781, 'end_time': 0}}
{'3': {'3_M0': {'worker_id': 1, 'job_id': '3', 'task_family': 'map', 'task': {'task_id': '3_M0', 'duration': 200, 'start_time': 1607408923.385781, 'end_time': 0}}}, '4': {'4_M1': {'worker_id': 1, 'job_id': '4', 'task_family': 'map', 'task': {'task_id': '4_M1', 'duration': 200, 'start_time': 1607408928.4542284, 'end_time': 0}}}, '5': {'5_M1': {'worker_id': 1, 'job_id': '5', 'task_family': 'map', 'task': {'task_id': '5_M1', 'duration': 200, 'start_time': 1607408933.4388816, 'end_time': 0}}}, '7': {'7_M1': {'worker_id': 1, 'job_id': '7', 'task_family': 'map', 'task': {'task_id': '7_M1', 'duration': 200, 'start_time': 1607409108.5786986, 'end_time': 0}}}, '0': {'0_R2': {'worker_id': 1, 'job_id': '0', 'task_family': 'reduce', 'task': {'task_id': '0_R2', 'duration': 200, 'start_time': 1607409113.5793781, 'end_time': 0}}}}
Task sent: {"worker_id": 1, "job_id": "3", "task_family": "map", "task": {"task_id": "3_M0", "start_time": 1607408923.385781, "end_time": 1607409123.3859491}}!
Task received at worker: [{"worker_id": 1, "job_id": "1", "task_family": "reduce", "task": {"task_id": "1_R2", "duration": 200}}]
{'worker_id': 1, 'job_id': '1', 'task_family': 'reduce', 'task': {'task_id': '1_R2', 'duration': 200, 'start_time': 1607409123.6161897, 'end_time': 0}}
{'4': {'4_M1': {'worker_id': 1, 'job_id': '4', 'task_family': 'map', 'task': {'task_id': '4_M1', 'duration': 200, 'start_time': 1607408928.4542284, 'end_time': 0}}}, '5': {'5_M1': {'worker_id': 1, 'job_id': '5', 'task_family': 'map', 'task': {'task_id': '5_M1', 'duration': 200, 'start_time': 1607408933.4388816, 'end_time': 0}}}, '7': {'7_M1': {'worker_id': 1, 'job_id': '7', 'task_family': 'map', 'task': {'task_id': '7_M1', 'duration': 200, 'start_time': 1607409108.5786986, 'end_time': 0}}}, '0': {'0_R2': {'worker_id': 1, 'job_id': '0', 'task_family': 'reduce', 'task': {'task_id': '0_R2', 'duration': 200, 'start_time': 1607409113.5793781, 'end_time': 0}}}, '1': {'1_R2': {'worker_id': 1, 'job_id': '1', 'task_family': 'reduce', 'task': {'task_id': '1_R2', 'duration': 200, 'start_time': 1607409123.6161897, 'end_time': 0}}}}
Task sent: {"worker_id": 1, "job_id": "4", "task_family": "map", "task": {"task_id": "4_M1", "start_time": 1607408928.4542284, "end_time": 1607409128.4665675}}!
Task received at worker: [{"worker_id": 1, "job_id": "2", "task_family": "reduce", "task": {"task_id": "2_R2", "duration": 200}}]
{'worker_id': 1, 'job_id': '2', 'task_family': 'reduce', 'task': {'task_id': '2_R2', 'duration': 200, 'start_time': 1607409128.6013718, 'end_time': 0}}
{'5': {'5_M1': {'worker_id': 1, 'job_id': '5', 'task_family': 'map', 'task': {'task_id': '5_M1', 'duration': 200, 'start_time': 1607408933.4388816, 'end_time': 0}}}, '7': {'7_M1': {'worker_id': 1, 'job_id': '7', 'task_family': 'map', 'task': {'task_id': '7_M1', 'duration': 200, 'start_time': 1607409108.5786986, 'end_time': 0}}}, '0': {'0_R2': {'worker_id': 1, 'job_id': '0', 'task_family': 'reduce', 'task': {'task_id': '0_R2', 'duration': 200, 'start_time': 1607409113.5793781, 'end_time': 0}}}, '1': {'1_R2': {'worker_id': 1, 'job_id': '1', 'task_family': 'reduce', 'task': {'task_id': '1_R2', 'duration': 200, 'start_time': 1607409123.6161897, 'end_time': 0}}}, '2': {'2_R2': {'worker_id': 1, 'job_id': '2', 'task_family': 'reduce', 'task': {'task_id': '2_R2', 'duration': 200, 'start_time': 1607409128.6013718, 'end_time': 0}}}}
Task sent: {"worker_id": 1, "job_id": "5", "task_family": "map", "task": {"task_id": "5_M1", "start_time": 1607408933.4388816, "end_time": 1607409133.441152}}!
Task received at worker: [{"worker_id": 1, "job_id": "3", "task_family": "reduce", "task": {"task_id": "3_R1", "duration": 200}}]
{'worker_id': 1, 'job_id': '3', 'task_family': 'reduce', 'task': {'task_id': '3_R1', 'duration': 200, 'start_time': 1607409133.6591327, 'end_time': 0}}
{'7': {'7_M1': {'worker_id': 1, 'job_id': '7', 'task_family': 'map', 'task': {'task_id': '7_M1', 'duration': 200, 'start_time': 1607409108.5786986, 'end_time': 0}}}, '0': {'0_R2': {'worker_id': 1, 'job_id': '0', 'task_family': 'reduce', 'task': {'task_id': '0_R2', 'duration': 200, 'start_time': 1607409113.5793781, 'end_time': 0}}}, '1': {'1_R2': {'worker_id': 1, 'job_id': '1', 'task_family': 'reduce', 'task': {'task_id': '1_R2', 'duration': 200, 'start_time': 1607409123.6161897, 'end_time': 0}}}, '2': {'2_R2': {'worker_id': 1, 'job_id': '2', 'task_family': 'reduce', 'task': {'task_id': '2_R2', 'duration': 200, 'start_time': 1607409128.6013718, 'end_time': 0}}}, '3': {'3_R1': {'worker_id': 1, 'job_id': '3', 'task_family': 'reduce', 'task': {'task_id': '3_R1', 'duration': 200, 'start_time': 1607409133.6591327, 'end_time': 0}}}}
Task sent: {"worker_id": 1, "job_id": "7", "task_family": "map", "task": {"task_id": "7_M1", "start_time": 1607409108.5786986, "end_time": 1607409308.585614}}!
Task received at worker: [{"worker_id": 1, "job_id": "4", "task_family": "reduce", "task": {"task_id": "4_R2", "duration": 200}}]
{'worker_id': 1, 'job_id': '4', 'task_family': 'reduce', 'task': {'task_id': '4_R2', 'duration': 200, 'start_time': 1607409308.787194, 'end_time': 0}}
{'0': {'0_R2': {'worker_id': 1, 'job_id': '0', 'task_family': 'reduce', 'task': {'task_id': '0_R2', 'duration': 200, 'start_time': 1607409113.5793781, 'end_time': 0}}}, '1': {'1_R2': {'worker_id': 1, 'job_id': '1', 'task_family': 'reduce', 'task': {'task_id': '1_R2', 'duration': 200, 'start_time': 1607409123.6161897, 'end_time': 0}}}, '2': {'2_R2': {'worker_id': 1, 'job_id': '2', 'task_family': 'reduce', 'task': {'task_id': '2_R2', 'duration': 200, 'start_time': 1607409128.6013718, 'end_time': 0}}}, '3': {'3_R1': {'worker_id': 1, 'job_id': '3', 'task_family': 'reduce', 'task': {'task_id': '3_R1', 'duration': 200, 'start_time': 1607409133.6591327, 'end_time': 0}}}, '4': {'4_R2': {'worker_id': 1, 'job_id': '4', 'task_family': 'reduce', 'task': {'task_id': '4_R2', 'duration': 200, 'start_time': 1607409308.787194, 'end_time': 0}}}}
Task sent: {"worker_id": 1, "job_id": "0", "task_family": "reduce", "task": {"task_id": "0_R2", "start_time": 1607409113.5793781, "end_time": 1607409313.5825171}}!
Task received at worker: [{"worker_id": 1, "job_id": "5", "task_family": "reduce", "task": {"task_id": "5_R2", "duration": 200}}]
{'worker_id': 1, 'job_id': '5', 'task_family': 'reduce', 'task': {'task_id': '5_R2', 'duration': 200, 'start_time': 1607409313.7590063, 'end_time': 0}}
{'1': {'1_R2': {'worker_id': 1, 'job_id': '1', 'task_family': 'reduce', 'task': {'task_id': '1_R2', 'duration': 200, 'start_time': 1607409123.6161897, 'end_time': 0}}}, '2': {'2_R2': {'worker_id': 1, 'job_id': '2', 'task_family': 'reduce', 'task': {'task_id': '2_R2', 'duration': 200, 'start_time': 1607409128.6013718, 'end_time': 0}}}, '3': {'3_R1': {'worker_id': 1, 'job_id': '3', 'task_family': 'reduce', 'task': {'task_id': '3_R1', 'duration': 200, 'start_time': 1607409133.6591327, 'end_time': 0}}}, '4': {'4_R2': {'worker_id': 1, 'job_id': '4', 'task_family': 'reduce', 'task': {'task_id': '4_R2', 'duration': 200, 'start_time': 1607409308.787194, 'end_time': 0}}}, '5': {'5_R2': {'worker_id': 1, 'job_id': '5', 'task_family': 'reduce', 'task': {'task_id': '5_R2', 'duration': 200, 'start_time': 1607409313.7590063, 'end_time': 0}}}}
Task sent: {"worker_id": 1, "job_id": "1", "task_family": "reduce", "task": {"task_id": "1_R2", "start_time": 1607409123.6161897, "end_time": 1607409323.6254404}}!
Task received at worker: [{"worker_id": 1, "job_id": "6", "task_family": "reduce", "task": {"task_id": "6_R2", "duration": 200}}]
{'worker_id': 1, 'job_id': '6', 'task_family': 'reduce', 'task': {'task_id': '6_R2', 'duration': 200, 'start_time': 1607409323.787698, 'end_time': 0}}
{'2': {'2_R2': {'worker_id': 1, 'job_id': '2', 'task_family': 'reduce', 'task': {'task_id': '2_R2', 'duration': 200, 'start_time': 1607409128.6013718, 'end_time': 0}}}, '3': {'3_R1': {'worker_id': 1, 'job_id': '3', 'task_family': 'reduce', 'task': {'task_id': '3_R1', 'duration': 200, 'start_time': 1607409133.6591327, 'end_time': 0}}}, '4': {'4_R2': {'worker_id': 1, 'job_id': '4', 'task_family': 'reduce', 'task': {'task_id': '4_R2', 'duration': 200, 'start_time': 1607409308.787194, 'end_time': 0}}}, '5': {'5_R2': {'worker_id': 1, 'job_id': '5', 'task_family': 'reduce', 'task': {'task_id': '5_R2', 'duration': 200, 'start_time': 1607409313.7590063, 'end_time': 0}}}, '6': {'6_R2': {'worker_id': 1, 'job_id': '6', 'task_family': 'reduce', 'task': {'task_id': '6_R2', 'duration': 200, 'start_time': 1607409323.787698, 'end_time': 0}}}}
Task sent: {"worker_id": 1, "job_id": "2", "task_family": "reduce", "task": {"task_id": "2_R2", "start_time": 1607409128.6013718, "end_time": 1607409328.603828}}!
Task received at worker: [{"worker_id": 1, "job_id": "7", "task_family": "reduce", "task": {"task_id": "7_R2", "duration": 200}}]
{'worker_id': 1, 'job_id': '7', 'task_family': 'reduce', 'task': {'task_id': '7_R2', 'duration': 200, 'start_time': 1607409328.8013544, 'end_time': 0}}
{'3': {'3_R1': {'worker_id': 1, 'job_id': '3', 'task_family': 'reduce', 'task': {'task_id': '3_R1', 'duration': 200, 'start_time': 1607409133.6591327, 'end_time': 0}}}, '4': {'4_R2': {'worker_id': 1, 'job_id': '4', 'task_family': 'reduce', 'task': {'task_id': '4_R2', 'duration': 200, 'start_time': 1607409308.787194, 'end_time': 0}}}, '5': {'5_R2': {'worker_id': 1, 'job_id': '5', 'task_family': 'reduce', 'task': {'task_id': '5_R2', 'duration': 200, 'start_time': 1607409313.7590063, 'end_time': 0}}}, '6': {'6_R2': {'worker_id': 1, 'job_id': '6', 'task_family': 'reduce', 'task': {'task_id': '6_R2', 'duration': 200, 'start_time': 1607409323.787698, 'end_time': 0}}}, '7': {'7_R2': {'worker_id': 1, 'job_id': '7', 'task_family': 'reduce', 'task': {'task_id': '7_R2', 'duration': 200, 'start_time': 1607409328.8013544, 'end_time': 0}}}}
Task sent: {"worker_id": 1, "job_id": "3", "task_family": "reduce", "task": {"task_id": "3_R1", "start_time": 1607409133.6591327, "end_time": 1607409333.6754425}}!
Task received at worker: [{"worker_id": 1, "job_id": "8", "task_family": "map", "task": {"task_id": "8_M1", "duration": 200}}]
{'worker_id': 1, 'job_id': '8', 'task_family': 'map', 'task': {'task_id': '8_M1', 'duration': 200, 'start_time': 1607409333.7915022, 'end_time': 0}}
{'4': {'4_R2': {'worker_id': 1, 'job_id': '4', 'task_family': 'reduce', 'task': {'task_id': '4_R2', 'duration': 200, 'start_time': 1607409308.787194, 'end_time': 0}}}, '5': {'5_R2': {'worker_id': 1, 'job_id': '5', 'task_family': 'reduce', 'task': {'task_id': '5_R2', 'duration': 200, 'start_time': 1607409313.7590063, 'end_time': 0}}}, '6': {'6_R2': {'worker_id': 1, 'job_id': '6', 'task_family': 'reduce', 'task': {'task_id': '6_R2', 'duration': 200, 'start_time': 1607409323.787698, 'end_time': 0}}}, '7': {'7_R2': {'worker_id': 1, 'job_id': '7', 'task_family': 'reduce', 'task': {'task_id': '7_R2', 'duration': 200, 'start_time': 1607409328.8013544, 'end_time': 0}}}, '8': {'8_M1': {'worker_id': 1, 'job_id': '8', 'task_family': 'map', 'task': {'task_id': '8_M1', 'duration': 200, 'start_time': 1607409333.7915022, 'end_time': 0}}}}
Task sent: {"worker_id": 1, "job_id": "4", "task_family": "reduce", "task": {"task_id": "4_R2", "start_time": 1607409308.787194, "end_time": 1607409508.7894316}}!
Task sent: {"worker_id": 1, "job_id": "5", "task_family": "reduce", "task": {"task_id": "5_R2", "start_time": 1607409313.7590063, "end_time": 1607409513.7661905}}!
Task sent: {"worker_id": 1, "job_id": "6", "task_family": "reduce", "task": {"task_id": "6_R2", "start_time": 1607409323.787698, "end_time": 1607409523.8039567}}!
Task sent: {"worker_id": 1, "job_id": "7", "task_family": "reduce", "task": {"task_id": "7_R2", "start_time": 1607409328.8013544, "end_time": 1607409528.8048754}}!
INFO: The task execution pool is empty!
Task sent: {"worker_id": 1, "job_id": "8", "task_family": "map", "task": {"task_id": "8_M1", "start_time": 1607409333.7915022, "end_time": 1607409533.7976499}}!
Task received at worker: [{"worker_id": 1, "job_id": "8", "task_family": "reduce", "task": {"task_id": "8_R1", "duration": 200}}]
{'worker_id': 1, 'job_id': '8', 'task_family': 'reduce', 'task': {'task_id': '8_R1', 'duration': 200, 'start_time': 1607409533.853287, 'end_time': 0}}
{'8': {'8_R1': {'worker_id': 1, 'job_id': '8', 'task_family': 'reduce', 'task': {'task_id': '8_R1', 'duration': 200, 'start_time': 1607409533.853287, 'end_time': 0}}}}
Task received at worker: [{"worker_id": 1, "job_id": "9", "task_family": "reduce", "task": {"task_id": "9_R1", "duration": 200}}]
{'worker_id': 1, 'job_id': '9', 'task_family': 'reduce', 'task': {'task_id': '9_R1', 'duration': 200, 'start_time': 1607409538.962086, 'end_time': 0}}
{'8': {'8_R1': {'worker_id': 1, 'job_id': '8', 'task_family': 'reduce', 'task': {'task_id': '8_R1', 'duration': 200, 'start_time': 1607409533.853287, 'end_time': 0}}}, '9': {'9_R1': {'worker_id': 1, 'job_id': '9', 'task_family': 'reduce', 'task': {'task_id': '9_R1', 'duration': 200, 'start_time': 1607409538.962086, 'end_time': 0}}}}
Task sent: {"worker_id": 1, "job_id": "8", "task_family": "reduce", "task": {"task_id": "8_R1", "start_time": 1607409533.853287, "end_time": 1607409733.8566515}}!
INFO: The task execution pool is empty!
Task sent: {"worker_id": 1, "job_id": "9", "task_family": "reduce", "task": {"task_id": "9_R1", "start_time": 1607409538.962086, "end_time": 1607409738.9651363}}!
