Have all the workers connected??y
Task received at worker: [{"worker_id": 1, "job_id": "0", "task family": "map", "task": {"task_id": "0_M0", "duration": 2}}]
{'worker_id': 1, 'job_id': '0', 'task family': 'map', 'task': {'task_id': '0_M0', 'duration': 2, 'start_time': 1606943820.2480042, 'end_time': 0}}
{'0': {'0_M0': {'worker_id': 1, 'job_id': '0', 'task family': 'map', 'task': {'task_id': '0_M0', 'duration': 2, 'start_time': 1606943820.2480042, 'end_time': 0}}}}
<class 'int'>
2
Task received at worker: [{"worker_id": 1, "job_id": "1", "task family": "map", "task": {"task_id": "1_M1", "duration": 4}}]
{'worker_id': 1, 'job_id': '1', 'task family': 'map', 'task': {'task_id': '1_M1', 'duration': 4, 'start_time': 1606943820.613485, 'end_time': 0}}
{'0': {'0_M0': {'worker_id': 1, 'job_id': '0', 'task family': 'map', 'task': {'task_id': '0_M0', 'duration': 1, 'start_time': 1606943820.2480042, 'end_time': 0}}}, '1': {'1_M1': {'worker_id': 1, 'job_id': '1', 'task family': 'map', 'task': {'task_id': '1_M1', 'duration': 4, 'start_time': 1606943820.613485, 'end_time': 0}}}}
Task received at worker: [{"worker_id": 1, "job_id": "2", "task family": "map", "task": {"task_id": "2_M1", "duration": 1}}]
{'worker_id': 1, 'job_id': '2', 'task family': 'map', 'task': {'task_id': '2_M1', 'duration': 1, 'start_time': 1606943820.9567902, 'end_time': 0}}
{'0': {'0_M0': {'worker_id': 1, 'job_id': '0', 'task family': 'map', 'task': {'task_id': '0_M0', 'duration': 1, 'start_time': 1606943820.2480042, 'end_time': 0}}}, '1': {'1_M1': {'worker_id': 1, 'job_id': '1', 'task family': 'map', 'task': {'task_id': '1_M1', 'duration': 4, 'start_time': 1606943820.613485, 'end_time': 0}}}, '2': {'2_M1': {'worker_id': 1, 'job_id': '2', 'task family': 'map', 'task': {'task_id': '2_M1', 'duration': 1, 'start_time': 1606943820.9567902, 'end_time': 0}}}}
Task received at worker: [{"worker_id": 1, "job_id": "3", "task family": "map", "task": {"task_id": "3_M1", "duration": 2}},{"worker_id": 1, "job_id": "3", "task family": "map", "task": {"task_id": "3_M3", "duration": 1}}]
{'worker_id': 1, 'job_id': '3', 'task family': 'map', 'task': {'task_id': '3_M1', 'duration': 2, 'start_time': 1606943820.9773028, 'end_time': 0}}
{'worker_id': 1, 'job_id': '3', 'task family': 'map', 'task': {'task_id': '3_M3', 'duration': 1, 'start_time': 1606943820.9824405, 'end_time': 0}}
{'0': {'0_M0': {'worker_id': 1, 'job_id': '0', 'task family': 'map', 'task': {'task_id': '0_M0', 'duration': 1, 'start_time': 1606943820.2480042, 'end_time': 0}}}, '1': {'1_M1': {'worker_id': 1, 'job_id': '1', 'task family': 'map', 'task': {'task_id': '1_M1', 'duration': 4, 'start_time': 1606943820.613485, 'end_time': 0}}}, '2': {'2_M1': {'worker_id': 1, 'job_id': '2', 'task family': 'map', 'task': {'task_id': '2_M1', 'duration': 1, 'start_time': 1606943820.9567902, 'end_time': 0}}}, '3': {'3_M1': {'worker_id': 1, 'job_id': '3', 'task family': 'map', 'task': {'task_id': '3_M1', 'duration': 2, 'start_time': 1606943820.9773028, 'end_time': 0}}, '3_M3': {'worker_id': 1, 'job_id': '3', 'task family': 'map', 'task': {'task_id': '3_M3', 'duration': 1, 'start_time': 1606943820.9824405, 'end_time': 0}}}}
<class 'int'>
1
<class 'int'>
4
<class 'int'>
1
<class 'int'>
2
<class 'int'>
1
Task sent: {"worker_id": 1, "job_id": "0", "task family": "map", "task": {"task_id": "0_M0", "start_time": 1606943820.2480042, "end_time": 1606943821.284854}}!
Task sent: {"worker_id": 1, "job_id": "2", "task family": "map", "task": {"task_id": "2_M1", "start_time": 1606943820.9567902, "end_time": 1606943821.285013}}!
Task sent: {"worker_id": 1, "job_id": "3", "task family": "map", "task": {"task_id": "3_M3", "start_time": 1606943820.9824405, "end_time": 1606943821.2850885}}!
Task received at worker: [{"worker_id": 1, "job_id": "0", "task family": "reduce", "task": {"task_id": "0_R1", "duration": 2}}]
{'worker_id': 1, 'job_id': '0', 'task family': 'reduce', 'task': {'task_id': '0_R1', 'duration': 2, 'start_time': 1606943822.0593, 'end_time': 0}}
{'1': {'1_M1': {'worker_id': 1, 'job_id': '1', 'task family': 'map', 'task': {'task_id': '1_M1', 'duration': 3, 'start_time': 1606943820.613485, 'end_time': 0}}}, '3': {'3_M1': {'worker_id': 1, 'job_id': '3', 'task family': 'map', 'task': {'task_id': '3_M1', 'duration': 1, 'start_time': 1606943820.9773028, 'end_time': 0}}}, '0': {'0_R1': {'worker_id': 1, 'job_id': '0', 'task family': 'reduce', 'task': {'task_id': '0_R1', 'duration': 2, 'start_time': 1606943822.0593, 'end_time': 0}}}}
Task received at worker: [{"worker_id": 1, "job_id": "5", "task family": "map", "task": {"task_id": "5_M2", "duration": 4}}]
{'worker_id': 1, 'job_id': '5', 'task family': 'map', 'task': {'task_id': '5_M2', 'duration': 4, 'start_time': 1606943822.0798416, 'end_time': 0}}
{'1': {'1_M1': {'worker_id': 1, 'job_id': '1', 'task family': 'map', 'task': {'task_id': '1_M1', 'duration': 3, 'start_time': 1606943820.613485, 'end_time': 0}}}, '3': {'3_M1': {'worker_id': 1, 'job_id': '3', 'task family': 'map', 'task': {'task_id': '3_M1', 'duration': 1, 'start_time': 1606943820.9773028, 'end_time': 0}}}, '0': {'0_R1': {'worker_id': 1, 'job_id': '0', 'task family': 'reduce', 'task': {'task_id': '0_R1', 'duration': 2, 'start_time': 1606943822.0593, 'end_time': 0}}}, '5': {'5_M2': {'worker_id': 1, 'job_id': '5', 'task family': 'map', 'task': {'task_id': '5_M2', 'duration': 4, 'start_time': 1606943822.0798416, 'end_time': 0}}}}
<class 'int'>
3
<class 'int'>
1
Task received at worker: [{"worker_id": 1, "job_id": "2", "task family": "reduce", "task": {"task_id": "2_R1", "duration": 2}}]
<class 'int'>
2
Task sent: {"worker_id": 1, "job_id": "3", "task family": "map", "task": {"task_id": "3_M1", "start_time": 1606943820.9773028, "end_time": 1606943822.316341}}!
<class 'int'>
4
{'worker_id': 1, 'job_id': '2', 'task family': 'reduce', 'task': {'task_id': '2_R1', 'duration': 2, 'start_time': 1606943822.337223, 'end_time': 0}}
{'1': {'1_M1': {'worker_id': 1, 'job_id': '1', 'task family': 'map', 'task': {'task_id': '1_M1', 'duration': 2, 'start_time': 1606943820.613485, 'end_time': 0}}}, '0': {'0_R1': {'worker_id': 1, 'job_id': '0', 'task family': 'reduce', 'task': {'task_id': '0_R1', 'duration': 1, 'start_time': 1606943822.0593, 'end_time': 0}}}, '5': {'5_M2': {'worker_id': 1, 'job_id': '5', 'task family': 'map', 'task': {'task_id': '5_M2', 'duration': 3, 'start_time': 1606943822.0798416, 'end_time': 0}}}, '2': {'2_R1': {'worker_id': 1, 'job_id': '2', 'task family': 'reduce', 'task': {'task_id': '2_R1', 'duration': 2, 'start_time': 1606943822.337223, 'end_time': 0}}}}
Task received at worker: [{"worker_id": 1, "job_id": "6", "task family": "map", "task": {"task_id": "6_M1", "duration": 3}}]
{'worker_id': 1, 'job_id': '6', 'task family': 'map', 'task': {'task_id': '6_M1', 'duration': 3, 'start_time': 1606943822.368171, 'end_time': 0}}
{'1': {'1_M1': {'worker_id': 1, 'job_id': '1', 'task family': 'map', 'task': {'task_id': '1_M1', 'duration': 2, 'start_time': 1606943820.613485, 'end_time': 0}}}, '0': {'0_R1': {'worker_id': 1, 'job_id': '0', 'task family': 'reduce', 'task': {'task_id': '0_R1', 'duration': 1, 'start_time': 1606943822.0593, 'end_time': 0}}}, '5': {'5_M2': {'worker_id': 1, 'job_id': '5', 'task family': 'map', 'task': {'task_id': '5_M2', 'duration': 3, 'start_time': 1606943822.0798416, 'end_time': 0}}}, '2': {'2_R1': {'worker_id': 1, 'job_id': '2', 'task family': 'reduce', 'task': {'task_id': '2_R1', 'duration': 2, 'start_time': 1606943822.337223, 'end_time': 0}}}, '6': {'6_M1': {'worker_id': 1, 'job_id': '6', 'task family': 'map', 'task': {'task_id': '6_M1', 'duration': 3, 'start_time': 1606943822.368171, 'end_time': 0}}}}
<class 'int'>
2
<class 'int'>
1
<class 'int'>
3
<class 'int'>
2
<class 'int'>
3
Task sent: {"worker_id": 1, "job_id": "0", "task family": "reduce", "task": {"task_id": "0_R1", "start_time": 1606943822.0593, "end_time": 1606943823.358594}}!
Task received at worker: [{"worker_id": 1, "job_id": "7", "task family": "map", "task": {"task_id": "7_M1", "duration": 1}}]
{'worker_id': 1, 'job_id': '7', 'task family': 'map', 'task': {'task_id': '7_M1', 'duration': 1, 'start_time': 1606943823.7777827, 'end_time': 0}}
{'1': {'1_M1': {'worker_id': 1, 'job_id': '1', 'task family': 'map', 'task': {'task_id': '1_M1', 'duration': 1, 'start_time': 1606943820.613485, 'end_time': 0}}}, '5': {'5_M2': {'worker_id': 1, 'job_id': '5', 'task family': 'map', 'task': {'task_id': '5_M2', 'duration': 2, 'start_time': 1606943822.0798416, 'end_time': 0}}}, '2': {'2_R1': {'worker_id': 1, 'job_id': '2', 'task family': 'reduce', 'task': {'task_id': '2_R1', 'duration': 1, 'start_time': 1606943822.337223, 'end_time': 0}}}, '6': {'6_M1': {'worker_id': 1, 'job_id': '6', 'task family': 'map', 'task': {'task_id': '6_M1', 'duration': 2, 'start_time': 1606943822.368171, 'end_time': 0}}}, '7': {'7_M1': {'worker_id': 1, 'job_id': '7', 'task family': 'map', 'task': {'task_id': '7_M1', 'duration': 1, 'start_time': 1606943823.7777827, 'end_time': 0}}}}
<class 'int'>
1
<class 'int'>
2
<class 'int'>
1
<class 'int'>
2
Task sent: {"worker_id": 1, "job_id": "1", "task family": "map", "task": {"task_id": "1_M1", "start_time": 1606943820.613485, "end_time": 1606943824.3750992}}!
<class 'int'>
1
Task sent: {"worker_id": 1, "job_id": "2", "task family": "reduce", "task": {"task_id": "2_R1", "start_time": 1606943822.337223, "end_time": 1606943824.3753016}}!
Task sent: {"worker_id": 1, "job_id": "7", "task family": "map", "task": {"task_id": "7_M1", "start_time": 1606943823.7777827, "end_time": 1606943824.3754811}}!
Task received at worker: [{"worker_id": 1, "job_id": "8", "task family": "map", "task": {"task_id": "8_M0", "duration": 2}}]
{'worker_id': 1, 'job_id': '8', 'task family': 'map', 'task': {'task_id': '8_M0', 'duration': 2, 'start_time': 1606943824.4874592, 'end_time': 0}}
{'5': {'5_M2': {'worker_id': 1, 'job_id': '5', 'task family': 'map', 'task': {'task_id': '5_M2', 'duration': 1, 'start_time': 1606943822.0798416, 'end_time': 0}}}, '6': {'6_M1': {'worker_id': 1, 'job_id': '6', 'task family': 'map', 'task': {'task_id': '6_M1', 'duration': 1, 'start_time': 1606943822.368171, 'end_time': 0}}}, '8': {'8_M0': {'worker_id': 1, 'job_id': '8', 'task family': 'map', 'task': {'task_id': '8_M0', 'duration': 2, 'start_time': 1606943824.4874592, 'end_time': 0}}}}
Task received at worker: [{"worker_id": 1, "job_id": "8", "task family": "map", "task": {"task_id": "8_M2", "duration": 2}}]
{'worker_id': 1, 'job_id': '8', 'task family': 'map', 'task': {'task_id': '8_M2', 'duration': 2, 'start_time': 1606943824.5079498, 'end_time': 0}}
{'5': {'5_M2': {'worker_id': 1, 'job_id': '5', 'task family': 'map', 'task': {'task_id': '5_M2', 'duration': 1, 'start_time': 1606943822.0798416, 'end_time': 0}}}, '6': {'6_M1': {'worker_id': 1, 'job_id': '6', 'task family': 'map', 'task': {'task_id': '6_M1', 'duration': 1, 'start_time': 1606943822.368171, 'end_time': 0}}}, '8': {'8_M0': {'worker_id': 1, 'job_id': '8', 'task family': 'map', 'task': {'task_id': '8_M0', 'duration': 2, 'start_time': 1606943824.4874592, 'end_time': 0}}, '8_M2': {'worker_id': 1, 'job_id': '8', 'task family': 'map', 'task': {'task_id': '8_M2', 'duration': 2, 'start_time': 1606943824.5079498, 'end_time': 0}}}}
Task received at worker: [{"worker_id": 1, "job_id": "3", "task family": "reduce", "task": {"task_id": "3_R1", "duration": 3}}]
{'worker_id': 1, 'job_id': '3', 'task family': 'reduce', 'task': {'task_id': '3_R1', 'duration': 3, 'start_time': 1606943824.7301328, 'end_time': 0}}
{'5': {'5_M2': {'worker_id': 1, 'job_id': '5', 'task family': 'map', 'task': {'task_id': '5_M2', 'duration': 1, 'start_time': 1606943822.0798416, 'end_time': 0}}}, '6': {'6_M1': {'worker_id': 1, 'job_id': '6', 'task family': 'map', 'task': {'task_id': '6_M1', 'duration': 1, 'start_time': 1606943822.368171, 'end_time': 0}}}, '8': {'8_M0': {'worker_id': 1, 'job_id': '8', 'task family': 'map', 'task': {'task_id': '8_M0', 'duration': 2, 'start_time': 1606943824.4874592, 'end_time': 0}}, '8_M2': {'worker_id': 1, 'job_id': '8', 'task family': 'map', 'task': {'task_id': '8_M2', 'duration': 2, 'start_time': 1606943824.5079498, 'end_time': 0}}}, '3': {'3_R1': {'worker_id': 1, 'job_id': '3', 'task family': 'reduce', 'task': {'task_id': '3_R1', 'duration': 3, 'start_time': 1606943824.7301328, 'end_time': 0}}}}
<class 'int'>
1
<class 'int'>
1
<class 'int'>
2
<class 'int'>
2
Task sent: {"worker_id": 1, "job_id": "5", "task family": "map", "task": {"task_id": "5_M2", "start_time": 1606943822.0798416, "end_time": 1606943825.3817031}}!
<class 'int'>
3
Task sent: {"worker_id": 1, "job_id": "6", "task family": "map", "task": {"task_id": "6_M1", "start_time": 1606943822.368171, "end_time": 1606943825.3818443}}!
Task received at worker: [{"worker_id": 1, "job_id": "5", "task family": "reduce", "task": {"task_id": "5_R1", "duration": 3}}]
{'worker_id': 1, 'job_id': '5', 'task family': 'reduce', 'task': {'task_id': '5_R1', 'duration': 3, 'start_time': 1606943825.4029198, 'end_time': 0}}
{'8': {'8_M0': {'worker_id': 1, 'job_id': '8', 'task family': 'map', 'task': {'task_id': '8_M0', 'duration': 1, 'start_time': 1606943824.4874592, 'end_time': 0}}, '8_M2': {'worker_id': 1, 'job_id': '8', 'task family': 'map', 'task': {'task_id': '8_M2', 'duration': 1, 'start_time': 1606943824.5079498, 'end_time': 0}}}, '3': {'3_R1': {'worker_id': 1, 'job_id': '3', 'task family': 'reduce', 'task': {'task_id': '3_R1', 'duration': 2, 'start_time': 1606943824.7301328, 'end_time': 0}}}, '5': {'5_R1': {'worker_id': 1, 'job_id': '5', 'task family': 'reduce', 'task': {'task_id': '5_R1', 'duration': 3, 'start_time': 1606943825.4029198, 'end_time': 0}}}}
Task received at worker: [{"worker_id": 1, "job_id": "9", "task family": "map", "task": {"task_id": "9_M1", "duration": 4}}]
{'worker_id': 1, 'job_id': '9', 'task family': 'map', 'task': {'task_id': '9_M1', 'duration': 4, 'start_time': 1606943825.8140395, 'end_time': 0}}
{'8': {'8_M0': {'worker_id': 1, 'job_id': '8', 'task family': 'map', 'task': {'task_id': '8_M0', 'duration': 1, 'start_time': 1606943824.4874592, 'end_time': 0}}, '8_M2': {'worker_id': 1, 'job_id': '8', 'task family': 'map', 'task': {'task_id': '8_M2', 'duration': 1, 'start_time': 1606943824.5079498, 'end_time': 0}}}, '3': {'3_R1': {'worker_id': 1, 'job_id': '3', 'task family': 'reduce', 'task': {'task_id': '3_R1', 'duration': 2, 'start_time': 1606943824.7301328, 'end_time': 0}}}, '5': {'5_R1': {'worker_id': 1, 'job_id': '5', 'task family': 'reduce', 'task': {'task_id': '5_R1', 'duration': 3, 'start_time': 1606943825.4029198, 'end_time': 0}}}, '9': {'9_M1': {'worker_id': 1, 'job_id': '9', 'task family': 'map', 'task': {'task_id': '9_M1', 'duration': 4, 'start_time': 1606943825.8140395, 'end_time': 0}}}}
<class 'int'>
1
<class 'int'>
1
<class 'int'>
2
Task sent: {"worker_id": 1, "job_id": "8", "task family": "map", "task": {"task_id": "8_M0", "start_time": 1606943824.4874592, "end_time": 1606943826.3984318}}!
<class 'int'>
3
Task sent: {"worker_id": 1, "job_id": "8", "task family": "map", "task": {"task_id": "8_M2", "start_time": 1606943824.5079498, "end_time": 1606943826.3985767}}!
<class 'int'>
4
Task received at worker: [{"worker_id": 1, "job_id": "7", "task family": "reduce", "task": {"task_id": "7_R0", "duration": 1}}]
{'worker_id': 1, 'job_id': '7', 'task family': 'reduce', 'task': {'task_id': '7_R0', 'duration': 1, 'start_time': 1606943826.8156872, 'end_time': 0}}
{'3': {'3_R1': {'worker_id': 1, 'job_id': '3', 'task family': 'reduce', 'task': {'task_id': '3_R1', 'duration': 1, 'start_time': 1606943824.7301328, 'end_time': 0}}}, '5': {'5_R1': {'worker_id': 1, 'job_id': '5', 'task family': 'reduce', 'task': {'task_id': '5_R1', 'duration': 2, 'start_time': 1606943825.4029198, 'end_time': 0}}}, '9': {'9_M1': {'worker_id': 1, 'job_id': '9', 'task family': 'map', 'task': {'task_id': '9_M1', 'duration': 3, 'start_time': 1606943825.8140395, 'end_time': 0}}}, '7': {'7_R0': {'worker_id': 1, 'job_id': '7', 'task family': 'reduce', 'task': {'task_id': '7_R0', 'duration': 1, 'start_time': 1606943826.8156872, 'end_time': 0}}}}
<class 'int'>
1
<class 'int'>
2
<class 'int'>
3
<class 'int'>
1
Task sent: {"worker_id": 1, "job_id": "3", "task family": "reduce", "task": {"task_id": "3_R1", "start_time": 1606943824.7301328, "end_time": 1606943827.4303715}}!
Task sent: {"worker_id": 1, "job_id": "7", "task family": "reduce", "task": {"task_id": "7_R0", "start_time": 1606943826.8156872, "end_time": 1606943827.4305751}}!
<class 'int'>
1
<class 'int'>
2
Task sent: {"worker_id": 1, "job_id": "5", "task family": "reduce", "task": {"task_id": "5_R1", "start_time": 1606943825.4029198, "end_time": 1606943828.4367726}}!
<class 'int'>
1
Task sent: {"worker_id": 1, "job_id": "9", "task family": "map", "task": {"task_id": "9_M1", "start_time": 1606943825.8140395, "end_time": 1606943829.4426577}}!
Task received at worker: [{"worker_id": 1, "job_id": "9", "task family": "reduce", "task": {"task_id": "9_R0", "duration": 2}}]
{'worker_id': 1, 'job_id': '9', 'task family': 'reduce', 'task': {'task_id': '9_R0', 'duration': 2, 'start_time': 1606943829.5147285, 'end_time': 0}}
{'9': {'9_R0': {'worker_id': 1, 'job_id': '9', 'task family': 'reduce', 'task': {'task_id': '9_R0', 'duration': 2, 'start_time': 1606943829.5147285, 'end_time': 0}}}}
<class 'int'>
2
<class 'int'>
1
Task sent: {"worker_id": 1, "job_id": "9", "task family": "reduce", "task": {"task_id": "9_R0", "start_time": 1606943829.5147285, "end_time": 1606943831.4755075}}!

