2 generated the key b'BgCl-lsVIkAXZjVK4HHBSg2uufcPTjGN1ZTAym90zIA='
Sleeping for 1.0s
INFO: The task execution pool is empty!
INFO: Created the Task Execution Pool Poller thread!
Task received at worker: [{"worker_id": 2, "job_id": "0", "task_family": "map", "task": {"task_id": "0_M0", "duration": 5}}]
{'worker_id': 2, 'job_id': '0', 'task_family': 'map', 'task': {'task_id': '0_M0', 'duration': 5, 'start_time': 1607029123.360107, 'end_time': 0}}
{'0': {'0_M0': {'worker_id': 2, 'job_id': '0', 'task_family': 'map', 'task': {'task_id': '0_M0', 'duration': 5, 'start_time': 1607029123.360107, 'end_time': 0}}}}
<class 'int'>
5
Task received at worker: [{"worker_id": 2, "job_id": "0", "task_family": "map", "task": {"task_id": "0_M1", "duration": 5}},{"worker_id": 2, "job_id": "0", "task_family": "map", "task": {"task_id": "0_M3", "duration": 5}}]
{'worker_id': 2, 'job_id': '0', 'task_family': 'map', 'task': {'task_id': '0_M1', 'duration': 5, 'start_time': 1607029123.748988, 'end_time': 0}}
{'worker_id': 2, 'job_id': '0', 'task_family': 'map', 'task': {'task_id': '0_M3', 'duration': 5, 'start_time': 1607029123.7490304, 'end_time': 0}}
{'0': {'0_M0': {'worker_id': 2, 'job_id': '0', 'task_family': 'map', 'task': {'task_id': '0_M0', 'duration': 4, 'start_time': 1607029123.360107, 'end_time': 0}}, '0_M1': {'worker_id': 2, 'job_id': '0', 'task_family': 'map', 'task': {'task_id': '0_M1', 'duration': 5, 'start_time': 1607029123.748988, 'end_time': 0}}, '0_M3': {'worker_id': 2, 'job_id': '0', 'task_family': 'map', 'task': {'task_id': '0_M3', 'duration': 5, 'start_time': 1607029123.7490304, 'end_time': 0}}}}
<class 'int'>
4
<class 'int'>
5
<class 'int'>
5
<class 'int'>
3
<class 'int'>
4
<class 'int'>
4
<class 'int'>
2
<class 'int'>
3
<class 'int'>
3
<class 'int'>
1
<class 'int'>
2
<class 'int'>
2
Task sent: {"worker_id": 2, "job_id": "0", "task_family": "map", "task": {"task_id": "0_M0", "start_time": 1607029123.360107, "end_time": 1607029127.7082043}}!
<class 'int'>
1
<class 'int'>
1
INFO: The task execution pool is empty!
Task sent: {"worker_id": 2, "job_id": "0", "task_family": "map", "task": {"task_id": "0_M1", "start_time": 1607029123.748988, "end_time": 1607029128.7274506}}!
Task sent: {"worker_id": 2, "job_id": "0", "task_family": "map", "task": {"task_id": "0_M3", "start_time": 1607029123.7490304, "end_time": 1607029128.7277358}}!
Task received at worker: [{"worker_id": 2, "job_id": "0", "task_family": "reduce", "task": {"task_id": "0_R0", "duration": 5}}]
{'worker_id': 2, 'job_id': '0', 'task_family': 'reduce', 'task': {'task_id': '0_R0', 'duration': 5, 'start_time': 1607029129.0242567, 'end_time': 0}}
{'0': {'0_R0': {'worker_id': 2, 'job_id': '0', 'task_family': 'reduce', 'task': {'task_id': '0_R0', 'duration': 5, 'start_time': 1607029129.0242567, 'end_time': 0}}}}
Task received at worker: [{"worker_id": 2, "job_id": "0", "task_family": "reduce", "task": {"task_id": "0_R1", "duration": 5}},{"worker_id": 2, "job_id": "0", "task_family": "reduce", "task": {"task_id": "0_R3", "duration": 5}}]
{'worker_id': 2, 'job_id': '0', 'task_family': 'reduce', 'task': {'task_id': '0_R1', 'duration': 5, 'start_time': 1607029129.1679423, 'end_time': 0}}
{'worker_id': 2, 'job_id': '0', 'task_family': 'reduce', 'task': {'task_id': '0_R3', 'duration': 5, 'start_time': 1607029129.173076, 'end_time': 0}}
{'0': {'0_R0': {'worker_id': 2, 'job_id': '0', 'task_family': 'reduce', 'task': {'task_id': '0_R0', 'duration': 5, 'start_time': 1607029129.0242567, 'end_time': 0}}, '0_R1': {'worker_id': 2, 'job_id': '0', 'task_family': 'reduce', 'task': {'task_id': '0_R1', 'duration': 5, 'start_time': 1607029129.1679423, 'end_time': 0}}, '0_R3': {'worker_id': 2, 'job_id': '0', 'task_family': 'reduce', 'task': {'task_id': '0_R3', 'duration': 5, 'start_time': 1607029129.173076, 'end_time': 0}}}}
<class 'int'>
5
<class 'int'>
5
<class 'int'>
5
<class 'int'>
4
<class 'int'>
4
<class 'int'>
4
<class 'int'>
3
<class 'int'>
3
<class 'int'>
3
<class 'int'>
2
<class 'int'>
2
<class 'int'>
2
<class 'int'>
1
<class 'int'>
1
<class 'int'>
1
INFO: The task execution pool is empty!
Task sent: {"worker_id": 2, "job_id": "0", "task_family": "reduce", "task": {"task_id": "0_R0", "start_time": 1607029129.0242567, "end_time": 1607029134.0233498}}!
Task sent: {"worker_id": 2, "job_id": "0", "task_family": "reduce", "task": {"task_id": "0_R1", "start_time": 1607029129.1679423, "end_time": 1607029134.0236464}}!
Task sent: {"worker_id": 2, "job_id": "0", "task_family": "reduce", "task": {"task_id": "0_R3", "start_time": 1607029129.173076, "end_time": 1607029134.0238178}}!
Task received at worker: [{"worker_id": 2, "job_id": "1", "task_family": "map", "task": {"task_id": "1_M0", "duration": 5}}]
{'worker_id': 2, 'job_id': '1', 'task_family': 'map', 'task': {'task_id': '1_M0', 'duration': 5, 'start_time': 1607029134.3454099, 'end_time': 0}}
{'1': {'1_M0': {'worker_id': 2, 'job_id': '1', 'task_family': 'map', 'task': {'task_id': '1_M0', 'duration': 5, 'start_time': 1607029134.3454099, 'end_time': 0}}}}
Task received at worker: [{"worker_id": 2, "job_id": "1", "task_family": "map", "task": {"task_id": "1_M1", "duration": 5}}]
{'worker_id': 2, 'job_id': '1', 'task_family': 'map', 'task': {'task_id': '1_M1', 'duration': 5, 'start_time': 1607029134.3458607, 'end_time': 0}}
{'1': {'1_M0': {'worker_id': 2, 'job_id': '1', 'task_family': 'map', 'task': {'task_id': '1_M0', 'duration': 5, 'start_time': 1607029134.3454099, 'end_time': 0}}, '1_M1': {'worker_id': 2, 'job_id': '1', 'task_family': 'map', 'task': {'task_id': '1_M1', 'duration': 5, 'start_time': 1607029134.3458607, 'end_time': 0}}}}
Task received at worker: [{"worker_id": 2, "job_id": "1", "task_family": "map", "task": {"task_id": "1_M3", "duration": 5}}]
{'worker_id': 2, 'job_id': '1', 'task_family': 'map', 'task': {'task_id': '1_M3', 'duration': 5, 'start_time': 1607029134.5553796, 'end_time': 0}}
{'1': {'1_M0': {'worker_id': 2, 'job_id': '1', 'task_family': 'map', 'task': {'task_id': '1_M0', 'duration': 5, 'start_time': 1607029134.3454099, 'end_time': 0}}, '1_M1': {'worker_id': 2, 'job_id': '1', 'task_family': 'map', 'task': {'task_id': '1_M1', 'duration': 5, 'start_time': 1607029134.3458607, 'end_time': 0}}, '1_M3': {'worker_id': 2, 'job_id': '1', 'task_family': 'map', 'task': {'task_id': '1_M3', 'duration': 5, 'start_time': 1607029134.5553796, 'end_time': 0}}}}
<class 'int'>
5
<class 'int'>
5
<class 'int'>
5
<class 'int'>
4
<class 'int'>
4
<class 'int'>
4
<class 'int'>
3
<class 'int'>
3
<class 'int'>
3
<class 'int'>
2
<class 'int'>
2
<class 'int'>
2
<class 'int'>
1
<class 'int'>
1
<class 'int'>
1
INFO: The task execution pool is empty!
Task sent: {"worker_id": 2, "job_id": "1", "task_family": "map", "task": {"task_id": "1_M0", "start_time": 1607029134.3454099, "end_time": 1607029139.2794313}}!
Task sent: {"worker_id": 2, "job_id": "1", "task_family": "map", "task": {"task_id": "1_M1", "start_time": 1607029134.3458607, "end_time": 1607029139.2796898}}!
Task sent: {"worker_id": 2, "job_id": "1", "task_family": "map", "task": {"task_id": "1_M3", "start_time": 1607029134.5553796, "end_time": 1607029139.279869}}!
Task received at worker: [{"worker_id": 2, "job_id": "1", "task_family": "reduce", "task": {"task_id": "1_R0", "duration": 5}}]
{'worker_id': 2, 'job_id': '1', 'task_family': 'reduce', 'task': {'task_id': '1_R0', 'duration': 5, 'start_time': 1607029139.761681, 'end_time': 0}}
{'1': {'1_R0': {'worker_id': 2, 'job_id': '1', 'task_family': 'reduce', 'task': {'task_id': '1_R0', 'duration': 5, 'start_time': 1607029139.761681, 'end_time': 0}}}}
Task received at worker: [{"worker_id": 2, "job_id": "1", "task_family": "reduce", "task": {"task_id": "1_R1", "duration": 5}},{"worker_id": 2, "job_id": "1", "task_family": "reduce", "task": {"task_id": "1_R3", "duration": 5}}]
{'worker_id': 2, 'job_id': '1', 'task_family': 'reduce', 'task': {'task_id': '1_R1', 'duration': 5, 'start_time': 1607029140.0521123, 'end_time': 0}}
{'worker_id': 2, 'job_id': '1', 'task_family': 'reduce', 'task': {'task_id': '1_R3', 'duration': 5, 'start_time': 1607029140.0572307, 'end_time': 0}}
{'1': {'1_R0': {'worker_id': 2, 'job_id': '1', 'task_family': 'reduce', 'task': {'task_id': '1_R0', 'duration': 5, 'start_time': 1607029139.761681, 'end_time': 0}}, '1_R1': {'worker_id': 2, 'job_id': '1', 'task_family': 'reduce', 'task': {'task_id': '1_R1', 'duration': 5, 'start_time': 1607029140.0521123, 'end_time': 0}}, '1_R3': {'worker_id': 2, 'job_id': '1', 'task_family': 'reduce', 'task': {'task_id': '1_R3', 'duration': 5, 'start_time': 1607029140.0572307, 'end_time': 0}}}}
<class 'int'>
5
<class 'int'>
5
<class 'int'>
5
<class 'int'>
4
<class 'int'>
4
<class 'int'>
4
<class 'int'>
3
<class 'int'>
3
<class 'int'>
3
<class 'int'>
2
<class 'int'>
2
<class 'int'>
2
<class 'int'>
1
<class 'int'>
1
<class 'int'>
1
INFO: The task execution pool is empty!
Task sent: {"worker_id": 2, "job_id": "1", "task_family": "reduce", "task": {"task_id": "1_R0", "start_time": 1607029139.761681, "end_time": 1607029144.5526772}}!
Task sent: {"worker_id": 2, "job_id": "1", "task_family": "reduce", "task": {"task_id": "1_R1", "start_time": 1607029140.0521123, "end_time": 1607029144.5528963}}!
Task sent: {"worker_id": 2, "job_id": "1", "task_family": "reduce", "task": {"task_id": "1_R3", "start_time": 1607029140.0572307, "end_time": 1607029144.5530765}}!
Task received at worker: [{"worker_id": 2, "job_id": "2", "task_family": "map", "task": {"task_id": "2_M0", "duration": 5}}]
{'worker_id': 2, 'job_id': '2', 'task_family': 'map', 'task': {'task_id': '2_M0', 'duration': 5, 'start_time': 1607029144.9432025, 'end_time': 0}}
{'2': {'2_M0': {'worker_id': 2, 'job_id': '2', 'task_family': 'map', 'task': {'task_id': '2_M0', 'duration': 5, 'start_time': 1607029144.9432025, 'end_time': 0}}}}
Task received at worker: [{"worker_id": 2, "job_id": "2", "task_family": "map", "task": {"task_id": "2_M1", "duration": 5}}]
{'worker_id': 2, 'job_id': '2', 'task_family': 'map', 'task': {'task_id': '2_M1', 'duration': 5, 'start_time': 1607029145.0152261, 'end_time': 0}}
{'2': {'2_M0': {'worker_id': 2, 'job_id': '2', 'task_family': 'map', 'task': {'task_id': '2_M0', 'duration': 5, 'start_time': 1607029144.9432025, 'end_time': 0}}, '2_M1': {'worker_id': 2, 'job_id': '2', 'task_family': 'map', 'task': {'task_id': '2_M1', 'duration': 5, 'start_time': 1607029145.0152261, 'end_time': 0}}}}
Task received at worker: [{"worker_id": 2, "job_id": "2", "task_family": "map", "task": {"task_id": "2_M3", "duration": 5}}]
{'worker_id': 2, 'job_id': '2', 'task_family': 'map', 'task': {'task_id': '2_M3', 'duration': 5, 'start_time': 1607029145.1838949, 'end_time': 0}}
{'2': {'2_M0': {'worker_id': 2, 'job_id': '2', 'task_family': 'map', 'task': {'task_id': '2_M0', 'duration': 5, 'start_time': 1607029144.9432025, 'end_time': 0}}, '2_M1': {'worker_id': 2, 'job_id': '2', 'task_family': 'map', 'task': {'task_id': '2_M1', 'duration': 5, 'start_time': 1607029145.0152261, 'end_time': 0}}, '2_M3': {'worker_id': 2, 'job_id': '2', 'task_family': 'map', 'task': {'task_id': '2_M3', 'duration': 5, 'start_time': 1607029145.1838949, 'end_time': 0}}}}
<class 'int'>
5
<class 'int'>
5
<class 'int'>
5
<class 'int'>
4
<class 'int'>
4
<class 'int'>
4
<class 'int'>
3
<class 'int'>
3
<class 'int'>
3
<class 'int'>
2
<class 'int'>
2
<class 'int'>
2
<class 'int'>
1
<class 'int'>
1
<class 'int'>
1
INFO: The task execution pool is empty!
Task sent: {"worker_id": 2, "job_id": "2", "task_family": "map", "task": {"task_id": "2_M0", "start_time": 1607029144.9432025, "end_time": 1607029149.8559012}}!
Task sent: {"worker_id": 2, "job_id": "2", "task_family": "map", "task": {"task_id": "2_M1", "start_time": 1607029145.0152261, "end_time": 1607029149.8559954}}!
Task sent: {"worker_id": 2, "job_id": "2", "task_family": "map", "task": {"task_id": "2_M3", "start_time": 1607029145.1838949, "end_time": 1607029149.856048}}!
Task received at worker: [{"worker_id": 2, "job_id": "2", "task_family": "reduce", "task": {"task_id": "2_R0", "duration": 5}}]
{'worker_id': 2, 'job_id': '2', 'task_family': 'reduce', 'task': {'task_id': '2_R0', 'duration': 5, 'start_time': 1607029150.2699356, 'end_time': 0}}
{'2': {'2_R0': {'worker_id': 2, 'job_id': '2', 'task_family': 'reduce', 'task': {'task_id': '2_R0', 'duration': 5, 'start_time': 1607029150.2699356, 'end_time': 0}}}}
Task received at worker: [{"worker_id": 2, "job_id": "2", "task_family": "reduce", "task": {"task_id": "2_R1", "duration": 5}},{"worker_id": 2, "job_id": "2", "task_family": "reduce", "task": {"task_id": "2_R3", "duration": 5}}]
{'worker_id': 2, 'job_id': '2', 'task_family': 'reduce', 'task': {'task_id': '2_R1', 'duration': 5, 'start_time': 1607029150.4811313, 'end_time': 0}}
{'worker_id': 2, 'job_id': '2', 'task_family': 'reduce', 'task': {'task_id': '2_R3', 'duration': 5, 'start_time': 1607029150.486258, 'end_time': 0}}
{'2': {'2_R0': {'worker_id': 2, 'job_id': '2', 'task_family': 'reduce', 'task': {'task_id': '2_R0', 'duration': 5, 'start_time': 1607029150.2699356, 'end_time': 0}}, '2_R1': {'worker_id': 2, 'job_id': '2', 'task_family': 'reduce', 'task': {'task_id': '2_R1', 'duration': 5, 'start_time': 1607029150.4811313, 'end_time': 0}}, '2_R3': {'worker_id': 2, 'job_id': '2', 'task_family': 'reduce', 'task': {'task_id': '2_R3', 'duration': 5, 'start_time': 1607029150.486258, 'end_time': 0}}}}
<class 'int'>
5
<class 'int'>
5
<class 'int'>
5
<class 'int'>
4
<class 'int'>
4
<class 'int'>
4
<class 'int'>
3
<class 'int'>
3
<class 'int'>
3
<class 'int'>
2
<class 'int'>
2
<class 'int'>
2
<class 'int'>
1
<class 'int'>
1
<class 'int'>
1
INFO: The task execution pool is empty!
Task sent: {"worker_id": 2, "job_id": "2", "task_family": "reduce", "task": {"task_id": "2_R0", "start_time": 1607029150.2699356, "end_time": 1607029155.2452812}}!
Task sent: {"worker_id": 2, "job_id": "2", "task_family": "reduce", "task": {"task_id": "2_R1", "start_time": 1607029150.4811313, "end_time": 1607029155.245579}}!
Task sent: {"worker_id": 2, "job_id": "2", "task_family": "reduce", "task": {"task_id": "2_R3", "start_time": 1607029150.486258, "end_time": 1607029155.2457192}}!
Task received at worker: [{"worker_id": 2, "job_id": "3", "task_family": "map", "task": {"task_id": "3_M0", "duration": 5}}]
{'worker_id': 2, 'job_id': '3', 'task_family': 'map', 'task': {'task_id': '3_M0', 'duration': 5, 'start_time': 1607029155.910178, 'end_time': 0}}
{'3': {'3_M0': {'worker_id': 2, 'job_id': '3', 'task_family': 'map', 'task': {'task_id': '3_M0', 'duration': 5, 'start_time': 1607029155.910178, 'end_time': 0}}}}
<class 'int'>
5
Task received at worker: [{"worker_id": 2, "job_id": "3", "task_family": "map", "task": {"task_id": "3_M1", "duration": 5}},{"worker_id": 2, "job_id": "3", "task_family": "map", "task": {"task_id": "3_M3", "duration": 5}}]
{'worker_id': 2, 'job_id': '3', 'task_family': 'map', 'task': {'task_id': '3_M1', 'duration': 5, 'start_time': 1607029156.3979197, 'end_time': 0}}
{'worker_id': 2, 'job_id': '3', 'task_family': 'map', 'task': {'task_id': '3_M3', 'duration': 5, 'start_time': 1607029156.3979712, 'end_time': 0}}
{'3': {'3_M0': {'worker_id': 2, 'job_id': '3', 'task_family': 'map', 'task': {'task_id': '3_M0', 'duration': 4, 'start_time': 1607029155.910178, 'end_time': 0}}, '3_M1': {'worker_id': 2, 'job_id': '3', 'task_family': 'map', 'task': {'task_id': '3_M1', 'duration': 5, 'start_time': 1607029156.3979197, 'end_time': 0}}, '3_M3': {'worker_id': 2, 'job_id': '3', 'task_family': 'map', 'task': {'task_id': '3_M3', 'duration': 5, 'start_time': 1607029156.3979712, 'end_time': 0}}}}
<class 'int'>
4
<class 'int'>
5
<class 'int'>
5
<class 'int'>
3
<class 'int'>
4
<class 'int'>
4
<class 'int'>
2
<class 'int'>
3
<class 'int'>
3
<class 'int'>
1
<class 'int'>
2
<class 'int'>
2
Task sent: {"worker_id": 2, "job_id": "3", "task_family": "map", "task": {"task_id": "3_M0", "start_time": 1607029155.910178, "end_time": 1607029160.458937}}!
<class 'int'>
1
<class 'int'>
1
INFO: The task execution pool is empty!
Task sent: {"worker_id": 2, "job_id": "3", "task_family": "map", "task": {"task_id": "3_M1", "start_time": 1607029156.3979197, "end_time": 1607029161.5105734}}!
Task sent: {"worker_id": 2, "job_id": "3", "task_family": "map", "task": {"task_id": "3_M3", "start_time": 1607029156.3979712, "end_time": 1607029161.5110173}}!
Task received at worker: [{"worker_id": 2, "job_id": "3", "task_family": "reduce", "task": {"task_id": "3_R0", "duration": 5}}]
{'worker_id': 2, 'job_id': '3', 'task_family': 'reduce', 'task': {'task_id': '3_R0', 'duration': 5, 'start_time': 1607029161.685496, 'end_time': 0}}
{'3': {'3_R0': {'worker_id': 2, 'job_id': '3', 'task_family': 'reduce', 'task': {'task_id': '3_R0', 'duration': 5, 'start_time': 1607029161.685496, 'end_time': 0}}}}
Task received at worker: [{"worker_id": 2, "job_id": "3", "task_family": "reduce", "task": {"task_id": "3_R1", "duration": 5}}]
{'worker_id': 2, 'job_id': '3', 'task_family': 'reduce', 'task': {'task_id': '3_R1', 'duration': 5, 'start_time': 1607029162.0323737, 'end_time': 0}}
{'3': {'3_R0': {'worker_id': 2, 'job_id': '3', 'task_family': 'reduce', 'task': {'task_id': '3_R0', 'duration': 5, 'start_time': 1607029161.685496, 'end_time': 0}}, '3_R1': {'worker_id': 2, 'job_id': '3', 'task_family': 'reduce', 'task': {'task_id': '3_R1', 'duration': 5, 'start_time': 1607029162.0323737, 'end_time': 0}}}}
Task received at worker: [{"worker_id": 2, "job_id": "3", "task_family": "reduce", "task": {"task_id": "3_R3", "duration": 5}}]
{'worker_id': 2, 'job_id': '3', 'task_family': 'reduce', 'task': {'task_id': '3_R3', 'duration': 5, 'start_time': 1607029162.236607, 'end_time': 0}}
{'3': {'3_R0': {'worker_id': 2, 'job_id': '3', 'task_family': 'reduce', 'task': {'task_id': '3_R0', 'duration': 5, 'start_time': 1607029161.685496, 'end_time': 0}}, '3_R1': {'worker_id': 2, 'job_id': '3', 'task_family': 'reduce', 'task': {'task_id': '3_R1', 'duration': 5, 'start_time': 1607029162.0323737, 'end_time': 0}}, '3_R3': {'worker_id': 2, 'job_id': '3', 'task_family': 'reduce', 'task': {'task_id': '3_R3', 'duration': 5, 'start_time': 1607029162.236607, 'end_time': 0}}}}
<class 'int'>
5
<class 'int'>
5
<class 'int'>
5
<class 'int'>
4
<class 'int'>
4
<class 'int'>
4
<class 'int'>
3
<class 'int'>
3
<class 'int'>
3
<class 'int'>
2
<class 'int'>
2
<class 'int'>
2
<class 'int'>
1
<class 'int'>
1
<class 'int'>
1
Task sent: {"worker_id": 2, "job_id": "3", "task_family": "reduce", "task": {"task_id": "3_R0", "start_time": 1607029161.685496, "end_time": 1607029166.7744112}}!
INFO: The task execution pool is empty!
Task sent: {"worker_id": 2, "job_id": "3", "task_family": "reduce", "task": {"task_id": "3_R1", "start_time": 1607029162.0323737, "end_time": 1607029166.774621}}!
Task sent: {"worker_id": 2, "job_id": "3", "task_family": "reduce", "task": {"task_id": "3_R3", "start_time": 1607029162.236607, "end_time": 1607029166.7773275}}!
Task received at worker: [{"worker_id": 2, "job_id": "4", "task_family": "map", "task": {"task_id": "4_M0", "duration": 5}}]
{'worker_id': 2, 'job_id': '4', 'task_family': 'map', 'task': {'task_id': '4_M0', 'duration': 5, 'start_time': 1607029167.5004373, 'end_time': 0}}
{'4': {'4_M0': {'worker_id': 2, 'job_id': '4', 'task_family': 'map', 'task': {'task_id': '4_M0', 'duration': 5, 'start_time': 1607029167.5004373, 'end_time': 0}}}}
Task received at worker: [{"worker_id": 2, "job_id": "4", "task_family": "map", "task": {"task_id": "4_M1", "duration": 5}}]
{'worker_id': 2, 'job_id': '4', 'task_family': 'map', 'task': {'task_id': '4_M1', 'duration': 5, 'start_time': 1607029167.5621405, 'end_time': 0}}
{'4': {'4_M0': {'worker_id': 2, 'job_id': '4', 'task_family': 'map', 'task': {'task_id': '4_M0', 'duration': 5, 'start_time': 1607029167.5004373, 'end_time': 0}}, '4_M1': {'worker_id': 2, 'job_id': '4', 'task_family': 'map', 'task': {'task_id': '4_M1', 'duration': 5, 'start_time': 1607029167.5621405, 'end_time': 0}}}}
Task received at worker: [{"worker_id": 2, "job_id": "4", "task_family": "map", "task": {"task_id": "4_M3", "duration": 5}}]
{'worker_id': 2, 'job_id': '4', 'task_family': 'map', 'task': {'task_id': '4_M3', 'duration': 5, 'start_time': 1607029167.730387, 'end_time': 0}}
{'4': {'4_M0': {'worker_id': 2, 'job_id': '4', 'task_family': 'map', 'task': {'task_id': '4_M0', 'duration': 5, 'start_time': 1607029167.5004373, 'end_time': 0}}, '4_M1': {'worker_id': 2, 'job_id': '4', 'task_family': 'map', 'task': {'task_id': '4_M1', 'duration': 5, 'start_time': 1607029167.5621405, 'end_time': 0}}, '4_M3': {'worker_id': 2, 'job_id': '4', 'task_family': 'map', 'task': {'task_id': '4_M3', 'duration': 5, 'start_time': 1607029167.730387, 'end_time': 0}}}}
<class 'int'>
5
<class 'int'>
5
<class 'int'>
5
<class 'int'>
4
<class 'int'>
4
<class 'int'>
4
<class 'int'>
3
<class 'int'>
3
<class 'int'>
3
<class 'int'>
2
<class 'int'>
2
<class 'int'>
2
<class 'int'>
1
<class 'int'>
1
<class 'int'>
1
INFO: The task execution pool is empty!
Task sent: {"worker_id": 2, "job_id": "4", "task_family": "map", "task": {"task_id": "4_M0", "start_time": 1607029167.5004373, "end_time": 1607029171.9716341}}!
Task sent: {"worker_id": 2, "job_id": "4", "task_family": "map", "task": {"task_id": "4_M1", "start_time": 1607029167.5621405, "end_time": 1607029171.972033}}!
Task sent: {"worker_id": 2, "job_id": "4", "task_family": "map", "task": {"task_id": "4_M3", "start_time": 1607029167.730387, "end_time": 1607029171.9721365}}!
Task received at worker: [{"worker_id": 2, "job_id": "4", "task_family": "reduce", "task": {"task_id": "4_R0", "duration": 5}}]
{'worker_id': 2, 'job_id': '4', 'task_family': 'reduce', 'task': {'task_id': '4_R0', 'duration': 5, 'start_time': 1607029172.957497, 'end_time': 0}}
{'4': {'4_R0': {'worker_id': 2, 'job_id': '4', 'task_family': 'reduce', 'task': {'task_id': '4_R0', 'duration': 5, 'start_time': 1607029172.957497, 'end_time': 0}}}}
<class 'int'>
5
Task received at worker: [{"worker_id": 2, "job_id": "4", "task_family": "reduce", "task": {"task_id": "4_R1", "duration": 5}},{"worker_id": 2, "job_id": "4", "task_family": "reduce", "task": {"task_id": "4_R3", "duration": 5}}]
{'worker_id': 2, 'job_id': '4', 'task_family': 'reduce', 'task': {'task_id': '4_R1', 'duration': 5, 'start_time': 1607029173.0406091, 'end_time': 0}}
{'worker_id': 2, 'job_id': '4', 'task_family': 'reduce', 'task': {'task_id': '4_R3', 'duration': 5, 'start_time': 1607029173.0457318, 'end_time': 0}}
{'4': {'4_R0': {'worker_id': 2, 'job_id': '4', 'task_family': 'reduce', 'task': {'task_id': '4_R0', 'duration': 4, 'start_time': 1607029172.957497, 'end_time': 0}}, '4_R1': {'worker_id': 2, 'job_id': '4', 'task_family': 'reduce', 'task': {'task_id': '4_R1', 'duration': 5, 'start_time': 1607029173.0406091, 'end_time': 0}}, '4_R3': {'worker_id': 2, 'job_id': '4', 'task_family': 'reduce', 'task': {'task_id': '4_R3', 'duration': 5, 'start_time': 1607029173.0457318, 'end_time': 0}}}}
<class 'int'>
4
<class 'int'>
5
<class 'int'>
5
<class 'int'>
3
<class 'int'>
4
<class 'int'>
4
<class 'int'>
2
<class 'int'>
3
<class 'int'>
3
<class 'int'>
1
<class 'int'>
2
<class 'int'>
2
Task sent: {"worker_id": 2, "job_id": "4", "task_family": "reduce", "task": {"task_id": "4_R0", "start_time": 1607029172.957497, "end_time": 1607029177.243964}}!
<class 'int'>
1
<class 'int'>
1
INFO: The task execution pool is empty!
Task sent: {"worker_id": 2, "job_id": "4", "task_family": "reduce", "task": {"task_id": "4_R1", "start_time": 1607029173.0406091, "end_time": 1607029178.3250468}}!
Task sent: {"worker_id": 2, "job_id": "4", "task_family": "reduce", "task": {"task_id": "4_R3", "start_time": 1607029173.0457318, "end_time": 1607029178.3253396}}!
Task received at worker: [{"worker_id": 2, "job_id": "5", "task_family": "map", "task": {"task_id": "5_M0", "duration": 5}}]
{'worker_id': 2, 'job_id': '5', 'task_family': 'map', 'task': {'task_id': '5_M0', 'duration': 5, 'start_time': 1607029178.529622, 'end_time': 0}}
{'5': {'5_M0': {'worker_id': 2, 'job_id': '5', 'task_family': 'map', 'task': {'task_id': '5_M0', 'duration': 5, 'start_time': 1607029178.529622, 'end_time': 0}}}}
Task received at worker: [{"worker_id": 2, "job_id": "5", "task_family": "map", "task": {"task_id": "5_M1", "duration": 5}}]
{'worker_id': 2, 'job_id': '5', 'task_family': 'map', 'task': {'task_id': '5_M1', 'duration': 5, 'start_time': 1607029178.5912108, 'end_time': 0}}
{'5': {'5_M0': {'worker_id': 2, 'job_id': '5', 'task_family': 'map', 'task': {'task_id': '5_M0', 'duration': 5, 'start_time': 1607029178.529622, 'end_time': 0}}, '5_M1': {'worker_id': 2, 'job_id': '5', 'task_family': 'map', 'task': {'task_id': '5_M1', 'duration': 5, 'start_time': 1607029178.5912108, 'end_time': 0}}}}
Task received at worker: [{"worker_id": 2, "job_id": "5", "task_family": "map", "task": {"task_id": "5_M3", "duration": 5}}]
{'worker_id': 2, 'job_id': '5', 'task_family': 'map', 'task': {'task_id': '5_M3', 'duration': 5, 'start_time': 1607029178.800226, 'end_time': 0}}
{'5': {'5_M0': {'worker_id': 2, 'job_id': '5', 'task_family': 'map', 'task': {'task_id': '5_M0', 'duration': 5, 'start_time': 1607029178.529622, 'end_time': 0}}, '5_M1': {'worker_id': 2, 'job_id': '5', 'task_family': 'map', 'task': {'task_id': '5_M1', 'duration': 5, 'start_time': 1607029178.5912108, 'end_time': 0}}, '5_M3': {'worker_id': 2, 'job_id': '5', 'task_family': 'map', 'task': {'task_id': '5_M3', 'duration': 5, 'start_time': 1607029178.800226, 'end_time': 0}}}}
<class 'int'>
5
<class 'int'>
5
<class 'int'>
5
<class 'int'>
4
<class 'int'>
4
<class 'int'>
4
<class 'int'>
3
<class 'int'>
3
<class 'int'>
3
<class 'int'>
2
<class 'int'>
2
<class 'int'>
2
<class 'int'>
1
<class 'int'>
1
<class 'int'>
1
INFO: The task execution pool is empty!
Task sent: {"worker_id": 2, "job_id": "5", "task_family": "map", "task": {"task_id": "5_M0", "start_time": 1607029178.529622, "end_time": 1607029183.6635954}}!
Task sent: {"worker_id": 2, "job_id": "5", "task_family": "map", "task": {"task_id": "5_M1", "start_time": 1607029178.5912108, "end_time": 1607029183.6640213}}!
Task sent: {"worker_id": 2, "job_id": "5", "task_family": "map", "task": {"task_id": "5_M3", "start_time": 1607029178.800226, "end_time": 1607029183.664138}}!
Task received at worker: [{"worker_id": 2, "job_id": "5", "task_family": "reduce", "task": {"task_id": "5_R0", "duration": 5}}]
{'worker_id': 2, 'job_id': '5', 'task_family': 'reduce', 'task': {'task_id': '5_R0', 'duration': 5, 'start_time': 1607029184.0689433, 'end_time': 0}}
{'5': {'5_R0': {'worker_id': 2, 'job_id': '5', 'task_family': 'reduce', 'task': {'task_id': '5_R0', 'duration': 5, 'start_time': 1607029184.0689433, 'end_time': 0}}}}
Task received at worker: [{"worker_id": 2, "job_id": "5", "task_family": "reduce", "task": {"task_id": "5_R1", "duration": 5}},{"worker_id": 2, "job_id": "5", "task_family": "reduce", "task": {"task_id": "5_R3", "duration": 5}}]
{'worker_id': 2, 'job_id': '5', 'task_family': 'reduce', 'task': {'task_id': '5_R1', 'duration': 5, 'start_time': 1607029184.3094609, 'end_time': 0}}
{'worker_id': 2, 'job_id': '5', 'task_family': 'reduce', 'task': {'task_id': '5_R3', 'duration': 5, 'start_time': 1607029184.3094969, 'end_time': 0}}
{'5': {'5_R0': {'worker_id': 2, 'job_id': '5', 'task_family': 'reduce', 'task': {'task_id': '5_R0', 'duration': 5, 'start_time': 1607029184.0689433, 'end_time': 0}}, '5_R1': {'worker_id': 2, 'job_id': '5', 'task_family': 'reduce', 'task': {'task_id': '5_R1', 'duration': 5, 'start_time': 1607029184.3094609, 'end_time': 0}}, '5_R3': {'worker_id': 2, 'job_id': '5', 'task_family': 'reduce', 'task': {'task_id': '5_R3', 'duration': 5, 'start_time': 1607029184.3094969, 'end_time': 0}}}}
<class 'int'>
5
<class 'int'>
5
<class 'int'>
5
<class 'int'>
4
<class 'int'>
4
<class 'int'>
4
<class 'int'>
3
<class 'int'>
3
<class 'int'>
3
<class 'int'>
2
<class 'int'>
2
<class 'int'>
2
<class 'int'>
1
<class 'int'>
1
<class 'int'>
1
INFO: The task execution pool is empty!
Task sent: {"worker_id": 2, "job_id": "5", "task_family": "reduce", "task": {"task_id": "5_R0", "start_time": 1607029184.0689433, "end_time": 1607029189.0772972}}!
Task sent: {"worker_id": 2, "job_id": "5", "task_family": "reduce", "task": {"task_id": "5_R1", "start_time": 1607029184.3094609, "end_time": 1607029189.0776567}}!
Task sent: {"worker_id": 2, "job_id": "5", "task_family": "reduce", "task": {"task_id": "5_R3", "start_time": 1607029184.3094969, "end_time": 1607029189.0777667}}!
Task received at worker: [{"worker_id": 2, "job_id": "6", "task_family": "map", "task": {"task_id": "6_M0", "duration": 5}}]
{'worker_id': 2, 'job_id': '6', 'task_family': 'map', 'task': {'task_id': '6_M0', 'duration': 5, 'start_time': 1607029189.6624095, 'end_time': 0}}
{'6': {'6_M0': {'worker_id': 2, 'job_id': '6', 'task_family': 'map', 'task': {'task_id': '6_M0', 'duration': 5, 'start_time': 1607029189.6624095, 'end_time': 0}}}}
Task received at worker: [{"worker_id": 2, "job_id": "6", "task_family": "map", "task": {"task_id": "6_M1", "duration": 5}}]
{'worker_id': 2, 'job_id': '6', 'task_family': 'map', 'task': {'task_id': '6_M1', 'duration': 5, 'start_time': 1607029189.7344987, 'end_time': 0}}
{'6': {'6_M0': {'worker_id': 2, 'job_id': '6', 'task_family': 'map', 'task': {'task_id': '6_M0', 'duration': 5, 'start_time': 1607029189.6624095, 'end_time': 0}}, '6_M1': {'worker_id': 2, 'job_id': '6', 'task_family': 'map', 'task': {'task_id': '6_M1', 'duration': 5, 'start_time': 1607029189.7344987, 'end_time': 0}}}}
Task received at worker: [{"worker_id": 2, "job_id": "6", "task_family": "map", "task": {"task_id": "6_M3", "duration": 5}}]
{'worker_id': 2, 'job_id': '6', 'task_family': 'map', 'task': {'task_id': '6_M3', 'duration': 5, 'start_time': 1607029189.9131486, 'end_time': 0}}
{'6': {'6_M0': {'worker_id': 2, 'job_id': '6', 'task_family': 'map', 'task': {'task_id': '6_M0', 'duration': 5, 'start_time': 1607029189.6624095, 'end_time': 0}}, '6_M1': {'worker_id': 2, 'job_id': '6', 'task_family': 'map', 'task': {'task_id': '6_M1', 'duration': 5, 'start_time': 1607029189.7344987, 'end_time': 0}}, '6_M3': {'worker_id': 2, 'job_id': '6', 'task_family': 'map', 'task': {'task_id': '6_M3', 'duration': 5, 'start_time': 1607029189.9131486, 'end_time': 0}}}}
<class 'int'>
5
<class 'int'>
5
<class 'int'>
5
<class 'int'>
4
<class 'int'>
4
<class 'int'>
4
<class 'int'>
3
<class 'int'>
3
<class 'int'>
3
<class 'int'>
2
<class 'int'>
2
<class 'int'>
2
<class 'int'>
1
<class 'int'>
1
<class 'int'>
1
INFO: The task execution pool is empty!
Task sent: {"worker_id": 2, "job_id": "6", "task_family": "map", "task": {"task_id": "6_M0", "start_time": 1607029189.6624095, "end_time": 1607029194.3426747}}!
Task sent: {"worker_id": 2, "job_id": "6", "task_family": "map", "task": {"task_id": "6_M1", "start_time": 1607029189.7344987, "end_time": 1607029194.3429537}}!
Task sent: {"worker_id": 2, "job_id": "6", "task_family": "map", "task": {"task_id": "6_M3", "start_time": 1607029189.9131486, "end_time": 1607029194.3432584}}!
Task received at worker: [{"worker_id": 2, "job_id": "6", "task_family": "reduce", "task": {"task_id": "6_R0", "duration": 5}}]
{'worker_id': 2, 'job_id': '6', 'task_family': 'reduce', 'task': {'task_id': '6_R0', 'duration': 5, 'start_time': 1607029195.0540936, 'end_time': 0}}
{'6': {'6_R0': {'worker_id': 2, 'job_id': '6', 'task_family': 'reduce', 'task': {'task_id': '6_R0', 'duration': 5, 'start_time': 1607029195.0540936, 'end_time': 0}}}}
Task received at worker: [{"worker_id": 2, "job_id": "6", "task_family": "reduce", "task": {"task_id": "6_R1", "duration": 5}}]
{'worker_id': 2, 'job_id': '6', 'task_family': 'reduce', 'task': {'task_id': '6_R1', 'duration': 5, 'start_time': 1607029195.1006308, 'end_time': 0}}
{'6': {'6_R0': {'worker_id': 2, 'job_id': '6', 'task_family': 'reduce', 'task': {'task_id': '6_R0', 'duration': 5, 'start_time': 1607029195.0540936, 'end_time': 0}}, '6_R1': {'worker_id': 2, 'job_id': '6', 'task_family': 'reduce', 'task': {'task_id': '6_R1', 'duration': 5, 'start_time': 1607029195.1006308, 'end_time': 0}}}}
Task received at worker: [{"worker_id": 2, "job_id": "6", "task_family": "reduce", "task": {"task_id": "6_R3", "duration": 5}}]
{'worker_id': 2, 'job_id': '6', 'task_family': 'reduce', 'task': {'task_id': '6_R3', 'duration': 5, 'start_time': 1607029195.3048432, 'end_time': 0}}
{'6': {'6_R0': {'worker_id': 2, 'job_id': '6', 'task_family': 'reduce', 'task': {'task_id': '6_R0', 'duration': 5, 'start_time': 1607029195.0540936, 'end_time': 0}}, '6_R1': {'worker_id': 2, 'job_id': '6', 'task_family': 'reduce', 'task': {'task_id': '6_R1', 'duration': 5, 'start_time': 1607029195.1006308, 'end_time': 0}}, '6_R3': {'worker_id': 2, 'job_id': '6', 'task_family': 'reduce', 'task': {'task_id': '6_R3', 'duration': 5, 'start_time': 1607029195.3048432, 'end_time': 0}}}}
<class 'int'>
5
<class 'int'>
5
<class 'int'>
5
<class 'int'>
4
<class 'int'>
4
<class 'int'>
4
<class 'int'>
3
<class 'int'>
3
<class 'int'>
3
<class 'int'>
2
<class 'int'>
2
<class 'int'>
2
<class 'int'>
1
<class 'int'>
1
<class 'int'>
1
INFO: The task execution pool is empty!
Task sent: {"worker_id": 2, "job_id": "6", "task_family": "reduce", "task": {"task_id": "6_R0", "start_time": 1607029195.0540936, "end_time": 1607029199.573535}}!
Task sent: {"worker_id": 2, "job_id": "6", "task_family": "reduce", "task": {"task_id": "6_R1", "start_time": 1607029195.1006308, "end_time": 1607029199.5738263}}!
Task sent: {"worker_id": 2, "job_id": "6", "task_family": "reduce", "task": {"task_id": "6_R3", "start_time": 1607029195.3048432, "end_time": 1607029199.5740964}}!
Task received at worker: [{"worker_id": 2, "job_id": "7", "task_family": "map", "task": {"task_id": "7_M0", "duration": 5}}]
{'worker_id': 2, 'job_id': '7', 'task_family': 'map', 'task': {'task_id': '7_M0', 'duration': 5, 'start_time': 1607029200.2830896, 'end_time': 0}}
{'7': {'7_M0': {'worker_id': 2, 'job_id': '7', 'task_family': 'map', 'task': {'task_id': '7_M0', 'duration': 5, 'start_time': 1607029200.2830896, 'end_time': 0}}}}
Task received at worker: [{"worker_id": 2, "job_id": "7", "task_family": "map", "task": {"task_id": "7_M1", "duration": 5}}]
{'worker_id': 2, 'job_id': '7', 'task_family': 'map', 'task': {'task_id': '7_M1', 'duration': 5, 'start_time': 1607029200.3245633, 'end_time': 0}}
{'7': {'7_M0': {'worker_id': 2, 'job_id': '7', 'task_family': 'map', 'task': {'task_id': '7_M0', 'duration': 5, 'start_time': 1607029200.2830896, 'end_time': 0}}, '7_M1': {'worker_id': 2, 'job_id': '7', 'task_family': 'map', 'task': {'task_id': '7_M1', 'duration': 5, 'start_time': 1607029200.3245633, 'end_time': 0}}}}
Task received at worker: [{"worker_id": 2, "job_id": "7", "task_family": "map", "task": {"task_id": "7_M3", "duration": 5}}]
{'worker_id': 2, 'job_id': '7', 'task_family': 'map', 'task': {'task_id': '7_M3', 'duration': 5, 'start_time': 1607029200.4289148, 'end_time': 0}}
{'7': {'7_M0': {'worker_id': 2, 'job_id': '7', 'task_family': 'map', 'task': {'task_id': '7_M0', 'duration': 5, 'start_time': 1607029200.2830896, 'end_time': 0}}, '7_M1': {'worker_id': 2, 'job_id': '7', 'task_family': 'map', 'task': {'task_id': '7_M1', 'duration': 5, 'start_time': 1607029200.3245633, 'end_time': 0}}, '7_M3': {'worker_id': 2, 'job_id': '7', 'task_family': 'map', 'task': {'task_id': '7_M3', 'duration': 5, 'start_time': 1607029200.4289148, 'end_time': 0}}}}
<class 'int'>
5
<class 'int'>
5
<class 'int'>
5
<class 'int'>
4
<class 'int'>
4
<class 'int'>
4
<class 'int'>
3
<class 'int'>
3
<class 'int'>
3
<class 'int'>
2
<class 'int'>
2
<class 'int'>
2
<class 'int'>
1
<class 'int'>
1
<class 'int'>
1
INFO: The task execution pool is empty!
Task sent: {"worker_id": 2, "job_id": "7", "task_family": "map", "task": {"task_id": "7_M0", "start_time": 1607029200.2830896, "end_time": 1607029204.8345847}}!
Task sent: {"worker_id": 2, "job_id": "7", "task_family": "map", "task": {"task_id": "7_M1", "start_time": 1607029200.3245633, "end_time": 1607029204.8348517}}!
Task sent: {"worker_id": 2, "job_id": "7", "task_family": "map", "task": {"task_id": "7_M3", "start_time": 1607029200.4289148, "end_time": 1607029204.8350065}}!
Task received at worker: [{"worker_id": 2, "job_id": "7", "task_family": "reduce", "task": {"task_id": "7_R0", "duration": 5}}]
{'worker_id': 2, 'job_id': '7', 'task_family': 'reduce', 'task': {'task_id': '7_R0', 'duration': 5, 'start_time': 1607029205.4835653, 'end_time': 0}}
{'7': {'7_R0': {'worker_id': 2, 'job_id': '7', 'task_family': 'reduce', 'task': {'task_id': '7_R0', 'duration': 5, 'start_time': 1607029205.4835653, 'end_time': 0}}}}
Task received at worker: [{"worker_id": 2, "job_id": "7", "task_family": "reduce", "task": {"task_id": "7_R1", "duration": 5}}]
{'worker_id': 2, 'job_id': '7', 'task_family': 'reduce', 'task': {'task_id': '7_R1', 'duration': 5, 'start_time': 1607029205.5250697, 'end_time': 0}}
{'7': {'7_R0': {'worker_id': 2, 'job_id': '7', 'task_family': 'reduce', 'task': {'task_id': '7_R0', 'duration': 5, 'start_time': 1607029205.4835653, 'end_time': 0}}, '7_R1': {'worker_id': 2, 'job_id': '7', 'task_family': 'reduce', 'task': {'task_id': '7_R1', 'duration': 5, 'start_time': 1607029205.5250697, 'end_time': 0}}}}
Task received at worker: [{"worker_id": 2, "job_id": "7", "task_family": "reduce", "task": {"task_id": "7_R3", "duration": 5}}]
{'worker_id': 2, 'job_id': '7', 'task_family': 'reduce', 'task': {'task_id': '7_R3', 'duration': 5, 'start_time': 1607029205.6991844, 'end_time': 0}}
{'7': {'7_R0': {'worker_id': 2, 'job_id': '7', 'task_family': 'reduce', 'task': {'task_id': '7_R0', 'duration': 5, 'start_time': 1607029205.4835653, 'end_time': 0}}, '7_R1': {'worker_id': 2, 'job_id': '7', 'task_family': 'reduce', 'task': {'task_id': '7_R1', 'duration': 5, 'start_time': 1607029205.5250697, 'end_time': 0}}, '7_R3': {'worker_id': 2, 'job_id': '7', 'task_family': 'reduce', 'task': {'task_id': '7_R3', 'duration': 5, 'start_time': 1607029205.6991844, 'end_time': 0}}}}
<class 'int'>
5
<class 'int'>
5
<class 'int'>
5
<class 'int'>
4
<class 'int'>
4
<class 'int'>
4
<class 'int'>
3
<class 'int'>
3
<class 'int'>
3
<class 'int'>
2
<class 'int'>
2
<class 'int'>
2
<class 'int'>
1
<class 'int'>
1
<class 'int'>
1
INFO: The task execution pool is empty!
Task sent: {"worker_id": 2, "job_id": "7", "task_family": "reduce", "task": {"task_id": "7_R0", "start_time": 1607029205.4835653, "end_time": 1607029210.235111}}!
Task sent: {"worker_id": 2, "job_id": "7", "task_family": "reduce", "task": {"task_id": "7_R1", "start_time": 1607029205.5250697, "end_time": 1607029210.2352123}}!
Task sent: {"worker_id": 2, "job_id": "7", "task_family": "reduce", "task": {"task_id": "7_R3", "start_time": 1607029205.6991844, "end_time": 1607029210.235394}}!
Task received at worker: [{"worker_id": 2, "job_id": "8", "task_family": "map", "task": {"task_id": "8_M0", "duration": 5}}]
{'worker_id': 2, 'job_id': '8', 'task_family': 'map', 'task': {'task_id': '8_M0', 'duration': 5, 'start_time': 1607029210.8999703, 'end_time': 0}}
{'8': {'8_M0': {'worker_id': 2, 'job_id': '8', 'task_family': 'map', 'task': {'task_id': '8_M0', 'duration': 5, 'start_time': 1607029210.8999703, 'end_time': 0}}}}
Task received at worker: [{"worker_id": 2, "job_id": "8", "task_family": "map", "task": {"task_id": "8_M1", "duration": 5}}]
{'worker_id': 2, 'job_id': '8', 'task_family': 'map', 'task': {'task_id': '8_M1', 'duration': 5, 'start_time': 1607029210.9565523, 'end_time': 0}}
{'8': {'8_M0': {'worker_id': 2, 'job_id': '8', 'task_family': 'map', 'task': {'task_id': '8_M0', 'duration': 5, 'start_time': 1607029210.8999703, 'end_time': 0}}, '8_M1': {'worker_id': 2, 'job_id': '8', 'task_family': 'map', 'task': {'task_id': '8_M1', 'duration': 5, 'start_time': 1607029210.9565523, 'end_time': 0}}}}
Task received at worker: [{"worker_id": 2, "job_id": "8", "task_family": "map", "task": {"task_id": "8_M3", "duration": 5}}]
{'worker_id': 2, 'job_id': '8', 'task_family': 'map', 'task': {'task_id': '8_M3', 'duration': 5, 'start_time': 1607029211.1655445, 'end_time': 0}}
{'8': {'8_M0': {'worker_id': 2, 'job_id': '8', 'task_family': 'map', 'task': {'task_id': '8_M0', 'duration': 5, 'start_time': 1607029210.8999703, 'end_time': 0}}, '8_M1': {'worker_id': 2, 'job_id': '8', 'task_family': 'map', 'task': {'task_id': '8_M1', 'duration': 5, 'start_time': 1607029210.9565523, 'end_time': 0}}, '8_M3': {'worker_id': 2, 'job_id': '8', 'task_family': 'map', 'task': {'task_id': '8_M3', 'duration': 5, 'start_time': 1607029211.1655445, 'end_time': 0}}}}
<class 'int'>
5
<class 'int'>
5
<class 'int'>
5
<class 'int'>
4
<class 'int'>
4
<class 'int'>
4
<class 'int'>
3
<class 'int'>
3
<class 'int'>
3
<class 'int'>
2
<class 'int'>
2
<class 'int'>
2
<class 'int'>
1
<class 'int'>
1
<class 'int'>
1
INFO: The task execution pool is empty!
Task sent: {"worker_id": 2, "job_id": "8", "task_family": "map", "task": {"task_id": "8_M0", "start_time": 1607029210.8999703, "end_time": 1607029215.638506}}!
Task sent: {"worker_id": 2, "job_id": "8", "task_family": "map", "task": {"task_id": "8_M1", "start_time": 1607029210.9565523, "end_time": 1607029215.6387458}}!
Task sent: {"worker_id": 2, "job_id": "8", "task_family": "map", "task": {"task_id": "8_M3", "start_time": 1607029211.1655445, "end_time": 1607029215.6388812}}!
Task received at worker: [{"worker_id": 2, "job_id": "8", "task_family": "reduce", "task": {"task_id": "8_R0", "duration": 5}}]
{'worker_id': 2, 'job_id': '8', 'task_family': 'reduce', 'task': {'task_id': '8_R0', 'duration': 5, 'start_time': 1607029216.1753454, 'end_time': 0}}
{'8': {'8_R0': {'worker_id': 2, 'job_id': '8', 'task_family': 'reduce', 'task': {'task_id': '8_R0', 'duration': 5, 'start_time': 1607029216.1753454, 'end_time': 0}}}}
Task received at worker: [{"worker_id": 2, "job_id": "8", "task_family": "reduce", "task": {"task_id": "8_R1", "duration": 5}}]
{'worker_id': 2, 'job_id': '8', 'task_family': 'reduce', 'task': {'task_id': '8_R1', 'duration': 5, 'start_time': 1607029216.3545828, 'end_time': 0}}
{'8': {'8_R0': {'worker_id': 2, 'job_id': '8', 'task_family': 'reduce', 'task': {'task_id': '8_R0', 'duration': 5, 'start_time': 1607029216.1753454, 'end_time': 0}}, '8_R1': {'worker_id': 2, 'job_id': '8', 'task_family': 'reduce', 'task': {'task_id': '8_R1', 'duration': 5, 'start_time': 1607029216.3545828, 'end_time': 0}}}}
Task received at worker: [{"worker_id": 2, "job_id": "8", "task_family": "reduce", "task": {"task_id": "8_R3", "duration": 5}}]
{'worker_id': 2, 'job_id': '8', 'task_family': 'reduce', 'task': {'task_id': '8_R3', 'duration': 5, 'start_time': 1607029216.482375, 'end_time': 0}}
{'8': {'8_R0': {'worker_id': 2, 'job_id': '8', 'task_family': 'reduce', 'task': {'task_id': '8_R0', 'duration': 5, 'start_time': 1607029216.1753454, 'end_time': 0}}, '8_R1': {'worker_id': 2, 'job_id': '8', 'task_family': 'reduce', 'task': {'task_id': '8_R1', 'duration': 5, 'start_time': 1607029216.3545828, 'end_time': 0}}, '8_R3': {'worker_id': 2, 'job_id': '8', 'task_family': 'reduce', 'task': {'task_id': '8_R3', 'duration': 5, 'start_time': 1607029216.482375, 'end_time': 0}}}}
<class 'int'>
5
<class 'int'>
5
<class 'int'>
5
<class 'int'>
4
<class 'int'>
4
<class 'int'>
4
<class 'int'>
3
<class 'int'>
3
<class 'int'>
3
<class 'int'>
2
<class 'int'>
2
<class 'int'>
2
<class 'int'>
1
<class 'int'>
1
<class 'int'>
1
INFO: The task execution pool is empty!
Task sent: {"worker_id": 2, "job_id": "8", "task_family": "reduce", "task": {"task_id": "8_R0", "start_time": 1607029216.1753454, "end_time": 1607029220.8406725}}!
Task sent: {"worker_id": 2, "job_id": "8", "task_family": "reduce", "task": {"task_id": "8_R1", "start_time": 1607029216.3545828, "end_time": 1607029220.8409226}}!
Task sent: {"worker_id": 2, "job_id": "8", "task_family": "reduce", "task": {"task_id": "8_R3", "start_time": 1607029216.482375, "end_time": 1607029220.8410695}}!
Task received at worker: [{"worker_id": 2, "job_id": "9", "task_family": "map", "task": {"task_id": "9_M0", "duration": 5}}]
{'worker_id': 2, 'job_id': '9', 'task_family': 'map', 'task': {'task_id': '9_M0', 'duration': 5, 'start_time': 1607029221.5483692, 'end_time': 0}}
{'9': {'9_M0': {'worker_id': 2, 'job_id': '9', 'task_family': 'map', 'task': {'task_id': '9_M0', 'duration': 5, 'start_time': 1607029221.5483692, 'end_time': 0}}}}
Task received at worker: [{"worker_id": 2, "job_id": "9", "task_family": "map", "task": {"task_id": "9_M1", "duration": 5}}]
{'worker_id': 2, 'job_id': '9', 'task_family': 'map', 'task': {'task_id': '9_M1', 'duration': 5, 'start_time': 1607029221.6559498, 'end_time': 0}}
{'9': {'9_M0': {'worker_id': 2, 'job_id': '9', 'task_family': 'map', 'task': {'task_id': '9_M0', 'duration': 5, 'start_time': 1607029221.5483692, 'end_time': 0}}, '9_M1': {'worker_id': 2, 'job_id': '9', 'task_family': 'map', 'task': {'task_id': '9_M1', 'duration': 5, 'start_time': 1607029221.6559498, 'end_time': 0}}}}
Task received at worker: [{"worker_id": 2, "job_id": "9", "task_family": "map", "task": {"task_id": "9_M3", "duration": 5}}]
{'worker_id': 2, 'job_id': '9', 'task_family': 'map', 'task': {'task_id': '9_M3', 'duration': 5, 'start_time': 1607029221.7025526, 'end_time': 0}}
{'9': {'9_M0': {'worker_id': 2, 'job_id': '9', 'task_family': 'map', 'task': {'task_id': '9_M0', 'duration': 5, 'start_time': 1607029221.5483692, 'end_time': 0}}, '9_M1': {'worker_id': 2, 'job_id': '9', 'task_family': 'map', 'task': {'task_id': '9_M1', 'duration': 5, 'start_time': 1607029221.6559498, 'end_time': 0}}, '9_M3': {'worker_id': 2, 'job_id': '9', 'task_family': 'map', 'task': {'task_id': '9_M3', 'duration': 5, 'start_time': 1607029221.7025526, 'end_time': 0}}}}
<class 'int'>
5
<class 'int'>
5
<class 'int'>
5
<class 'int'>
4
<class 'int'>
4
<class 'int'>
4
<class 'int'>
3
<class 'int'>
3
<class 'int'>
3
<class 'int'>
2
<class 'int'>
2
<class 'int'>
2
<class 'int'>
1
<class 'int'>
1
<class 'int'>
1
INFO: The task execution pool is empty!
Task sent: {"worker_id": 2, "job_id": "9", "task_family": "map", "task": {"task_id": "9_M0", "start_time": 1607029221.5483692, "end_time": 1607029226.070481}}!
Task sent: {"worker_id": 2, "job_id": "9", "task_family": "map", "task": {"task_id": "9_M1", "start_time": 1607029221.6559498, "end_time": 1607029226.0708637}}!
Task sent: {"worker_id": 2, "job_id": "9", "task_family": "map", "task": {"task_id": "9_M3", "start_time": 1607029221.7025526, "end_time": 1607029226.0710728}}!
Task received at worker: [{"worker_id": 2, "job_id": "9", "task_family": "reduce", "task": {"task_id": "9_R0", "duration": 5}}]
{'worker_id': 2, 'job_id': '9', 'task_family': 'reduce', 'task': {'task_id': '9_R0', 'duration': 5, 'start_time': 1607029226.7410495, 'end_time': 0}}
{'9': {'9_R0': {'worker_id': 2, 'job_id': '9', 'task_family': 'reduce', 'task': {'task_id': '9_R0', 'duration': 5, 'start_time': 1607029226.7410495, 'end_time': 0}}}}
Task received at worker: [{"worker_id": 2, "job_id": "9", "task_family": "reduce", "task": {"task_id": "9_R1", "duration": 5}}]
{'worker_id': 2, 'job_id': '9', 'task_family': 'reduce', 'task': {'task_id': '9_R1', 'duration': 5, 'start_time': 1607029226.864692, 'end_time': 0}}
{'9': {'9_R0': {'worker_id': 2, 'job_id': '9', 'task_family': 'reduce', 'task': {'task_id': '9_R0', 'duration': 5, 'start_time': 1607029226.7410495, 'end_time': 0}}, '9_R1': {'worker_id': 2, 'job_id': '9', 'task_family': 'reduce', 'task': {'task_id': '9_R1', 'duration': 5, 'start_time': 1607029226.864692, 'end_time': 0}}}}
Task received at worker: [{"worker_id": 2, "job_id": "9", "task_family": "reduce", "task": {"task_id": "9_R3", "duration": 5}}]
{'worker_id': 2, 'job_id': '9', 'task_family': 'reduce', 'task': {'task_id': '9_R3', 'duration': 5, 'start_time': 1607029226.9425073, 'end_time': 0}}
{'9': {'9_R0': {'worker_id': 2, 'job_id': '9', 'task_family': 'reduce', 'task': {'task_id': '9_R0', 'duration': 5, 'start_time': 1607029226.7410495, 'end_time': 0}}, '9_R1': {'worker_id': 2, 'job_id': '9', 'task_family': 'reduce', 'task': {'task_id': '9_R1', 'duration': 5, 'start_time': 1607029226.864692, 'end_time': 0}}, '9_R3': {'worker_id': 2, 'job_id': '9', 'task_family': 'reduce', 'task': {'task_id': '9_R3', 'duration': 5, 'start_time': 1607029226.9425073, 'end_time': 0}}}}
<class 'int'>
5
<class 'int'>
5
<class 'int'>
5
<class 'int'>
4
<class 'int'>
4
<class 'int'>
4
<class 'int'>
3
<class 'int'>
3
<class 'int'>
3
<class 'int'>
2
<class 'int'>
2
<class 'int'>
2
<class 'int'>
1
<class 'int'>
1
<class 'int'>
1
INFO: The task execution pool is empty!
Task sent: {"worker_id": 2, "job_id": "9", "task_family": "reduce", "task": {"task_id": "9_R0", "start_time": 1607029226.7410495, "end_time": 1607029231.422317}}!
Task sent: {"worker_id": 2, "job_id": "9", "task_family": "reduce", "task": {"task_id": "9_R1", "start_time": 1607029226.864692, "end_time": 1607029231.4225628}}!
Task sent: {"worker_id": 2, "job_id": "9", "task_family": "reduce", "task": {"task_id": "9_R3", "start_time": 1607029226.9425073, "end_time": 1607029231.4227512}}!

