2 generated the key b'xpKwMRwWCMUdWek2-KGtdWUqIUlmpQbHOx778WJEATg='
Sleeping for 1.0s
INFO: The task execution pool is empty!
INFO: Created the Task Execution Pool Poller thread!
Task received at worker: [{"worker_id": 2, "job_id": "0", "task_family": "map", "task": {"task_id": "0_M0", "duration": 5}}]
{'worker_id': 2, 'job_id': '0', 'task_family': 'map', 'task': {'task_id': '0_M0', 'duration': 5, 'start_time': 1607030050.0776742, 'end_time': 0}}
{'0': {'0_M0': {'worker_id': 2, 'job_id': '0', 'task_family': 'map', 'task': {'task_id': '0_M0', 'duration': 5, 'start_time': 1607030050.0776742, 'end_time': 0}}}}
<class 'int'>
5
Task received at worker: [{"worker_id": 2, "job_id": "0", "task_family": "map", "task": {"task_id": "0_M1", "duration": 5}}]
{'worker_id': 2, 'job_id': '0', 'task_family': 'map', 'task': {'task_id': '0_M1', 'duration': 5, 'start_time': 1607030050.3498266, 'end_time': 0}}
{'0': {'0_M0': {'worker_id': 2, 'job_id': '0', 'task_family': 'map', 'task': {'task_id': '0_M0', 'duration': 4, 'start_time': 1607030050.0776742, 'end_time': 0}}, '0_M1': {'worker_id': 2, 'job_id': '0', 'task_family': 'map', 'task': {'task_id': '0_M1', 'duration': 5, 'start_time': 1607030050.3498266, 'end_time': 0}}}}
Task received at worker: [{"worker_id": 2, "job_id": "0", "task_family": "map", "task": {"task_id": "0_M3", "duration": 5}}]
{'worker_id': 2, 'job_id': '0', 'task_family': 'map', 'task': {'task_id': '0_M3', 'duration': 5, 'start_time': 1607030050.6782188, 'end_time': 0}}
{'0': {'0_M0': {'worker_id': 2, 'job_id': '0', 'task_family': 'map', 'task': {'task_id': '0_M0', 'duration': 4, 'start_time': 1607030050.0776742, 'end_time': 0}}, '0_M1': {'worker_id': 2, 'job_id': '0', 'task_family': 'map', 'task': {'task_id': '0_M1', 'duration': 5, 'start_time': 1607030050.3498266, 'end_time': 0}}, '0_M3': {'worker_id': 2, 'job_id': '0', 'task_family': 'map', 'task': {'task_id': '0_M3', 'duration': 5, 'start_time': 1607030050.6782188, 'end_time': 0}}}}
Task received at worker: [{"worker_id": 2, "job_id": "0", "task_family": "map", "task": {"task_id": "0_M5", "duration": 5}},{"worker_id": 2, "job_id": "0", "task_family": "map", "task": {"task_id": "0_M7", "duration": 5}}]
{'worker_id': 2, 'job_id': '0', 'task_family': 'map', 'task': {'task_id': '0_M5', 'duration': 5, 'start_time': 1607030050.7282329, 'end_time': 0}}
{'worker_id': 2, 'job_id': '0', 'task_family': 'map', 'task': {'task_id': '0_M7', 'duration': 5, 'start_time': 1607030050.72826, 'end_time': 0}}
{'0': {'0_M0': {'worker_id': 2, 'job_id': '0', 'task_family': 'map', 'task': {'task_id': '0_M0', 'duration': 4, 'start_time': 1607030050.0776742, 'end_time': 0}}, '0_M1': {'worker_id': 2, 'job_id': '0', 'task_family': 'map', 'task': {'task_id': '0_M1', 'duration': 5, 'start_time': 1607030050.3498266, 'end_time': 0}}, '0_M3': {'worker_id': 2, 'job_id': '0', 'task_family': 'map', 'task': {'task_id': '0_M3', 'duration': 5, 'start_time': 1607030050.6782188, 'end_time': 0}}, '0_M5': {'worker_id': 2, 'job_id': '0', 'task_family': 'map', 'task': {'task_id': '0_M5', 'duration': 5, 'start_time': 1607030050.7282329, 'end_time': 0}}, '0_M7': {'worker_id': 2, 'job_id': '0', 'task_family': 'map', 'task': {'task_id': '0_M7', 'duration': 5, 'start_time': 1607030050.72826, 'end_time': 0}}}}
<class 'int'>
4
<class 'int'>
5
<class 'int'>
5
<class 'int'>
5
<class 'int'>
5
<class 'int'>
3
<class 'int'>
4
<class 'int'>
4
<class 'int'>
4
<class 'int'>
4
<class 'int'>
2
<class 'int'>
3
<class 'int'>
3
<class 'int'>
3
<class 'int'>
3
<class 'int'>
1
<class 'int'>
2
<class 'int'>
2
<class 'int'>
2
<class 'int'>
2
Task sent: {"worker_id": 2, "job_id": "0", "task_family": "map", "task": {"task_id": "0_M0", "start_time": 1607030050.0776742, "end_time": 1607030054.3341165}}!
<class 'int'>
1
<class 'int'>
1
<class 'int'>
1
<class 'int'>
1
INFO: The task execution pool is empty!
Task sent: {"worker_id": 2, "job_id": "0", "task_family": "map", "task": {"task_id": "0_M1", "start_time": 1607030050.3498266, "end_time": 1607030055.3830788}}!
Task sent: {"worker_id": 2, "job_id": "0", "task_family": "map", "task": {"task_id": "0_M3", "start_time": 1607030050.6782188, "end_time": 1607030055.383319}}!
Task sent: {"worker_id": 2, "job_id": "0", "task_family": "map", "task": {"task_id": "0_M5", "start_time": 1607030050.7282329, "end_time": 1607030055.3834984}}!
Task sent: {"worker_id": 2, "job_id": "0", "task_family": "map", "task": {"task_id": "0_M7", "start_time": 1607030050.72826, "end_time": 1607030055.3836052}}!
Task received at worker: [{"worker_id": 2, "job_id": "0", "task_family": "reduce", "task": {"task_id": "0_R0", "duration": 5}}]
{'worker_id': 2, 'job_id': '0', 'task_family': 'reduce', 'task': {'task_id': '0_R0', 'duration': 5, 'start_time': 1607030055.8489406, 'end_time': 0}}
{'0': {'0_R0': {'worker_id': 2, 'job_id': '0', 'task_family': 'reduce', 'task': {'task_id': '0_R0', 'duration': 5, 'start_time': 1607030055.8489406, 'end_time': 0}}}}
Task received at worker: [{"worker_id": 2, "job_id": "0", "task_family": "reduce", "task": {"task_id": "0_R1", "duration": 5}}]
{'worker_id': 2, 'job_id': '0', 'task_family': 'reduce', 'task': {'task_id': '0_R1', 'duration': 5, 'start_time': 1607030055.9207683, 'end_time': 0}}
{'0': {'0_R0': {'worker_id': 2, 'job_id': '0', 'task_family': 'reduce', 'task': {'task_id': '0_R0', 'duration': 5, 'start_time': 1607030055.8489406, 'end_time': 0}}, '0_R1': {'worker_id': 2, 'job_id': '0', 'task_family': 'reduce', 'task': {'task_id': '0_R1', 'duration': 5, 'start_time': 1607030055.9207683, 'end_time': 0}}}}
<class 'int'>
5
<class 'int'>
5
<class 'int'>
4
<class 'int'>
4
<class 'int'>
3
<class 'int'>
3
<class 'int'>
2
<class 'int'>
2
<class 'int'>
1
<class 'int'>
1
INFO: The task execution pool is empty!
Task sent: {"worker_id": 2, "job_id": "0", "task_family": "reduce", "task": {"task_id": "0_R0", "start_time": 1607030055.8489406, "end_time": 1607030060.6526875}}!
Task sent: {"worker_id": 2, "job_id": "0", "task_family": "reduce", "task": {"task_id": "0_R1", "start_time": 1607030055.9207683, "end_time": 1607030060.653029}}!
Task received at worker: [{"worker_id": 2, "job_id": "1", "task_family": "map", "task": {"task_id": "1_M0", "duration": 5}}]
{'worker_id': 2, 'job_id': '1', 'task_family': 'map', 'task': {'task_id': '1_M0', 'duration': 5, 'start_time': 1607030060.8582006, 'end_time': 0}}
{'1': {'1_M0': {'worker_id': 2, 'job_id': '1', 'task_family': 'map', 'task': {'task_id': '1_M0', 'duration': 5, 'start_time': 1607030060.8582006, 'end_time': 0}}}}
Task received at worker: [{"worker_id": 2, "job_id": "1", "task_family": "map", "task": {"task_id": "1_M1", "duration": 5}}]
{'worker_id': 2, 'job_id': '1', 'task_family': 'map', 'task': {'task_id': '1_M1', 'duration': 5, 'start_time': 1607030060.9961402, 'end_time': 0}}
{'1': {'1_M0': {'worker_id': 2, 'job_id': '1', 'task_family': 'map', 'task': {'task_id': '1_M0', 'duration': 5, 'start_time': 1607030060.8582006, 'end_time': 0}}, '1_M1': {'worker_id': 2, 'job_id': '1', 'task_family': 'map', 'task': {'task_id': '1_M1', 'duration': 5, 'start_time': 1607030060.9961402, 'end_time': 0}}}}
Task received at worker: [{"worker_id": 2, "job_id": "1", "task_family": "map", "task": {"task_id": "1_M3", "duration": 5}}]
{'worker_id': 2, 'job_id': '1', 'task_family': 'map', 'task': {'task_id': '1_M3', 'duration': 5, 'start_time': 1607030061.2254293, 'end_time': 0}}
{'1': {'1_M0': {'worker_id': 2, 'job_id': '1', 'task_family': 'map', 'task': {'task_id': '1_M0', 'duration': 5, 'start_time': 1607030060.8582006, 'end_time': 0}}, '1_M1': {'worker_id': 2, 'job_id': '1', 'task_family': 'map', 'task': {'task_id': '1_M1', 'duration': 5, 'start_time': 1607030060.9961402, 'end_time': 0}}, '1_M3': {'worker_id': 2, 'job_id': '1', 'task_family': 'map', 'task': {'task_id': '1_M3', 'duration': 5, 'start_time': 1607030061.2254293, 'end_time': 0}}}}
Task received at worker: [{"worker_id": 2, "job_id": "1", "task_family": "map", "task": {"task_id": "1_M5", "duration": 5}}]
{'worker_id': 2, 'job_id': '1', 'task_family': 'map', 'task': {'task_id': '1_M5', 'duration': 5, 'start_time': 1607030061.4719806, 'end_time': 0}}
{'1': {'1_M0': {'worker_id': 2, 'job_id': '1', 'task_family': 'map', 'task': {'task_id': '1_M0', 'duration': 5, 'start_time': 1607030060.8582006, 'end_time': 0}}, '1_M1': {'worker_id': 2, 'job_id': '1', 'task_family': 'map', 'task': {'task_id': '1_M1', 'duration': 5, 'start_time': 1607030060.9961402, 'end_time': 0}}, '1_M3': {'worker_id': 2, 'job_id': '1', 'task_family': 'map', 'task': {'task_id': '1_M3', 'duration': 5, 'start_time': 1607030061.2254293, 'end_time': 0}}, '1_M5': {'worker_id': 2, 'job_id': '1', 'task_family': 'map', 'task': {'task_id': '1_M5', 'duration': 5, 'start_time': 1607030061.4719806, 'end_time': 0}}}}
Task received at worker: [{"worker_id": 2, "job_id": "1", "task_family": "map", "task": {"task_id": "1_M7", "duration": 5}}]
{'worker_id': 2, 'job_id': '1', 'task_family': 'map', 'task': {'task_id': '1_M7', 'duration': 5, 'start_time': 1607030061.5997753, 'end_time': 0}}
{'1': {'1_M0': {'worker_id': 2, 'job_id': '1', 'task_family': 'map', 'task': {'task_id': '1_M0', 'duration': 5, 'start_time': 1607030060.8582006, 'end_time': 0}}, '1_M1': {'worker_id': 2, 'job_id': '1', 'task_family': 'map', 'task': {'task_id': '1_M1', 'duration': 5, 'start_time': 1607030060.9961402, 'end_time': 0}}, '1_M3': {'worker_id': 2, 'job_id': '1', 'task_family': 'map', 'task': {'task_id': '1_M3', 'duration': 5, 'start_time': 1607030061.2254293, 'end_time': 0}}, '1_M5': {'worker_id': 2, 'job_id': '1', 'task_family': 'map', 'task': {'task_id': '1_M5', 'duration': 5, 'start_time': 1607030061.4719806, 'end_time': 0}}, '1_M7': {'worker_id': 2, 'job_id': '1', 'task_family': 'map', 'task': {'task_id': '1_M7', 'duration': 5, 'start_time': 1607030061.5997753, 'end_time': 0}}}}
<class 'int'>
5
<class 'int'>
5
<class 'int'>
5
<class 'int'>
5
<class 'int'>
5
<class 'int'>
4
<class 'int'>
4
<class 'int'>
4
<class 'int'>
4
<class 'int'>
4
<class 'int'>
3
<class 'int'>
3
<class 'int'>
3
<class 'int'>
3
<class 'int'>
3
<class 'int'>
2
<class 'int'>
2
<class 'int'>
2
<class 'int'>
2
<class 'int'>
2
<class 'int'>
1
<class 'int'>
1
<class 'int'>
1
<class 'int'>
1
<class 'int'>
1
INFO: The task execution pool is empty!
Task sent: {"worker_id": 2, "job_id": "1", "task_family": "map", "task": {"task_id": "1_M0", "start_time": 1607030060.8582006, "end_time": 1607030066.2610517}}!
Task sent: {"worker_id": 2, "job_id": "1", "task_family": "map", "task": {"task_id": "1_M1", "start_time": 1607030060.9961402, "end_time": 1607030066.2612386}}!
Task sent: {"worker_id": 2, "job_id": "1", "task_family": "map", "task": {"task_id": "1_M3", "start_time": 1607030061.2254293, "end_time": 1607030066.2614176}}!
Task sent: {"worker_id": 2, "job_id": "1", "task_family": "map", "task": {"task_id": "1_M5", "start_time": 1607030061.4719806, "end_time": 1607030066.2615592}}!
Task sent: {"worker_id": 2, "job_id": "1", "task_family": "map", "task": {"task_id": "1_M7", "start_time": 1607030061.5997753, "end_time": 1607030066.2616935}}!
Task received at worker: [{"worker_id": 2, "job_id": "1", "task_family": "reduce", "task": {"task_id": "1_R0", "duration": 5}}]
{'worker_id': 2, 'job_id': '1', 'task_family': 'reduce', 'task': {'task_id': '1_R0', 'duration': 5, 'start_time': 1607030066.727081, 'end_time': 0}}
{'1': {'1_R0': {'worker_id': 2, 'job_id': '1', 'task_family': 'reduce', 'task': {'task_id': '1_R0', 'duration': 5, 'start_time': 1607030066.727081, 'end_time': 0}}}}
Task received at worker: [{"worker_id": 2, "job_id": "1", "task_family": "reduce", "task": {"task_id": "1_R1", "duration": 5}}]
{'worker_id': 2, 'job_id': '1', 'task_family': 'reduce', 'task': {'task_id': '1_R1', 'duration': 5, 'start_time': 1607030066.793916, 'end_time': 0}}
{'1': {'1_R0': {'worker_id': 2, 'job_id': '1', 'task_family': 'reduce', 'task': {'task_id': '1_R0', 'duration': 5, 'start_time': 1607030066.727081, 'end_time': 0}}, '1_R1': {'worker_id': 2, 'job_id': '1', 'task_family': 'reduce', 'task': {'task_id': '1_R1', 'duration': 5, 'start_time': 1607030066.793916, 'end_time': 0}}}}
<class 'int'>
5
<class 'int'>
5
<class 'int'>
4
<class 'int'>
4
<class 'int'>
3
<class 'int'>
3
<class 'int'>
2
<class 'int'>
2
<class 'int'>
1
<class 'int'>
1
INFO: The task execution pool is empty!
Task sent: {"worker_id": 2, "job_id": "1", "task_family": "reduce", "task": {"task_id": "1_R0", "start_time": 1607030066.727081, "end_time": 1607030071.5577345}}!
Task sent: {"worker_id": 2, "job_id": "1", "task_family": "reduce", "task": {"task_id": "1_R1", "start_time": 1607030066.793916, "end_time": 1607030071.557996}}!
Task received at worker: [{"worker_id": 2, "job_id": "2", "task_family": "map", "task": {"task_id": "2_M0", "duration": 5}}]
{'worker_id': 2, 'job_id': '2', 'task_family': 'map', 'task': {'task_id': '2_M0', 'duration': 5, 'start_time': 1607030072.027942, 'end_time': 0}}
{'2': {'2_M0': {'worker_id': 2, 'job_id': '2', 'task_family': 'map', 'task': {'task_id': '2_M0', 'duration': 5, 'start_time': 1607030072.027942, 'end_time': 0}}}}
Task received at worker: [{"worker_id": 2, "job_id": "2", "task_family": "map", "task": {"task_id": "2_M1", "duration": 5}},{"worker_id": 2, "job_id": "2", "task_family": "map", "task": {"task_id": "2_M3", "duration": 5}}]
{'worker_id': 2, 'job_id': '2', 'task_family': 'map', 'task': {'task_id': '2_M1', 'duration': 5, 'start_time': 1607030072.079701, 'end_time': 0}}
{'worker_id': 2, 'job_id': '2', 'task_family': 'map', 'task': {'task_id': '2_M3', 'duration': 5, 'start_time': 1607030072.0848563, 'end_time': 0}}
{'2': {'2_M0': {'worker_id': 2, 'job_id': '2', 'task_family': 'map', 'task': {'task_id': '2_M0', 'duration': 5, 'start_time': 1607030072.027942, 'end_time': 0}}, '2_M1': {'worker_id': 2, 'job_id': '2', 'task_family': 'map', 'task': {'task_id': '2_M1', 'duration': 5, 'start_time': 1607030072.079701, 'end_time': 0}}, '2_M3': {'worker_id': 2, 'job_id': '2', 'task_family': 'map', 'task': {'task_id': '2_M3', 'duration': 5, 'start_time': 1607030072.0848563, 'end_time': 0}}}}
Task received at worker: [{"worker_id": 2, "job_id": "2", "task_family": "map", "task": {"task_id": "2_M5", "duration": 5}}]
{'worker_id': 2, 'job_id': '2', 'task_family': 'map', 'task': {'task_id': '2_M5', 'duration': 5, 'start_time': 1607030072.3611646, 'end_time': 0}}
{'2': {'2_M0': {'worker_id': 2, 'job_id': '2', 'task_family': 'map', 'task': {'task_id': '2_M0', 'duration': 5, 'start_time': 1607030072.027942, 'end_time': 0}}, '2_M1': {'worker_id': 2, 'job_id': '2', 'task_family': 'map', 'task': {'task_id': '2_M1', 'duration': 5, 'start_time': 1607030072.079701, 'end_time': 0}}, '2_M3': {'worker_id': 2, 'job_id': '2', 'task_family': 'map', 'task': {'task_id': '2_M3', 'duration': 5, 'start_time': 1607030072.0848563, 'end_time': 0}}, '2_M5': {'worker_id': 2, 'job_id': '2', 'task_family': 'map', 'task': {'task_id': '2_M5', 'duration': 5, 'start_time': 1607030072.3611646, 'end_time': 0}}}}
Task received at worker: [{"worker_id": 2, "job_id": "2", "task_family": "map", "task": {"task_id": "2_M7", "duration": 5}}]
{'worker_id': 2, 'job_id': '2', 'task_family': 'map', 'task': {'task_id': '2_M7', 'duration': 5, 'start_time': 1607030072.4332106, 'end_time': 0}}
{'2': {'2_M0': {'worker_id': 2, 'job_id': '2', 'task_family': 'map', 'task': {'task_id': '2_M0', 'duration': 5, 'start_time': 1607030072.027942, 'end_time': 0}}, '2_M1': {'worker_id': 2, 'job_id': '2', 'task_family': 'map', 'task': {'task_id': '2_M1', 'duration': 5, 'start_time': 1607030072.079701, 'end_time': 0}}, '2_M3': {'worker_id': 2, 'job_id': '2', 'task_family': 'map', 'task': {'task_id': '2_M3', 'duration': 5, 'start_time': 1607030072.0848563, 'end_time': 0}}, '2_M5': {'worker_id': 2, 'job_id': '2', 'task_family': 'map', 'task': {'task_id': '2_M5', 'duration': 5, 'start_time': 1607030072.3611646, 'end_time': 0}}, '2_M7': {'worker_id': 2, 'job_id': '2', 'task_family': 'map', 'task': {'task_id': '2_M7', 'duration': 5, 'start_time': 1607030072.4332106, 'end_time': 0}}}}
<class 'int'>
5
<class 'int'>
5
<class 'int'>
5
<class 'int'>
5
<class 'int'>
5
<class 'int'>
4
<class 'int'>
4
<class 'int'>
4
<class 'int'>
4
<class 'int'>
4
<class 'int'>
3
<class 'int'>
3
<class 'int'>
3
<class 'int'>
3
<class 'int'>
3
<class 'int'>
2
<class 'int'>
2
<class 'int'>
2
<class 'int'>
2
<class 'int'>
2
<class 'int'>
1
<class 'int'>
1
<class 'int'>
1
<class 'int'>
1
<class 'int'>
1
INFO: The task execution pool is empty!
Task sent: {"worker_id": 2, "job_id": "2", "task_family": "map", "task": {"task_id": "2_M0", "start_time": 1607030072.027942, "end_time": 1607030077.2571933}}!
Task sent: {"worker_id": 2, "job_id": "2", "task_family": "map", "task": {"task_id": "2_M1", "start_time": 1607030072.079701, "end_time": 1607030077.2575169}}!
Task sent: {"worker_id": 2, "job_id": "2", "task_family": "map", "task": {"task_id": "2_M3", "start_time": 1607030072.0848563, "end_time": 1607030077.2577987}}!
Task sent: {"worker_id": 2, "job_id": "2", "task_family": "map", "task": {"task_id": "2_M5", "start_time": 1607030072.3611646, "end_time": 1607030077.2579277}}!
Task sent: {"worker_id": 2, "job_id": "2", "task_family": "map", "task": {"task_id": "2_M7", "start_time": 1607030072.4332106, "end_time": 1607030077.2580283}}!
Task received at worker: [{"worker_id": 2, "job_id": "2", "task_family": "reduce", "task": {"task_id": "2_R0", "duration": 5}}]
{'worker_id': 2, 'job_id': '2', 'task_family': 'reduce', 'task': {'task_id': '2_R0', 'duration': 5, 'start_time': 1607030077.7384741, 'end_time': 0}}
{'2': {'2_R0': {'worker_id': 2, 'job_id': '2', 'task_family': 'reduce', 'task': {'task_id': '2_R0', 'duration': 5, 'start_time': 1607030077.7384741, 'end_time': 0}}}}
Task received at worker: [{"worker_id": 2, "job_id": "2", "task_family": "reduce", "task": {"task_id": "2_R1", "duration": 5}}]
{'worker_id': 2, 'job_id': '2', 'task_family': 'reduce', 'task': {'task_id': '2_R1', 'duration': 5, 'start_time': 1607030077.820653, 'end_time': 0}}
{'2': {'2_R0': {'worker_id': 2, 'job_id': '2', 'task_family': 'reduce', 'task': {'task_id': '2_R0', 'duration': 5, 'start_time': 1607030077.7384741, 'end_time': 0}}, '2_R1': {'worker_id': 2, 'job_id': '2', 'task_family': 'reduce', 'task': {'task_id': '2_R1', 'duration': 5, 'start_time': 1607030077.820653, 'end_time': 0}}}}
<class 'int'>
5
<class 'int'>
5
<class 'int'>
4
<class 'int'>
4
<class 'int'>
3
<class 'int'>
3
<class 'int'>
2
<class 'int'>
2
<class 'int'>
1
<class 'int'>
1
INFO: The task execution pool is empty!
Task sent: {"worker_id": 2, "job_id": "2", "task_family": "reduce", "task": {"task_id": "2_R0", "start_time": 1607030077.7384741, "end_time": 1607030082.4576628}}!
Task sent: {"worker_id": 2, "job_id": "2", "task_family": "reduce", "task": {"task_id": "2_R1", "start_time": 1607030077.820653, "end_time": 1607030082.4577832}}!
Task received at worker: [{"worker_id": 2, "job_id": "3", "task_family": "map", "task": {"task_id": "3_M0", "duration": 5}}]
{'worker_id': 2, 'job_id': '3', 'task_family': 'map', 'task': {'task_id': '3_M0', 'duration': 5, 'start_time': 1607030082.8565116, 'end_time': 0}}
{'3': {'3_M0': {'worker_id': 2, 'job_id': '3', 'task_family': 'map', 'task': {'task_id': '3_M0', 'duration': 5, 'start_time': 1607030082.8565116, 'end_time': 0}}}}
Task received at worker: [{"worker_id": 2, "job_id": "3", "task_family": "map", "task": {"task_id": "3_M1", "duration": 5}},{"worker_id": 2, "job_id": "3", "task_family": "map", "task": {"task_id": "3_M3", "duration": 5}}]
{'worker_id': 2, 'job_id': '3', 'task_family': 'map', 'task': {'task_id': '3_M1', 'duration': 5, 'start_time': 1607030083.0512254, 'end_time': 0}}
{'worker_id': 2, 'job_id': '3', 'task_family': 'map', 'task': {'task_id': '3_M3', 'duration': 5, 'start_time': 1607030083.0563395, 'end_time': 0}}
{'3': {'3_M0': {'worker_id': 2, 'job_id': '3', 'task_family': 'map', 'task': {'task_id': '3_M0', 'duration': 5, 'start_time': 1607030082.8565116, 'end_time': 0}}, '3_M1': {'worker_id': 2, 'job_id': '3', 'task_family': 'map', 'task': {'task_id': '3_M1', 'duration': 5, 'start_time': 1607030083.0512254, 'end_time': 0}}, '3_M3': {'worker_id': 2, 'job_id': '3', 'task_family': 'map', 'task': {'task_id': '3_M3', 'duration': 5, 'start_time': 1607030083.0563395, 'end_time': 0}}}}
Task received at worker: [{"worker_id": 2, "job_id": "3", "task_family": "map", "task": {"task_id": "3_M5", "duration": 5}}]
{'worker_id': 2, 'job_id': '3', 'task_family': 'map', 'task': {'task_id': '3_M5', 'duration': 5, 'start_time': 1607030083.0976756, 'end_time': 0}}
{'3': {'3_M0': {'worker_id': 2, 'job_id': '3', 'task_family': 'map', 'task': {'task_id': '3_M0', 'duration': 5, 'start_time': 1607030082.8565116, 'end_time': 0}}, '3_M1': {'worker_id': 2, 'job_id': '3', 'task_family': 'map', 'task': {'task_id': '3_M1', 'duration': 5, 'start_time': 1607030083.0512254, 'end_time': 0}}, '3_M3': {'worker_id': 2, 'job_id': '3', 'task_family': 'map', 'task': {'task_id': '3_M3', 'duration': 5, 'start_time': 1607030083.0563395, 'end_time': 0}}, '3_M5': {'worker_id': 2, 'job_id': '3', 'task_family': 'map', 'task': {'task_id': '3_M5', 'duration': 5, 'start_time': 1607030083.0976756, 'end_time': 0}}}}
Task received at worker: [{"worker_id": 2, "job_id": "3", "task_family": "map", "task": {"task_id": "3_M7", "duration": 5}}]
{'worker_id': 2, 'job_id': '3', 'task_family': 'map', 'task': {'task_id': '3_M7', 'duration': 5, 'start_time': 1607030083.4302957, 'end_time': 0}}
{'3': {'3_M0': {'worker_id': 2, 'job_id': '3', 'task_family': 'map', 'task': {'task_id': '3_M0', 'duration': 5, 'start_time': 1607030082.8565116, 'end_time': 0}}, '3_M1': {'worker_id': 2, 'job_id': '3', 'task_family': 'map', 'task': {'task_id': '3_M1', 'duration': 5, 'start_time': 1607030083.0512254, 'end_time': 0}}, '3_M3': {'worker_id': 2, 'job_id': '3', 'task_family': 'map', 'task': {'task_id': '3_M3', 'duration': 5, 'start_time': 1607030083.0563395, 'end_time': 0}}, '3_M5': {'worker_id': 2, 'job_id': '3', 'task_family': 'map', 'task': {'task_id': '3_M5', 'duration': 5, 'start_time': 1607030083.0976756, 'end_time': 0}}, '3_M7': {'worker_id': 2, 'job_id': '3', 'task_family': 'map', 'task': {'task_id': '3_M7', 'duration': 5, 'start_time': 1607030083.4302957, 'end_time': 0}}}}
<class 'int'>
5
<class 'int'>
5
<class 'int'>
5
<class 'int'>
5
<class 'int'>
5
<class 'int'>
4
<class 'int'>
4
<class 'int'>
4
<class 'int'>
4
<class 'int'>
4
<class 'int'>
3
<class 'int'>
3
<class 'int'>
3
<class 'int'>
3
<class 'int'>
3
<class 'int'>
2
<class 'int'>
2
<class 'int'>
2
<class 'int'>
2
<class 'int'>
2
<class 'int'>
1
<class 'int'>
1
<class 'int'>
1
<class 'int'>
1
<class 'int'>
1
INFO: The task execution pool is empty!
Task sent: {"worker_id": 2, "job_id": "3", "task_family": "map", "task": {"task_id": "3_M0", "start_time": 1607030082.8565116, "end_time": 1607030088.0563796}}!
Task sent: {"worker_id": 2, "job_id": "3", "task_family": "map", "task": {"task_id": "3_M1", "start_time": 1607030083.0512254, "end_time": 1607030088.0567877}}!
Task sent: {"worker_id": 2, "job_id": "3", "task_family": "map", "task": {"task_id": "3_M3", "start_time": 1607030083.0563395, "end_time": 1607030088.0569155}}!
Task sent: {"worker_id": 2, "job_id": "3", "task_family": "map", "task": {"task_id": "3_M5", "start_time": 1607030083.0976756, "end_time": 1607030088.0569942}}!
Task sent: {"worker_id": 2, "job_id": "3", "task_family": "map", "task": {"task_id": "3_M7", "start_time": 1607030083.4302957, "end_time": 1607030088.0571353}}!
Task received at worker: [{"worker_id": 2, "job_id": "3", "task_family": "reduce", "task": {"task_id": "3_R0", "duration": 5}}]
{'worker_id': 2, 'job_id': '3', 'task_family': 'reduce', 'task': {'task_id': '3_R0', 'duration': 5, 'start_time': 1607030088.8034253, 'end_time': 0}}
{'3': {'3_R0': {'worker_id': 2, 'job_id': '3', 'task_family': 'reduce', 'task': {'task_id': '3_R0', 'duration': 5, 'start_time': 1607030088.8034253, 'end_time': 0}}}}
<class 'int'>
5
Task received at worker: [{"worker_id": 2, "job_id": "3", "task_family": "reduce", "task": {"task_id": "3_R1", "duration": 5}}]
{'worker_id': 2, 'job_id': '3', 'task_family': 'reduce', 'task': {'task_id': '3_R1', 'duration': 5, 'start_time': 1607030089.182187, 'end_time': 0}}
{'3': {'3_R0': {'worker_id': 2, 'job_id': '3', 'task_family': 'reduce', 'task': {'task_id': '3_R0', 'duration': 4, 'start_time': 1607030088.8034253, 'end_time': 0}}, '3_R1': {'worker_id': 2, 'job_id': '3', 'task_family': 'reduce', 'task': {'task_id': '3_R1', 'duration': 5, 'start_time': 1607030089.182187, 'end_time': 0}}}}
<class 'int'>
4
<class 'int'>
5
<class 'int'>
3
<class 'int'>
4
<class 'int'>
2
<class 'int'>
3
<class 'int'>
1
<class 'int'>
2
Task sent: {"worker_id": 2, "job_id": "3", "task_family": "reduce", "task": {"task_id": "3_R0", "start_time": 1607030088.8034253, "end_time": 1607030093.398029}}!
<class 'int'>
1
INFO: The task execution pool is empty!
Task sent: {"worker_id": 2, "job_id": "3", "task_family": "reduce", "task": {"task_id": "3_R1", "start_time": 1607030089.182187, "end_time": 1607030094.4390936}}!
Task received at worker: [{"worker_id": 2, "job_id": "4", "task_family": "map", "task": {"task_id": "4_M0", "duration": 5}}]
{'worker_id': 2, 'job_id': '4', 'task_family': 'map', 'task': {'task_id': '4_M0', 'duration': 5, 'start_time': 1607030094.7408621, 'end_time': 0}}
{'4': {'4_M0': {'worker_id': 2, 'job_id': '4', 'task_family': 'map', 'task': {'task_id': '4_M0', 'duration': 5, 'start_time': 1607030094.7408621, 'end_time': 0}}}}
Task received at worker: [{"worker_id": 2, "job_id": "4", "task_family": "map", "task": {"task_id": "4_M1", "duration": 5}}]
{'worker_id': 2, 'job_id': '4', 'task_family': 'map', 'task': {'task_id': '4_M1', 'duration': 5, 'start_time': 1607030094.7872667, 'end_time': 0}}
{'4': {'4_M0': {'worker_id': 2, 'job_id': '4', 'task_family': 'map', 'task': {'task_id': '4_M0', 'duration': 5, 'start_time': 1607030094.7408621, 'end_time': 0}}, '4_M1': {'worker_id': 2, 'job_id': '4', 'task_family': 'map', 'task': {'task_id': '4_M1', 'duration': 5, 'start_time': 1607030094.7872667, 'end_time': 0}}}}
Task received at worker: [{"worker_id": 2, "job_id": "4", "task_family": "map", "task": {"task_id": "4_M3", "duration": 5}}]
{'worker_id': 2, 'job_id': '4', 'task_family': 'map', 'task': {'task_id': '4_M3', 'duration': 5, 'start_time': 1607030095.1751523, 'end_time': 0}}
{'4': {'4_M0': {'worker_id': 2, 'job_id': '4', 'task_family': 'map', 'task': {'task_id': '4_M0', 'duration': 5, 'start_time': 1607030094.7408621, 'end_time': 0}}, '4_M1': {'worker_id': 2, 'job_id': '4', 'task_family': 'map', 'task': {'task_id': '4_M1', 'duration': 5, 'start_time': 1607030094.7872667, 'end_time': 0}}, '4_M3': {'worker_id': 2, 'job_id': '4', 'task_family': 'map', 'task': {'task_id': '4_M3', 'duration': 5, 'start_time': 1607030095.1751523, 'end_time': 0}}}}
Task received at worker: [{"worker_id": 2, "job_id": "4", "task_family": "map", "task": {"task_id": "4_M5", "duration": 5}},{"worker_id": 2, "job_id": "4", "task_family": "map", "task": {"task_id": "4_M7", "duration": 5}}]
{'worker_id': 2, 'job_id': '4', 'task_family': 'map', 'task': {'task_id': '4_M5', 'duration': 5, 'start_time': 1607030095.208295, 'end_time': 0}}
{'worker_id': 2, 'job_id': '4', 'task_family': 'map', 'task': {'task_id': '4_M7', 'duration': 5, 'start_time': 1607030095.2134607, 'end_time': 0}}
{'4': {'4_M0': {'worker_id': 2, 'job_id': '4', 'task_family': 'map', 'task': {'task_id': '4_M0', 'duration': 5, 'start_time': 1607030094.7408621, 'end_time': 0}}, '4_M1': {'worker_id': 2, 'job_id': '4', 'task_family': 'map', 'task': {'task_id': '4_M1', 'duration': 5, 'start_time': 1607030094.7872667, 'end_time': 0}}, '4_M3': {'worker_id': 2, 'job_id': '4', 'task_family': 'map', 'task': {'task_id': '4_M3', 'duration': 5, 'start_time': 1607030095.1751523, 'end_time': 0}}, '4_M5': {'worker_id': 2, 'job_id': '4', 'task_family': 'map', 'task': {'task_id': '4_M5', 'duration': 5, 'start_time': 1607030095.208295, 'end_time': 0}}, '4_M7': {'worker_id': 2, 'job_id': '4', 'task_family': 'map', 'task': {'task_id': '4_M7', 'duration': 5, 'start_time': 1607030095.2134607, 'end_time': 0}}}}
<class 'int'>
5
<class 'int'>
5
<class 'int'>
5
<class 'int'>
5
<class 'int'>
5
<class 'int'>
4
<class 'int'>
4
<class 'int'>
4
<class 'int'>
4
<class 'int'>
4
<class 'int'>
3
<class 'int'>
3
<class 'int'>
3
<class 'int'>
3
<class 'int'>
3
<class 'int'>
2
<class 'int'>
2
<class 'int'>
2
<class 'int'>
2
<class 'int'>
2
<class 'int'>
1
<class 'int'>
1
<class 'int'>
1
<class 'int'>
1
<class 'int'>
1
Task sent: {"worker_id": 2, "job_id": "4", "task_family": "map", "task": {"task_id": "4_M0", "start_time": 1607030094.7408621, "end_time": 1607030100.3276494}}!
INFO: The task execution pool is empty!
Task sent: {"worker_id": 2, "job_id": "4", "task_family": "map", "task": {"task_id": "4_M1", "start_time": 1607030094.7872667, "end_time": 1607030100.3279605}}!
Task sent: {"worker_id": 2, "job_id": "4", "task_family": "map", "task": {"task_id": "4_M3", "start_time": 1607030095.1751523, "end_time": 1607030100.3281012}}!
Task sent: {"worker_id": 2, "job_id": "4", "task_family": "map", "task": {"task_id": "4_M5", "start_time": 1607030095.208295, "end_time": 1607030100.328272}}!
Task sent: {"worker_id": 2, "job_id": "4", "task_family": "map", "task": {"task_id": "4_M7", "start_time": 1607030095.2134607, "end_time": 1607030100.3283796}}!
Task received at worker: [{"worker_id": 2, "job_id": "4", "task_family": "reduce", "task": {"task_id": "4_R0", "duration": 5}}]
{'worker_id': 2, 'job_id': '4', 'task_family': 'reduce', 'task': {'task_id': '4_R0', 'duration': 5, 'start_time': 1607030100.6191864, 'end_time': 0}}
{'4': {'4_R0': {'worker_id': 2, 'job_id': '4', 'task_family': 'reduce', 'task': {'task_id': '4_R0', 'duration': 5, 'start_time': 1607030100.6191864, 'end_time': 0}}}}
Task received at worker: [{"worker_id": 2, "job_id": "4", "task_family": "reduce", "task": {"task_id": "4_R1", "duration": 5}}]
{'worker_id': 2, 'job_id': '4', 'task_family': 'reduce', 'task': {'task_id': '4_R1', 'duration': 5, 'start_time': 1607030100.759693, 'end_time': 0}}
{'4': {'4_R0': {'worker_id': 2, 'job_id': '4', 'task_family': 'reduce', 'task': {'task_id': '4_R0', 'duration': 5, 'start_time': 1607030100.6191864, 'end_time': 0}}, '4_R1': {'worker_id': 2, 'job_id': '4', 'task_family': 'reduce', 'task': {'task_id': '4_R1', 'duration': 5, 'start_time': 1607030100.759693, 'end_time': 0}}}}
<class 'int'>
5
<class 'int'>
5
<class 'int'>
4
<class 'int'>
4
<class 'int'>
3
<class 'int'>
3
<class 'int'>
2
<class 'int'>
2
<class 'int'>
1
<class 'int'>
1
INFO: The task execution pool is empty!
Task sent: {"worker_id": 2, "job_id": "4", "task_family": "reduce", "task": {"task_id": "4_R0", "start_time": 1607030100.6191864, "end_time": 1607030105.7909296}}!
Task sent: {"worker_id": 2, "job_id": "4", "task_family": "reduce", "task": {"task_id": "4_R1", "start_time": 1607030100.759693, "end_time": 1607030105.7911735}}!


