3 generated the key b'rP-D8c-hBRemBCOQl6gqCzfZ-5MUiUeSe2hEOt8AxM8='
Sleeping for 1.5s
INFO: The task execution pool is empty!
INFO: Created the Task Execution Pool Poller thread!
Task received at worker: [{"worker_id": 3, "job_id": "1", "task_family": "map", "task": {"task_id": "1_M0", "duration": 200}}]
{'worker_id': 3, 'job_id': '1', 'task_family': 'map', 'task': {'task_id': '1_M0', 'duration': 200, 'start_time': 1607180897.1949112, 'end_time': 0}}
{'1': {'1_M0': {'worker_id': 3, 'job_id': '1', 'task_family': 'map', 'task': {'task_id': '1_M0', 'duration': 200, 'start_time': 1607180897.1949112, 'end_time': 0}}}}
Task received at worker: [{"worker_id": 3, "job_id": "2", "task_family": "map", "task": {"task_id": "2_M1", "duration": 200}}]
{'worker_id': 3, 'job_id': '2', 'task_family': 'map', 'task': {'task_id': '2_M1', 'duration': 200, 'start_time': 1607180902.2312012, 'end_time': 0}}
{'1': {'1_M0': {'worker_id': 3, 'job_id': '1', 'task_family': 'map', 'task': {'task_id': '1_M0', 'duration': 200, 'start_time': 1607180897.1949112, 'end_time': 0}}}, '2': {'2_M1': {'worker_id': 3, 'job_id': '2', 'task_family': 'map', 'task': {'task_id': '2_M1', 'duration': 200, 'start_time': 1607180902.2312012, 'end_time': 0}}}}
Task received at worker: [{"worker_id": 3, "job_id": "4", "task_family": "map", "task": {"task_id": "4_M0", "duration": 200}}]
{'worker_id': 3, 'job_id': '4', 'task_family': 'map', 'task': {'task_id': '4_M0', 'duration': 200, 'start_time': 1607180912.2332864, 'end_time': 0}}
{'1': {'1_M0': {'worker_id': 3, 'job_id': '1', 'task_family': 'map', 'task': {'task_id': '1_M0', 'duration': 200, 'start_time': 1607180897.1949112, 'end_time': 0}}}, '2': {'2_M1': {'worker_id': 3, 'job_id': '2', 'task_family': 'map', 'task': {'task_id': '2_M1', 'duration': 200, 'start_time': 1607180902.2312012, 'end_time': 0}}}, '4': {'4_M0': {'worker_id': 3, 'job_id': '4', 'task_family': 'map', 'task': {'task_id': '4_M0', 'duration': 200, 'start_time': 1607180912.2332864, 'end_time': 0}}}}
Task sent: {"worker_id": 3, "job_id": "1", "task_family": "map", "task": {"task_id": "1_M0", "start_time": 1607180897.1949112, "end_time": 1607181097.1992848}}!
Task received at worker: [{"worker_id": 3, "job_id": "1", "task_family": "reduce", "task": {"task_id": "1_R1", "duration": 200}}]
{'worker_id': 3, 'job_id': '1', 'task_family': 'reduce', 'task': {'task_id': '1_R1', 'duration': 200, 'start_time': 1607181097.2503304, 'end_time': 0}}
{'2': {'2_M1': {'worker_id': 3, 'job_id': '2', 'task_family': 'map', 'task': {'task_id': '2_M1', 'duration': 200, 'start_time': 1607180902.2312012, 'end_time': 0}}}, '4': {'4_M0': {'worker_id': 3, 'job_id': '4', 'task_family': 'map', 'task': {'task_id': '4_M0', 'duration': 200, 'start_time': 1607180912.2332864, 'end_time': 0}}}, '1': {'1_R1': {'worker_id': 3, 'job_id': '1', 'task_family': 'reduce', 'task': {'task_id': '1_R1', 'duration': 200, 'start_time': 1607181097.2503304, 'end_time': 0}}}}
Task sent: {"worker_id": 3, "job_id": "2", "task_family": "map", "task": {"task_id": "2_M1", "start_time": 1607180902.2312012, "end_time": 1607181102.2448866}}!
Task received at worker: [{"worker_id": 3, "job_id": "3", "task_family": "reduce", "task": {"task_id": "3_R0", "duration": 200}}]
{'worker_id': 3, 'job_id': '3', 'task_family': 'reduce', 'task': {'task_id': '3_R0', 'duration': 200, 'start_time': 1607181107.291081, 'end_time': 0}}
{'4': {'4_M0': {'worker_id': 3, 'job_id': '4', 'task_family': 'map', 'task': {'task_id': '4_M0', 'duration': 200, 'start_time': 1607180912.2332864, 'end_time': 0}}}, '1': {'1_R1': {'worker_id': 3, 'job_id': '1', 'task_family': 'reduce', 'task': {'task_id': '1_R1', 'duration': 200, 'start_time': 1607181097.2503304, 'end_time': 0}}}, '3': {'3_R0': {'worker_id': 3, 'job_id': '3', 'task_family': 'reduce', 'task': {'task_id': '3_R0', 'duration': 200, 'start_time': 1607181107.291081, 'end_time': 0}}}}
Task sent: {"worker_id": 3, "job_id": "4", "task_family": "map", "task": {"task_id": "4_M0", "start_time": 1607180912.2332864, "end_time": 1607181112.237724}}!
Task received at worker: [{"worker_id": 3, "job_id": "4", "task_family": "reduce", "task": {"task_id": "4_R1", "duration": 200}}]
{'worker_id': 3, 'job_id': '4', 'task_family': 'reduce', 'task': {'task_id': '4_R1', 'duration': 200, 'start_time': 1607181112.317606, 'end_time': 0}}
{'1': {'1_R1': {'worker_id': 3, 'job_id': '1', 'task_family': 'reduce', 'task': {'task_id': '1_R1', 'duration': 200, 'start_time': 1607181097.2503304, 'end_time': 0}}}, '3': {'3_R0': {'worker_id': 3, 'job_id': '3', 'task_family': 'reduce', 'task': {'task_id': '3_R0', 'duration': 200, 'start_time': 1607181107.291081, 'end_time': 0}}}, '4': {'4_R1': {'worker_id': 3, 'job_id': '4', 'task_family': 'reduce', 'task': {'task_id': '4_R1', 'duration': 200, 'start_time': 1607181112.317606, 'end_time': 0}}}}
Task sent: {"worker_id": 3, "job_id": "1", "task_family": "reduce", "task": {"task_id": "1_R1", "start_time": 1607181097.2503304, "end_time": 1607181297.251234}}!
Task sent: {"worker_id": 3, "job_id": "3", "task_family": "reduce", "task": {"task_id": "3_R0", "start_time": 1607181107.291081, "end_time": 1607181307.2940226}}!
INFO: The task execution pool is empty!
Task sent: {"worker_id": 3, "job_id": "4", "task_family": "reduce", "task": {"task_id": "4_R1", "start_time": 1607181112.317606, "end_time": 1607181312.321095}}!







